mode: set
github.com/wavlake/monorepo/internal/auth/dual.go:23.75,27.2 1 1
github.com/wavlake/monorepo/internal/auth/dual.go:29.59,30.30 1 1
github.com/wavlake/monorepo/internal/auth/dual.go:30.30,33.26 2 1
github.com/wavlake/monorepo/internal/auth/dual.go:33.26,36.4 1 1
github.com/wavlake/monorepo/internal/auth/dual.go:37.3,37.26 1 1
github.com/wavlake/monorepo/internal/auth/dual.go:37.26,41.4 3 1
github.com/wavlake/monorepo/internal/auth/dual.go:43.3,44.17 2 1
github.com/wavlake/monorepo/internal/auth/dual.go:44.17,48.4 3 0
github.com/wavlake/monorepo/internal/auth/dual.go:51.3,52.17 2 0
github.com/wavlake/monorepo/internal/auth/dual.go:52.17,56.4 3 0
github.com/wavlake/monorepo/internal/auth/dual.go:59.3,60.61 2 0
github.com/wavlake/monorepo/internal/auth/dual.go:60.61,62.4 1 0
github.com/wavlake/monorepo/internal/auth/dual.go:63.3,64.11 2 0
github.com/wavlake/monorepo/internal/auth/dual.go:68.83,71.23 2 0
github.com/wavlake/monorepo/internal/auth/dual.go:71.23,74.46 2 0
github.com/wavlake/monorepo/internal/auth/dual.go:74.46,76.4 1 0
github.com/wavlake/monorepo/internal/auth/dual.go:78.2,78.23 1 0
github.com/wavlake/monorepo/internal/auth/dual.go:78.23,80.3 1 0
github.com/wavlake/monorepo/internal/auth/dual.go:82.2,82.47 1 0
github.com/wavlake/monorepo/internal/auth/dual.go:82.47,84.3 1 0
github.com/wavlake/monorepo/internal/auth/dual.go:86.2,88.16 3 0
github.com/wavlake/monorepo/internal/auth/dual.go:88.16,90.3 1 0
github.com/wavlake/monorepo/internal/auth/dual.go:92.2,93.65 2 0
github.com/wavlake/monorepo/internal/auth/dual.go:93.65,95.3 1 0
github.com/wavlake/monorepo/internal/auth/dual.go:97.2,100.25 2 0
github.com/wavlake/monorepo/internal/auth/dual.go:100.25,102.3 1 0
github.com/wavlake/monorepo/internal/auth/dual.go:104.2,106.46 3 0
github.com/wavlake/monorepo/internal/auth/dual.go:106.46,108.3 1 0
github.com/wavlake/monorepo/internal/auth/dual.go:110.2,111.33 2 0
github.com/wavlake/monorepo/internal/auth/dual.go:111.33,112.20 1 0
github.com/wavlake/monorepo/internal/auth/dual.go:112.20,113.18 1 0
github.com/wavlake/monorepo/internal/auth/dual.go:114.13,115.20 1 0
github.com/wavlake/monorepo/internal/auth/dual.go:116.18,117.23 1 0
github.com/wavlake/monorepo/internal/auth/dual.go:122.2,123.18 2 0
github.com/wavlake/monorepo/internal/auth/dual.go:123.18,125.3 1 0
github.com/wavlake/monorepo/internal/auth/dual.go:127.2,127.66 1 0
github.com/wavlake/monorepo/internal/auth/dual.go:127.66,129.3 1 0
github.com/wavlake/monorepo/internal/auth/dual.go:130.2,133.23 3 0
github.com/wavlake/monorepo/internal/auth/dual.go:133.23,135.3 1 0
github.com/wavlake/monorepo/internal/auth/dual.go:137.2,138.27 2 0
github.com/wavlake/monorepo/internal/auth/dual.go:138.27,140.3 1 0
github.com/wavlake/monorepo/internal/auth/dual.go:142.2,143.21 2 0
github.com/wavlake/monorepo/internal/auth/dual.go:143.21,146.3 2 0
github.com/wavlake/monorepo/internal/auth/dual.go:148.2,148.19 1 0
github.com/wavlake/monorepo/internal/auth/firebase.go:16.73,20.2 1 1
github.com/wavlake/monorepo/internal/auth/firebase.go:22.59,23.30 1 1
github.com/wavlake/monorepo/internal/auth/firebase.go:23.30,25.18 2 1
github.com/wavlake/monorepo/internal/auth/firebase.go:25.18,29.4 3 1
github.com/wavlake/monorepo/internal/auth/firebase.go:31.3,32.17 2 1
github.com/wavlake/monorepo/internal/auth/firebase.go:32.17,36.4 3 0
github.com/wavlake/monorepo/internal/auth/firebase.go:39.3,40.62 2 0
github.com/wavlake/monorepo/internal/auth/firebase.go:40.62,42.4 1 0
github.com/wavlake/monorepo/internal/auth/firebase.go:43.3,43.11 1 0
github.com/wavlake/monorepo/internal/auth/firebase.go:47.51,48.22 1 1
github.com/wavlake/monorepo/internal/auth/firebase.go:48.22,50.3 1 1
github.com/wavlake/monorepo/internal/auth/firebase.go:52.2,53.62 2 1
github.com/wavlake/monorepo/internal/auth/firebase.go:53.62,55.3 1 1
github.com/wavlake/monorepo/internal/auth/firebase.go:57.2,57.17 1 1
github.com/wavlake/monorepo/internal/auth/firebase_link_guard.go:21.81,25.2 1 0
github.com/wavlake/monorepo/internal/auth/firebase_link_guard.go:29.58,30.30 1 0
github.com/wavlake/monorepo/internal/auth/firebase_link_guard.go:30.30,33.30 2 0
github.com/wavlake/monorepo/internal/auth/firebase_link_guard.go:33.30,37.4 3 0
github.com/wavlake/monorepo/internal/auth/firebase_link_guard.go:39.3,40.10 2 0
github.com/wavlake/monorepo/internal/auth/firebase_link_guard.go:40.10,44.4 3 0
github.com/wavlake/monorepo/internal/auth/firebase_link_guard.go:47.3,49.17 3 0
github.com/wavlake/monorepo/internal/auth/firebase_link_guard.go:49.17,56.4 4 0
github.com/wavlake/monorepo/internal/auth/firebase_link_guard.go:58.3,58.19 1 0
github.com/wavlake/monorepo/internal/auth/firebase_link_guard.go:58.19,64.4 3 0
github.com/wavlake/monorepo/internal/auth/firebase_link_guard.go:67.3,68.11 2 0
github.com/wavlake/monorepo/internal/auth/firebase_link_guard.go:73.105,79.26 5 0
github.com/wavlake/monorepo/internal/auth/firebase_link_guard.go:79.26,81.3 1 0
github.com/wavlake/monorepo/internal/auth/firebase_link_guard.go:82.2,82.16 1 0
github.com/wavlake/monorepo/internal/auth/firebase_link_guard.go:82.16,84.3 1 0
github.com/wavlake/monorepo/internal/auth/firebase_link_guard.go:86.2,87.42 2 0
github.com/wavlake/monorepo/internal/auth/firebase_link_guard.go:87.42,89.3 1 0
github.com/wavlake/monorepo/internal/auth/firebase_link_guard.go:91.2,91.19 1 0
github.com/wavlake/monorepo/internal/auth/flexible.go:38.118,43.2 1 0
github.com/wavlake/monorepo/internal/auth/flexible.go:46.63,47.30 1 0
github.com/wavlake/monorepo/internal/auth/flexible.go:47.30,49.41 1 0
github.com/wavlake/monorepo/internal/auth/flexible.go:49.41,52.4 2 0
github.com/wavlake/monorepo/internal/auth/flexible.go:55.3,55.61 1 0
github.com/wavlake/monorepo/internal/auth/flexible.go:55.61,61.4 4 0
github.com/wavlake/monorepo/internal/auth/flexible.go:64.3,65.26 2 0
github.com/wavlake/monorepo/internal/auth/flexible.go:65.26,71.4 4 0
github.com/wavlake/monorepo/internal/auth/flexible.go:74.3,77.12 2 0
github.com/wavlake/monorepo/internal/auth/flexible.go:83.73,86.17 2 0
github.com/wavlake/monorepo/internal/auth/flexible.go:86.17,89.3 1 0
github.com/wavlake/monorepo/internal/auth/flexible.go:90.2,90.17 1 0
github.com/wavlake/monorepo/internal/auth/flexible.go:90.17,92.3 1 0
github.com/wavlake/monorepo/internal/auth/flexible.go:95.2,96.16 2 0
github.com/wavlake/monorepo/internal/auth/flexible.go:96.16,99.3 2 0
github.com/wavlake/monorepo/internal/auth/flexible.go:102.2,102.61 1 0
github.com/wavlake/monorepo/internal/auth/flexible.go:102.61,104.3 1 0
github.com/wavlake/monorepo/internal/auth/flexible.go:106.2,106.26 1 0
github.com/wavlake/monorepo/internal/auth/flexible.go:111.79,114.18 2 0
github.com/wavlake/monorepo/internal/auth/flexible.go:114.18,120.3 1 0
github.com/wavlake/monorepo/internal/auth/flexible.go:123.2,125.16 3 0
github.com/wavlake/monorepo/internal/auth/flexible.go:125.16,127.40 2 0
github.com/wavlake/monorepo/internal/auth/flexible.go:127.40,133.4 1 0
github.com/wavlake/monorepo/internal/auth/flexible.go:134.3,138.4 1 0
github.com/wavlake/monorepo/internal/auth/flexible.go:141.2,141.18 1 0
github.com/wavlake/monorepo/internal/auth/flexible.go:141.18,148.3 2 0
github.com/wavlake/monorepo/internal/auth/flexible.go:151.2,159.3 3 0
github.com/wavlake/monorepo/internal/auth/flexible.go:164.81,167.22 2 0
github.com/wavlake/monorepo/internal/auth/flexible.go:167.22,169.3 1 0
github.com/wavlake/monorepo/internal/auth/flexible.go:172.2,172.46 1 0
github.com/wavlake/monorepo/internal/auth/flexible.go:172.46,174.3 1 0
github.com/wavlake/monorepo/internal/auth/flexible.go:177.2,179.16 3 0
github.com/wavlake/monorepo/internal/auth/flexible.go:179.16,182.3 2 0
github.com/wavlake/monorepo/internal/auth/flexible.go:185.2,186.65 2 0
github.com/wavlake/monorepo/internal/auth/flexible.go:186.65,189.3 2 0
github.com/wavlake/monorepo/internal/auth/flexible.go:191.2,194.25 2 0
github.com/wavlake/monorepo/internal/auth/flexible.go:194.25,197.3 2 0
github.com/wavlake/monorepo/internal/auth/flexible.go:200.2,202.46 3 0
github.com/wavlake/monorepo/internal/auth/flexible.go:202.46,205.3 2 0
github.com/wavlake/monorepo/internal/auth/flexible.go:208.2,209.33 2 0
github.com/wavlake/monorepo/internal/auth/flexible.go:209.33,210.20 1 0
github.com/wavlake/monorepo/internal/auth/flexible.go:210.20,211.18 1 0
github.com/wavlake/monorepo/internal/auth/flexible.go:212.13,213.20 1 0
github.com/wavlake/monorepo/internal/auth/flexible.go:214.18,215.23 1 0
github.com/wavlake/monorepo/internal/auth/flexible.go:221.2,222.18 2 0
github.com/wavlake/monorepo/internal/auth/flexible.go:222.18,224.3 1 0
github.com/wavlake/monorepo/internal/auth/flexible.go:226.2,226.66 1 0
github.com/wavlake/monorepo/internal/auth/flexible.go:226.66,228.3 1 0
github.com/wavlake/monorepo/internal/auth/flexible.go:229.2,231.23 2 0
github.com/wavlake/monorepo/internal/auth/flexible.go:231.23,234.3 2 0
github.com/wavlake/monorepo/internal/auth/flexible.go:236.2,236.27 1 0
github.com/wavlake/monorepo/internal/auth/flexible.go:236.27,239.3 2 0
github.com/wavlake/monorepo/internal/auth/flexible.go:242.2,242.21 1 0
github.com/wavlake/monorepo/internal/auth/flexible.go:242.21,245.3 2 0
github.com/wavlake/monorepo/internal/auth/flexible.go:247.2,247.21 1 0
github.com/wavlake/monorepo/internal/auth/flexible.go:251.110,257.26 5 0
github.com/wavlake/monorepo/internal/auth/flexible.go:257.26,259.3 1 0
github.com/wavlake/monorepo/internal/auth/flexible.go:260.2,260.16 1 0
github.com/wavlake/monorepo/internal/auth/flexible.go:260.16,262.3 1 0
github.com/wavlake/monorepo/internal/auth/flexible.go:264.2,265.42 2 0
github.com/wavlake/monorepo/internal/auth/flexible.go:265.42,267.3 1 0
github.com/wavlake/monorepo/internal/auth/flexible.go:269.2,269.19 1 0
github.com/wavlake/monorepo/internal/auth/flexible.go:273.85,279.16 5 0
github.com/wavlake/monorepo/internal/auth/flexible.go:279.16,282.3 2 0
github.com/wavlake/monorepo/internal/auth/flexible.go:284.2,287.16 2 0
github.com/wavlake/monorepo/internal/auth/flexible.go:287.16,289.3 1 0
github.com/wavlake/monorepo/internal/auth/flexible.go:293.43,294.52 1 0
github.com/wavlake/monorepo/internal/auth/flexible.go:294.52,296.3 1 0
github.com/wavlake/monorepo/internal/auth/flexible.go:297.2,297.11 1 0
github.com/wavlake/monorepo/internal/auth/flexible.go:301.42,303.2 1 0
github.com/wavlake/monorepo/internal/auth/flexible.go:306.39,308.2 1 0
github.com/wavlake/monorepo/internal/auth/flexible.go:311.44,312.53 1 0
github.com/wavlake/monorepo/internal/auth/flexible.go:312.53,314.3 1 0
github.com/wavlake/monorepo/internal/auth/flexible.go:315.2,315.11 1 0
github.com/wavlake/monorepo/internal/auth/flexible.go:319.44,320.50 1 0
github.com/wavlake/monorepo/internal/auth/flexible.go:320.50,322.3 1 0
github.com/wavlake/monorepo/internal/auth/flexible.go:323.2,323.11 1 0
github.com/wavlake/monorepo/internal/auth/flexible.go:327.46,328.54 1 0
github.com/wavlake/monorepo/internal/auth/flexible.go:328.54,330.3 1 0
github.com/wavlake/monorepo/internal/auth/flexible.go:331.2,331.11 1 0
github.com/wavlake/monorepo/internal/auth/nip98.go:24.90,26.16 2 1
github.com/wavlake/monorepo/internal/auth/nip98.go:26.16,28.3 1 1
github.com/wavlake/monorepo/internal/auth/nip98.go:30.2,32.8 1 1
github.com/wavlake/monorepo/internal/auth/nip98.go:35.41,37.2 1 0
github.com/wavlake/monorepo/internal/auth/nip98.go:40.89,41.71 1 0
github.com/wavlake/monorepo/internal/auth/nip98.go:41.71,42.33 1 0
github.com/wavlake/monorepo/internal/auth/nip98.go:42.33,45.4 2 0
github.com/wavlake/monorepo/internal/auth/nip98.go:47.3,48.23 2 0
github.com/wavlake/monorepo/internal/auth/nip98.go:48.23,51.4 2 0
github.com/wavlake/monorepo/internal/auth/nip98.go:53.3,53.47 1 0
github.com/wavlake/monorepo/internal/auth/nip98.go:53.47,56.4 2 0
github.com/wavlake/monorepo/internal/auth/nip98.go:58.3,60.17 3 0
github.com/wavlake/monorepo/internal/auth/nip98.go:60.17,63.4 2 0
github.com/wavlake/monorepo/internal/auth/nip98.go:65.3,66.66 2 0
github.com/wavlake/monorepo/internal/auth/nip98.go:66.66,69.4 2 0
github.com/wavlake/monorepo/internal/auth/nip98.go:71.3,73.26 2 0
github.com/wavlake/monorepo/internal/auth/nip98.go:73.26,76.4 2 0
github.com/wavlake/monorepo/internal/auth/nip98.go:78.3,80.47 3 0
github.com/wavlake/monorepo/internal/auth/nip98.go:80.47,83.4 2 0
github.com/wavlake/monorepo/internal/auth/nip98.go:85.3,86.34 2 0
github.com/wavlake/monorepo/internal/auth/nip98.go:86.34,87.21 1 0
github.com/wavlake/monorepo/internal/auth/nip98.go:87.21,88.19 1 0
github.com/wavlake/monorepo/internal/auth/nip98.go:89.14,90.21 1 0
github.com/wavlake/monorepo/internal/auth/nip98.go:91.19,92.24 1 0
github.com/wavlake/monorepo/internal/auth/nip98.go:97.3,98.19 2 0
github.com/wavlake/monorepo/internal/auth/nip98.go:98.19,100.4 1 0
github.com/wavlake/monorepo/internal/auth/nip98.go:102.3,102.67 1 0
github.com/wavlake/monorepo/internal/auth/nip98.go:102.67,104.4 1 0
github.com/wavlake/monorepo/internal/auth/nip98.go:105.3,107.24 2 0
github.com/wavlake/monorepo/internal/auth/nip98.go:107.24,111.4 3 0
github.com/wavlake/monorepo/internal/auth/nip98.go:113.3,113.28 1 0
github.com/wavlake/monorepo/internal/auth/nip98.go:113.28,116.4 2 0
github.com/wavlake/monorepo/internal/auth/nip98.go:118.3,118.22 1 0
github.com/wavlake/monorepo/internal/auth/nip98.go:118.22,121.4 2 0
github.com/wavlake/monorepo/internal/auth/nip98.go:124.3,125.40 2 0
github.com/wavlake/monorepo/internal/auth/nip98.go:130.84,131.71 1 0
github.com/wavlake/monorepo/internal/auth/nip98.go:131.71,134.30 2 0
github.com/wavlake/monorepo/internal/auth/nip98.go:134.30,137.4 2 0
github.com/wavlake/monorepo/internal/auth/nip98.go:139.3,141.17 3 0
github.com/wavlake/monorepo/internal/auth/nip98.go:141.17,145.4 3 0
github.com/wavlake/monorepo/internal/auth/nip98.go:147.3,147.19 1 0
github.com/wavlake/monorepo/internal/auth/nip98.go:147.19,150.4 2 0
github.com/wavlake/monorepo/internal/auth/nip98.go:152.3,156.40 3 0
github.com/wavlake/monorepo/internal/auth/nip98.go:161.70,163.2 1 0
github.com/wavlake/monorepo/internal/auth/nip98.go:165.103,171.26 5 0
github.com/wavlake/monorepo/internal/auth/nip98.go:171.26,173.3 1 0
github.com/wavlake/monorepo/internal/auth/nip98.go:174.2,174.16 1 0
github.com/wavlake/monorepo/internal/auth/nip98.go:174.16,176.3 1 0
github.com/wavlake/monorepo/internal/auth/nip98.go:178.2,179.42 2 0
github.com/wavlake/monorepo/internal/auth/nip98.go:179.42,181.3 1 0
github.com/wavlake/monorepo/internal/auth/nip98.go:183.2,183.19 1 0
github.com/wavlake/monorepo/internal/auth/nip98.go:186.78,192.16 5 0
github.com/wavlake/monorepo/internal/auth/nip98.go:192.16,194.3 1 0
github.com/wavlake/monorepo/internal/auth/nip98.go:196.2,199.16 2 0
github.com/wavlake/monorepo/internal/auth/nip98.go:199.16,201.3 1 0
github.com/wavlake/monorepo/internal/auth/nip98.go:204.71,206.2 1 0
github.com/wavlake/monorepo/internal/config/dev.go:24.32,37.2 1 1
github.com/wavlake/monorepo/internal/config/dev.go:40.33,42.2 1 1
github.com/wavlake/monorepo/internal/config/dev.go:45.46,46.42 1 1
github.com/wavlake/monorepo/internal/config/dev.go:46.42,48.3 1 1
github.com/wavlake/monorepo/internal/config/dev.go:49.2,49.21 1 1
github.com/wavlake/monorepo/internal/config/dev.go:52.53,53.42 1 1
github.com/wavlake/monorepo/internal/config/dev.go:53.42,55.17 2 1
github.com/wavlake/monorepo/internal/config/dev.go:55.17,57.4 1 1
github.com/wavlake/monorepo/internal/config/dev.go:59.3,60.76 2 1
github.com/wavlake/monorepo/internal/config/dev.go:62.2,62.21 1 1
github.com/wavlake/monorepo/internal/config/dev.go:65.50,66.42 1 0
github.com/wavlake/monorepo/internal/config/dev.go:66.42,67.55 1 0
github.com/wavlake/monorepo/internal/config/dev.go:67.55,69.4 1 0
github.com/wavlake/monorepo/internal/config/dev.go:71.2,71.21 1 0
github.com/wavlake/monorepo/internal/config/service_config.go:12.40,14.31 2 1
github.com/wavlake/monorepo/internal/config/service_config.go:14.31,17.3 1 1
github.com/wavlake/monorepo/internal/config/service_config.go:19.2,21.3 1 1
github.com/wavlake/monorepo/internal/handlers/auth.go:17.79,21.2 1 1
github.com/wavlake/monorepo/internal/handlers/auth.go:39.51,42.13 2 1
github.com/wavlake/monorepo/internal/handlers/auth.go:42.13,45.3 2 1
github.com/wavlake/monorepo/internal/handlers/auth.go:47.2,48.13 2 1
github.com/wavlake/monorepo/internal/handlers/auth.go:48.13,51.3 2 1
github.com/wavlake/monorepo/internal/handlers/auth.go:53.2,63.67 8 1
github.com/wavlake/monorepo/internal/handlers/auth.go:63.67,64.27 1 1
github.com/wavlake/monorepo/internal/handlers/auth.go:64.27,67.4 2 1
github.com/wavlake/monorepo/internal/handlers/auth.go:71.2,72.16 2 1
github.com/wavlake/monorepo/internal/handlers/auth.go:72.16,75.3 2 1
github.com/wavlake/monorepo/internal/handlers/auth.go:77.2,85.33 2 1
github.com/wavlake/monorepo/internal/handlers/auth.go:102.53,105.13 2 1
github.com/wavlake/monorepo/internal/handlers/auth.go:105.13,108.3 2 1
github.com/wavlake/monorepo/internal/handlers/auth.go:110.2,111.47 2 1
github.com/wavlake/monorepo/internal/handlers/auth.go:111.47,114.3 2 1
github.com/wavlake/monorepo/internal/handlers/auth.go:116.2,120.16 3 1
github.com/wavlake/monorepo/internal/handlers/auth.go:120.16,123.3 2 1
github.com/wavlake/monorepo/internal/handlers/auth.go:125.2,131.33 2 1
github.com/wavlake/monorepo/internal/handlers/auth.go:143.57,146.13 2 1
github.com/wavlake/monorepo/internal/handlers/auth.go:146.13,149.3 2 1
github.com/wavlake/monorepo/internal/handlers/auth.go:151.2,155.16 3 1
github.com/wavlake/monorepo/internal/handlers/auth.go:155.16,163.3 3 1
github.com/wavlake/monorepo/internal/handlers/auth.go:166.2,167.28 2 1
github.com/wavlake/monorepo/internal/handlers/auth.go:167.28,173.29 2 1
github.com/wavlake/monorepo/internal/handlers/auth.go:173.29,175.4 1 1
github.com/wavlake/monorepo/internal/handlers/auth.go:177.3,177.46 1 1
github.com/wavlake/monorepo/internal/handlers/auth.go:181.2,181.26 1 1
github.com/wavlake/monorepo/internal/handlers/auth.go:181.26,183.3 1 1
github.com/wavlake/monorepo/internal/handlers/auth.go:185.2,191.33 2 1
github.com/wavlake/monorepo/internal/handlers/auth.go:210.56,213.13 2 1
github.com/wavlake/monorepo/internal/handlers/auth.go:213.13,216.3 2 1
github.com/wavlake/monorepo/internal/handlers/auth.go:218.2,219.47 2 1
github.com/wavlake/monorepo/internal/handlers/auth.go:219.47,222.3 2 1
github.com/wavlake/monorepo/internal/handlers/auth.go:225.2,225.39 1 1
github.com/wavlake/monorepo/internal/handlers/auth.go:225.39,228.3 2 1
github.com/wavlake/monorepo/internal/handlers/auth.go:231.2,232.16 2 1
github.com/wavlake/monorepo/internal/handlers/auth.go:232.16,243.3 3 1
github.com/wavlake/monorepo/internal/handlers/auth.go:246.2,247.16 2 1
github.com/wavlake/monorepo/internal/handlers/auth.go:247.16,251.3 2 1
github.com/wavlake/monorepo/internal/handlers/auth.go:253.2,261.33 2 1
github.com/wavlake/monorepo/internal/handlers/auth_token_handler.go:18.89,22.2 1 1
github.com/wavlake/monorepo/internal/handlers/auth_token_handler.go:33.64,40.47 3 1
github.com/wavlake/monorepo/internal/handlers/auth_token_handler.go:40.47,46.3 2 1
github.com/wavlake/monorepo/internal/handlers/auth_token_handler.go:49.2,50.13 2 1
github.com/wavlake/monorepo/internal/handlers/auth_token_handler.go:50.13,56.3 2 1
github.com/wavlake/monorepo/internal/handlers/auth_token_handler.go:58.2,62.21 3 1
github.com/wavlake/monorepo/internal/handlers/auth_token_handler.go:62.21,64.3 1 1
github.com/wavlake/monorepo/internal/handlers/auth_token_handler.go:67.2,68.16 2 1
github.com/wavlake/monorepo/internal/handlers/auth_token_handler.go:68.16,74.3 2 1
github.com/wavlake/monorepo/internal/handlers/auth_token_handler.go:76.2,79.4 1 1
github.com/wavlake/monorepo/internal/handlers/auth_token_handler.go:89.64,91.47 2 1
github.com/wavlake/monorepo/internal/handlers/auth_token_handler.go:91.47,97.3 2 0
github.com/wavlake/monorepo/internal/handlers/auth_token_handler.go:100.2,101.13 2 1
github.com/wavlake/monorepo/internal/handlers/auth_token_handler.go:101.13,107.3 2 0
github.com/wavlake/monorepo/internal/handlers/auth_token_handler.go:109.2,113.21 3 1
github.com/wavlake/monorepo/internal/handlers/auth_token_handler.go:113.21,115.3 1 0
github.com/wavlake/monorepo/internal/handlers/auth_token_handler.go:118.2,119.16 2 1
github.com/wavlake/monorepo/internal/handlers/auth_token_handler.go:119.16,125.3 2 0
github.com/wavlake/monorepo/internal/handlers/auth_token_handler.go:127.2,130.4 1 1
github.com/wavlake/monorepo/internal/handlers/auth_token_handler.go:140.58,142.47 2 1
github.com/wavlake/monorepo/internal/handlers/auth_token_handler.go:142.47,148.3 2 0
github.com/wavlake/monorepo/internal/handlers/auth_token_handler.go:151.2,152.16 2 1
github.com/wavlake/monorepo/internal/handlers/auth_token_handler.go:152.16,158.3 2 1
github.com/wavlake/monorepo/internal/handlers/auth_token_handler.go:160.2,163.4 1 1
github.com/wavlake/monorepo/internal/handlers/auth_token_handler.go:179.56,181.47 2 1
github.com/wavlake/monorepo/internal/handlers/auth_token_handler.go:181.47,187.3 2 0
github.com/wavlake/monorepo/internal/handlers/auth_token_handler.go:190.2,191.16 2 1
github.com/wavlake/monorepo/internal/handlers/auth_token_handler.go:191.16,197.3 2 1
github.com/wavlake/monorepo/internal/handlers/auth_token_handler.go:199.2,202.4 1 1
github.com/wavlake/monorepo/internal/handlers/auth_token_handler.go:213.61,216.13 2 1
github.com/wavlake/monorepo/internal/handlers/auth_token_handler.go:216.13,222.3 2 1
github.com/wavlake/monorepo/internal/handlers/auth_token_handler.go:224.2,228.16 3 1
github.com/wavlake/monorepo/internal/handlers/auth_token_handler.go:228.16,234.3 2 1
github.com/wavlake/monorepo/internal/handlers/auth_token_handler.go:236.2,239.4 1 1
github.com/wavlake/monorepo/internal/handlers/auth_token_handler.go:249.57,251.47 2 1
github.com/wavlake/monorepo/internal/handlers/auth_token_handler.go:251.47,257.3 2 0
github.com/wavlake/monorepo/internal/handlers/auth_token_handler.go:260.2,261.21 2 1
github.com/wavlake/monorepo/internal/handlers/auth_token_handler.go:261.21,263.3 1 1
github.com/wavlake/monorepo/internal/handlers/auth_token_handler.go:266.2,267.16 2 1
github.com/wavlake/monorepo/internal/handlers/auth_token_handler.go:267.16,273.3 2 1
github.com/wavlake/monorepo/internal/handlers/auth_token_handler.go:275.2,278.4 1 1
github.com/wavlake/monorepo/internal/handlers/development_handler.go:18.105,22.2 1 1
github.com/wavlake/monorepo/internal/handlers/development_handler.go:33.60,35.35 1 1
github.com/wavlake/monorepo/internal/handlers/development_handler.go:35.35,41.3 2 0
github.com/wavlake/monorepo/internal/handlers/development_handler.go:43.2,44.16 2 1
github.com/wavlake/monorepo/internal/handlers/development_handler.go:44.16,50.3 2 1
github.com/wavlake/monorepo/internal/handlers/development_handler.go:52.2,55.4 1 1
github.com/wavlake/monorepo/internal/handlers/development_handler.go:59.59,61.35 1 1
github.com/wavlake/monorepo/internal/handlers/development_handler.go:61.35,67.3 2 0
github.com/wavlake/monorepo/internal/handlers/development_handler.go:69.2,70.16 2 1
github.com/wavlake/monorepo/internal/handlers/development_handler.go:70.16,76.3 2 1
github.com/wavlake/monorepo/internal/handlers/development_handler.go:78.2,81.4 1 1
github.com/wavlake/monorepo/internal/handlers/development_handler.go:85.60,87.16 2 0
github.com/wavlake/monorepo/internal/handlers/development_handler.go:87.16,93.3 2 0
github.com/wavlake/monorepo/internal/handlers/development_handler.go:95.2,98.4 1 0
github.com/wavlake/monorepo/internal/handlers/development_handler.go:102.57,104.16 2 0
github.com/wavlake/monorepo/internal/handlers/development_handler.go:104.16,110.3 2 0
github.com/wavlake/monorepo/internal/handlers/development_handler.go:112.2,115.4 1 0
github.com/wavlake/monorepo/internal/handlers/development_handler.go:124.64,126.35 1 0
github.com/wavlake/monorepo/internal/handlers/development_handler.go:126.35,132.3 2 0
github.com/wavlake/monorepo/internal/handlers/development_handler.go:134.2,135.50 2 0
github.com/wavlake/monorepo/internal/handlers/development_handler.go:135.50,136.70 1 0
github.com/wavlake/monorepo/internal/handlers/development_handler.go:136.70,138.4 1 0
github.com/wavlake/monorepo/internal/handlers/development_handler.go:141.2,142.16 2 0
github.com/wavlake/monorepo/internal/handlers/development_handler.go:142.16,148.3 2 0
github.com/wavlake/monorepo/internal/handlers/development_handler.go:150.2,154.4 1 0
github.com/wavlake/monorepo/internal/handlers/development_handler.go:163.59,165.35 1 0
github.com/wavlake/monorepo/internal/handlers/development_handler.go:165.35,171.3 2 0
github.com/wavlake/monorepo/internal/handlers/development_handler.go:173.2,174.59 2 0
github.com/wavlake/monorepo/internal/handlers/development_handler.go:174.59,175.73 1 0
github.com/wavlake/monorepo/internal/handlers/development_handler.go:175.73,177.4 1 0
github.com/wavlake/monorepo/internal/handlers/development_handler.go:180.2,181.16 2 0
github.com/wavlake/monorepo/internal/handlers/development_handler.go:181.16,187.3 2 0
github.com/wavlake/monorepo/internal/handlers/development_handler.go:189.2,192.4 1 0
github.com/wavlake/monorepo/internal/handlers/development_handler.go:196.54,198.17 2 0
github.com/wavlake/monorepo/internal/handlers/development_handler.go:198.17,200.3 1 0
github.com/wavlake/monorepo/internal/handlers/development_handler.go:202.2,203.50 2 0
github.com/wavlake/monorepo/internal/handlers/development_handler.go:203.50,204.70 1 0
github.com/wavlake/monorepo/internal/handlers/development_handler.go:204.70,206.4 1 0
github.com/wavlake/monorepo/internal/handlers/development_handler.go:209.2,210.16 2 0
github.com/wavlake/monorepo/internal/handlers/development_handler.go:210.16,216.3 2 0
github.com/wavlake/monorepo/internal/handlers/development_handler.go:218.2,221.4 1 0
github.com/wavlake/monorepo/internal/handlers/file_server_handler.go:20.146,25.2 1 0
github.com/wavlake/monorepo/internal/handlers/file_server_handler.go:41.56,44.43 2 0
github.com/wavlake/monorepo/internal/handlers/file_server_handler.go:44.43,50.3 2 0
github.com/wavlake/monorepo/internal/handlers/file_server_handler.go:53.2,54.17 2 0
github.com/wavlake/monorepo/internal/handlers/file_server_handler.go:54.17,56.17 2 0
github.com/wavlake/monorepo/internal/handlers/file_server_handler.go:56.17,62.4 2 0
github.com/wavlake/monorepo/internal/handlers/file_server_handler.go:63.8,66.14 2 0
github.com/wavlake/monorepo/internal/handlers/file_server_handler.go:66.14,72.4 2 0
github.com/wavlake/monorepo/internal/handlers/file_server_handler.go:73.3,73.18 1 0
github.com/wavlake/monorepo/internal/handlers/file_server_handler.go:77.2,78.16 2 0
github.com/wavlake/monorepo/internal/handlers/file_server_handler.go:78.16,84.3 2 0
github.com/wavlake/monorepo/internal/handlers/file_server_handler.go:85.2,89.23 3 0
github.com/wavlake/monorepo/internal/handlers/file_server_handler.go:89.23,91.3 1 0
github.com/wavlake/monorepo/internal/handlers/file_server_handler.go:94.2,95.16 2 0
github.com/wavlake/monorepo/internal/handlers/file_server_handler.go:95.16,101.3 2 0
github.com/wavlake/monorepo/internal/handlers/file_server_handler.go:103.2,106.4 1 0
github.com/wavlake/monorepo/internal/handlers/file_server_handler.go:116.58,118.16 2 0
github.com/wavlake/monorepo/internal/handlers/file_server_handler.go:118.16,124.3 2 0
github.com/wavlake/monorepo/internal/handlers/file_server_handler.go:127.2,128.16 2 0
github.com/wavlake/monorepo/internal/handlers/file_server_handler.go:128.16,134.3 2 0
github.com/wavlake/monorepo/internal/handlers/file_server_handler.go:135.2,139.16 3 0
github.com/wavlake/monorepo/internal/handlers/file_server_handler.go:139.16,142.3 2 0
github.com/wavlake/monorepo/internal/handlers/file_server_handler.go:145.2,146.16 2 0
github.com/wavlake/monorepo/internal/handlers/file_server_handler.go:146.16,152.3 2 0
github.com/wavlake/monorepo/internal/handlers/file_server_handler.go:163.56,165.16 2 0
github.com/wavlake/monorepo/internal/handlers/file_server_handler.go:165.16,171.3 2 0
github.com/wavlake/monorepo/internal/handlers/file_server_handler.go:174.2,175.17 2 0
github.com/wavlake/monorepo/internal/handlers/file_server_handler.go:175.17,177.17 2 0
github.com/wavlake/monorepo/internal/handlers/file_server_handler.go:177.17,183.4 2 0
github.com/wavlake/monorepo/internal/handlers/file_server_handler.go:184.8,187.14 2 0
github.com/wavlake/monorepo/internal/handlers/file_server_handler.go:187.14,193.4 2 0
github.com/wavlake/monorepo/internal/handlers/file_server_handler.go:194.3,194.18 1 0
github.com/wavlake/monorepo/internal/handlers/file_server_handler.go:198.2,199.16 2 0
github.com/wavlake/monorepo/internal/handlers/file_server_handler.go:199.16,205.3 2 0
github.com/wavlake/monorepo/internal/handlers/file_server_handler.go:207.2,210.4 1 0
github.com/wavlake/monorepo/internal/handlers/file_server_handler.go:221.55,230.2 1 0
github.com/wavlake/monorepo/internal/handlers/file_server_handler.go:240.55,245.13 3 0
github.com/wavlake/monorepo/internal/handlers/file_server_handler.go:245.13,251.3 2 0
github.com/wavlake/monorepo/internal/handlers/file_server_handler.go:252.2,256.16 3 0
github.com/wavlake/monorepo/internal/handlers/file_server_handler.go:256.16,262.3 2 0
github.com/wavlake/monorepo/internal/handlers/file_server_handler.go:264.2,267.4 1 0
github.com/wavlake/monorepo/internal/handlers/file_server_handler.go:284.65,286.47 2 0
github.com/wavlake/monorepo/internal/handlers/file_server_handler.go:286.47,292.3 2 0
github.com/wavlake/monorepo/internal/handlers/file_server_handler.go:295.2,296.13 2 0
github.com/wavlake/monorepo/internal/handlers/file_server_handler.go:296.13,302.3 2 0
github.com/wavlake/monorepo/internal/handlers/file_server_handler.go:304.2,308.21 3 0
github.com/wavlake/monorepo/internal/handlers/file_server_handler.go:308.21,310.3 1 0
github.com/wavlake/monorepo/internal/handlers/file_server_handler.go:313.2,314.16 2 0
github.com/wavlake/monorepo/internal/handlers/file_server_handler.go:314.16,320.3 2 0
github.com/wavlake/monorepo/internal/handlers/file_server_handler.go:322.2,325.4 1 0
github.com/wavlake/monorepo/internal/handlers/heartbeat.go:12.56,13.32 1 0
github.com/wavlake/monorepo/internal/handlers/heartbeat.go:13.32,16.3 2 0
github.com/wavlake/monorepo/internal/handlers/heartbeat.go:18.2,24.60 4 0
github.com/wavlake/monorepo/internal/handlers/heartbeat.go:24.60,28.3 1 0
github.com/wavlake/monorepo/internal/handlers/heartbeat.go:31.55,33.2 1 0
github.com/wavlake/monorepo/internal/handlers/legacy_handler.go:19.89,23.2 1 1
github.com/wavlake/monorepo/internal/handlers/legacy_handler.go:26.38,27.16 1 1
github.com/wavlake/monorepo/internal/handlers/legacy_handler.go:27.16,29.3 1 0
github.com/wavlake/monorepo/internal/handlers/legacy_handler.go:32.2,32.26 1 1
github.com/wavlake/monorepo/internal/handlers/legacy_handler.go:32.26,34.3 1 1
github.com/wavlake/monorepo/internal/handlers/legacy_handler.go:36.2,46.39 3 1
github.com/wavlake/monorepo/internal/handlers/legacy_handler.go:46.39,47.55 1 1
github.com/wavlake/monorepo/internal/handlers/legacy_handler.go:47.55,49.4 1 1
github.com/wavlake/monorepo/internal/handlers/legacy_handler.go:52.2,52.14 1 0
github.com/wavlake/monorepo/internal/handlers/legacy_handler.go:65.57,68.23 2 1
github.com/wavlake/monorepo/internal/handlers/legacy_handler.go:68.23,71.3 2 1
github.com/wavlake/monorepo/internal/handlers/legacy_handler.go:73.2,77.16 3 1
github.com/wavlake/monorepo/internal/handlers/legacy_handler.go:77.16,79.27 1 1
github.com/wavlake/monorepo/internal/handlers/legacy_handler.go:79.27,83.4 3 1
github.com/wavlake/monorepo/internal/handlers/legacy_handler.go:85.3,85.13 1 1
github.com/wavlake/monorepo/internal/handlers/legacy_handler.go:89.2,93.17 4 1
github.com/wavlake/monorepo/internal/handlers/legacy_handler.go:93.17,95.91 1 1
github.com/wavlake/monorepo/internal/handlers/legacy_handler.go:95.91,97.4 1 1
github.com/wavlake/monorepo/internal/handlers/legacy_handler.go:97.9,97.34 1 1
github.com/wavlake/monorepo/internal/handlers/legacy_handler.go:97.34,99.4 1 1
github.com/wavlake/monorepo/internal/handlers/legacy_handler.go:102.3,102.89 1 1
github.com/wavlake/monorepo/internal/handlers/legacy_handler.go:102.89,104.4 1 1
github.com/wavlake/monorepo/internal/handlers/legacy_handler.go:104.9,104.34 1 1
github.com/wavlake/monorepo/internal/handlers/legacy_handler.go:104.34,106.4 1 1
github.com/wavlake/monorepo/internal/handlers/legacy_handler.go:109.3,109.89 1 1
github.com/wavlake/monorepo/internal/handlers/legacy_handler.go:109.89,111.4 1 1
github.com/wavlake/monorepo/internal/handlers/legacy_handler.go:111.9,111.34 1 1
github.com/wavlake/monorepo/internal/handlers/legacy_handler.go:111.34,113.4 1 1
github.com/wavlake/monorepo/internal/handlers/legacy_handler.go:117.2,117.20 1 1
github.com/wavlake/monorepo/internal/handlers/legacy_handler.go:117.20,119.3 1 1
github.com/wavlake/monorepo/internal/handlers/legacy_handler.go:120.2,120.19 1 1
github.com/wavlake/monorepo/internal/handlers/legacy_handler.go:120.19,122.3 1 1
github.com/wavlake/monorepo/internal/handlers/legacy_handler.go:123.2,123.19 1 1
github.com/wavlake/monorepo/internal/handlers/legacy_handler.go:123.19,125.3 1 1
github.com/wavlake/monorepo/internal/handlers/legacy_handler.go:127.2,134.33 2 1
github.com/wavlake/monorepo/internal/handlers/legacy_handler.go:138.55,140.23 2 1
github.com/wavlake/monorepo/internal/handlers/legacy_handler.go:140.23,143.3 2 1
github.com/wavlake/monorepo/internal/handlers/legacy_handler.go:145.2,146.40 2 1
github.com/wavlake/monorepo/internal/handlers/legacy_handler.go:146.40,149.3 2 1
github.com/wavlake/monorepo/internal/handlers/legacy_handler.go:151.2,151.19 1 1
github.com/wavlake/monorepo/internal/handlers/legacy_handler.go:151.19,153.3 1 1
github.com/wavlake/monorepo/internal/handlers/legacy_handler.go:155.2,155.48 1 1
github.com/wavlake/monorepo/internal/handlers/legacy_handler.go:159.56,161.23 2 1
github.com/wavlake/monorepo/internal/handlers/legacy_handler.go:161.23,164.3 2 1
github.com/wavlake/monorepo/internal/handlers/legacy_handler.go:166.2,167.40 2 1
github.com/wavlake/monorepo/internal/handlers/legacy_handler.go:167.40,171.3 3 1
github.com/wavlake/monorepo/internal/handlers/legacy_handler.go:173.2,173.20 1 1
github.com/wavlake/monorepo/internal/handlers/legacy_handler.go:173.20,175.3 1 1
github.com/wavlake/monorepo/internal/handlers/legacy_handler.go:177.2,177.50 1 1
github.com/wavlake/monorepo/internal/handlers/legacy_handler.go:181.55,183.23 2 1
github.com/wavlake/monorepo/internal/handlers/legacy_handler.go:183.23,186.3 2 1
github.com/wavlake/monorepo/internal/handlers/legacy_handler.go:188.2,189.40 2 1
github.com/wavlake/monorepo/internal/handlers/legacy_handler.go:189.40,193.3 3 1
github.com/wavlake/monorepo/internal/handlers/legacy_handler.go:195.2,195.19 1 1
github.com/wavlake/monorepo/internal/handlers/legacy_handler.go:195.19,197.3 1 1
github.com/wavlake/monorepo/internal/handlers/legacy_handler.go:199.2,199.48 1 1
github.com/wavlake/monorepo/internal/handlers/mock_storage_handler.go:17.105,21.2 1 0
github.com/wavlake/monorepo/internal/handlers/mock_storage_handler.go:38.57,40.43 2 0
github.com/wavlake/monorepo/internal/handlers/mock_storage_handler.go:40.43,46.3 2 0
github.com/wavlake/monorepo/internal/handlers/mock_storage_handler.go:49.2,50.16 2 0
github.com/wavlake/monorepo/internal/handlers/mock_storage_handler.go:50.16,56.3 2 0
github.com/wavlake/monorepo/internal/handlers/mock_storage_handler.go:57.2,61.23 3 0
github.com/wavlake/monorepo/internal/handlers/mock_storage_handler.go:61.23,63.3 1 0
github.com/wavlake/monorepo/internal/handlers/mock_storage_handler.go:66.2,67.16 2 0
github.com/wavlake/monorepo/internal/handlers/mock_storage_handler.go:67.16,73.3 2 0
github.com/wavlake/monorepo/internal/handlers/mock_storage_handler.go:75.2,78.4 1 0
github.com/wavlake/monorepo/internal/handlers/mock_storage_handler.go:82.59,86.32 3 0
github.com/wavlake/monorepo/internal/handlers/mock_storage_handler.go:86.32,92.3 2 0
github.com/wavlake/monorepo/internal/handlers/mock_storage_handler.go:95.2,96.16 2 0
github.com/wavlake/monorepo/internal/handlers/mock_storage_handler.go:96.16,102.3 2 0
github.com/wavlake/monorepo/internal/handlers/mock_storage_handler.go:103.2,106.78 2 0
github.com/wavlake/monorepo/internal/handlers/mock_storage_handler.go:117.57,121.32 3 0
github.com/wavlake/monorepo/internal/handlers/mock_storage_handler.go:121.32,127.3 2 0
github.com/wavlake/monorepo/internal/handlers/mock_storage_handler.go:130.2,131.16 2 0
github.com/wavlake/monorepo/internal/handlers/mock_storage_handler.go:131.16,137.3 2 0
github.com/wavlake/monorepo/internal/handlers/mock_storage_handler.go:139.2,142.4 1 0
github.com/wavlake/monorepo/internal/handlers/mock_storage_handler.go:153.56,157.18 3 0
github.com/wavlake/monorepo/internal/handlers/mock_storage_handler.go:157.18,163.3 2 0
github.com/wavlake/monorepo/internal/handlers/mock_storage_handler.go:166.2,167.16 2 0
github.com/wavlake/monorepo/internal/handlers/mock_storage_handler.go:167.16,173.3 2 0
github.com/wavlake/monorepo/internal/handlers/mock_storage_handler.go:175.2,178.4 1 0
github.com/wavlake/monorepo/internal/handlers/mock_storage_handler.go:189.60,191.18 2 0
github.com/wavlake/monorepo/internal/handlers/mock_storage_handler.go:191.18,197.3 2 0
github.com/wavlake/monorepo/internal/handlers/mock_storage_handler.go:200.2,201.16 2 0
github.com/wavlake/monorepo/internal/handlers/mock_storage_handler.go:201.16,207.3 2 0
github.com/wavlake/monorepo/internal/handlers/mock_storage_handler.go:209.2,212.4 1 0
github.com/wavlake/monorepo/internal/handlers/mock_storage_handler.go:229.59,231.47 2 0
github.com/wavlake/monorepo/internal/handlers/mock_storage_handler.go:231.47,237.3 2 0
github.com/wavlake/monorepo/internal/handlers/mock_storage_handler.go:240.2,241.20 2 0
github.com/wavlake/monorepo/internal/handlers/mock_storage_handler.go:241.20,243.3 1 0
github.com/wavlake/monorepo/internal/handlers/mock_storage_handler.go:246.2,247.16 2 0
github.com/wavlake/monorepo/internal/handlers/mock_storage_handler.go:247.16,253.3 2 0
github.com/wavlake/monorepo/internal/handlers/mock_storage_handler.go:255.2,258.4 1 0
github.com/wavlake/monorepo/internal/handlers/mock_storage_handler.go:269.58,271.16 2 0
github.com/wavlake/monorepo/internal/handlers/mock_storage_handler.go:271.16,277.3 2 0
github.com/wavlake/monorepo/internal/handlers/mock_storage_handler.go:279.2,282.4 1 0
github.com/wavlake/monorepo/internal/handlers/tracks.go:19.197,25.2 1 1
github.com/wavlake/monorepo/internal/handlers/tracks.go:39.58,41.47 2 1
github.com/wavlake/monorepo/internal/handlers/tracks.go:41.47,47.3 2 1
github.com/wavlake/monorepo/internal/handlers/tracks.go:50.2,50.56 1 1
github.com/wavlake/monorepo/internal/handlers/tracks.go:50.56,56.3 2 1
github.com/wavlake/monorepo/internal/handlers/tracks.go:59.2,60.13 2 1
github.com/wavlake/monorepo/internal/handlers/tracks.go:60.13,66.3 2 1
github.com/wavlake/monorepo/internal/handlers/tracks.go:68.2,69.13 2 1
github.com/wavlake/monorepo/internal/handlers/tracks.go:69.13,75.3 2 1
github.com/wavlake/monorepo/internal/handlers/tracks.go:77.2,78.9 2 1
github.com/wavlake/monorepo/internal/handlers/tracks.go:78.9,84.3 2 1
github.com/wavlake/monorepo/internal/handlers/tracks.go:86.2,87.9 2 1
github.com/wavlake/monorepo/internal/handlers/tracks.go:87.9,93.3 2 1
github.com/wavlake/monorepo/internal/handlers/tracks.go:96.2,102.16 2 1
github.com/wavlake/monorepo/internal/handlers/tracks.go:102.16,109.3 3 1
github.com/wavlake/monorepo/internal/handlers/tracks.go:111.2,114.4 1 1
github.com/wavlake/monorepo/internal/handlers/tracks.go:124.53,127.13 2 1
github.com/wavlake/monorepo/internal/handlers/tracks.go:127.13,133.3 2 1
github.com/wavlake/monorepo/internal/handlers/tracks.go:135.2,136.9 2 1
github.com/wavlake/monorepo/internal/handlers/tracks.go:136.9,142.3 2 1
github.com/wavlake/monorepo/internal/handlers/tracks.go:145.2,146.16 2 1
github.com/wavlake/monorepo/internal/handlers/tracks.go:146.16,153.3 3 1
github.com/wavlake/monorepo/internal/handlers/tracks.go:155.2,158.4 1 1
github.com/wavlake/monorepo/internal/handlers/tracks.go:162.50,164.19 2 1
github.com/wavlake/monorepo/internal/handlers/tracks.go:164.19,167.3 2 1
github.com/wavlake/monorepo/internal/handlers/tracks.go:169.2,170.16 2 1
github.com/wavlake/monorepo/internal/handlers/tracks.go:170.16,173.3 2 1
github.com/wavlake/monorepo/internal/handlers/tracks.go:175.2,175.62 1 1
github.com/wavlake/monorepo/internal/handlers/tracks.go:179.53,181.19 2 1
github.com/wavlake/monorepo/internal/handlers/tracks.go:181.19,184.3 2 1
github.com/wavlake/monorepo/internal/handlers/tracks.go:187.2,188.13 2 1
github.com/wavlake/monorepo/internal/handlers/tracks.go:188.13,191.3 2 1
github.com/wavlake/monorepo/internal/handlers/tracks.go:194.2,195.16 2 1
github.com/wavlake/monorepo/internal/handlers/tracks.go:195.16,198.3 2 1
github.com/wavlake/monorepo/internal/handlers/tracks.go:201.2,201.37 1 1
github.com/wavlake/monorepo/internal/handlers/tracks.go:201.37,204.3 2 1
github.com/wavlake/monorepo/internal/handlers/tracks.go:207.2,208.16 2 1
github.com/wavlake/monorepo/internal/handlers/tracks.go:208.16,211.3 2 1
github.com/wavlake/monorepo/internal/handlers/tracks.go:213.2,213.88 1 1
github.com/wavlake/monorepo/internal/handlers/webhook_handler.go:22.89,26.2 1 0
github.com/wavlake/monorepo/internal/handlers/webhook_handler.go:37.63,40.16 2 0
github.com/wavlake/monorepo/internal/handlers/webhook_handler.go:40.16,46.3 2 0
github.com/wavlake/monorepo/internal/handlers/webhook_handler.go:49.2,50.21 2 0
github.com/wavlake/monorepo/internal/handlers/webhook_handler.go:50.21,52.70 2 0
github.com/wavlake/monorepo/internal/handlers/webhook_handler.go:52.70,58.4 2 0
github.com/wavlake/monorepo/internal/handlers/webhook_handler.go:62.2,63.51 2 0
github.com/wavlake/monorepo/internal/handlers/webhook_handler.go:63.51,69.3 2 0
github.com/wavlake/monorepo/internal/handlers/webhook_handler.go:72.2,73.16 2 0
github.com/wavlake/monorepo/internal/handlers/webhook_handler.go:73.16,79.3 2 0
github.com/wavlake/monorepo/internal/handlers/webhook_handler.go:81.2,84.4 1 0
github.com/wavlake/monorepo/internal/handlers/webhook_handler.go:88.57,91.16 2 0
github.com/wavlake/monorepo/internal/handlers/webhook_handler.go:91.16,97.3 2 0
github.com/wavlake/monorepo/internal/handlers/webhook_handler.go:100.2,101.21 2 0
github.com/wavlake/monorepo/internal/handlers/webhook_handler.go:101.21,103.70 2 0
github.com/wavlake/monorepo/internal/handlers/webhook_handler.go:103.70,109.4 2 0
github.com/wavlake/monorepo/internal/handlers/webhook_handler.go:113.2,114.51 2 0
github.com/wavlake/monorepo/internal/handlers/webhook_handler.go:114.51,120.3 2 0
github.com/wavlake/monorepo/internal/handlers/webhook_handler.go:123.2,124.16 2 0
github.com/wavlake/monorepo/internal/handlers/webhook_handler.go:124.16,130.3 2 0
github.com/wavlake/monorepo/internal/handlers/webhook_handler.go:132.2,135.4 1 0
github.com/wavlake/monorepo/internal/handlers/webhook_handler.go:139.60,142.16 2 0
github.com/wavlake/monorepo/internal/handlers/webhook_handler.go:142.16,148.3 2 0
github.com/wavlake/monorepo/internal/handlers/webhook_handler.go:151.2,152.21 2 0
github.com/wavlake/monorepo/internal/handlers/webhook_handler.go:152.21,154.70 2 0
github.com/wavlake/monorepo/internal/handlers/webhook_handler.go:154.70,160.4 2 0
github.com/wavlake/monorepo/internal/handlers/webhook_handler.go:164.2,165.51 2 0
github.com/wavlake/monorepo/internal/handlers/webhook_handler.go:165.51,171.3 2 0
github.com/wavlake/monorepo/internal/handlers/webhook_handler.go:174.2,175.16 2 0
github.com/wavlake/monorepo/internal/handlers/webhook_handler.go:175.16,181.3 2 0
github.com/wavlake/monorepo/internal/handlers/webhook_handler.go:183.2,186.4 1 0
github.com/wavlake/monorepo/internal/handlers/webhook_handler.go:190.56,192.21 2 0
github.com/wavlake/monorepo/internal/handlers/webhook_handler.go:192.21,198.3 2 0
github.com/wavlake/monorepo/internal/handlers/webhook_handler.go:201.2,202.16 2 0
github.com/wavlake/monorepo/internal/handlers/webhook_handler.go:202.16,208.3 2 0
github.com/wavlake/monorepo/internal/handlers/webhook_handler.go:210.2,213.4 1 0
github.com/wavlake/monorepo/internal/handlers/webhook_handler.go:217.62,219.66 2 0
github.com/wavlake/monorepo/internal/handlers/webhook_handler.go:219.66,220.75 1 0
github.com/wavlake/monorepo/internal/handlers/webhook_handler.go:220.75,222.4 1 0
github.com/wavlake/monorepo/internal/handlers/webhook_handler.go:226.2,227.16 2 0
github.com/wavlake/monorepo/internal/handlers/webhook_handler.go:227.16,233.3 2 0
github.com/wavlake/monorepo/internal/handlers/webhook_handler.go:235.2,238.4 1 0
github.com/wavlake/monorepo/internal/handlers/webhook_handler.go:242.92,243.18 1 0
github.com/wavlake/monorepo/internal/handlers/webhook_handler.go:243.18,245.3 1 0
github.com/wavlake/monorepo/internal/handlers/webhook_handler.go:248.2,253.63 4 0
github.com/wavlake/monorepo/internal/handlers/webhook_handler.go:253.63,255.3 1 0
github.com/wavlake/monorepo/internal/handlers/webhook_handler.go:257.2,257.12 1 0
github.com/wavlake/monorepo/internal/middleware/logging.go:17.13,26.2 3 1
github.com/wavlake/monorepo/internal/middleware/logging.go:34.58,38.2 2 1
github.com/wavlake/monorepo/internal/middleware/logging.go:54.43,77.2 1 1
github.com/wavlake/monorepo/internal/middleware/logging.go:80.67,81.30 1 1
github.com/wavlake/monorepo/internal/middleware/logging.go:81.30,83.45 1 1
github.com/wavlake/monorepo/internal/middleware/logging.go:83.45,84.38 1 1
github.com/wavlake/monorepo/internal/middleware/logging.go:84.38,87.5 2 1
github.com/wavlake/monorepo/internal/middleware/logging.go:90.3,96.53 5 1
github.com/wavlake/monorepo/internal/middleware/logging.go:96.53,98.50 2 1
github.com/wavlake/monorepo/internal/middleware/logging.go:98.50,100.5 1 1
github.com/wavlake/monorepo/internal/middleware/logging.go:102.4,102.63 1 1
github.com/wavlake/monorepo/internal/middleware/logging.go:106.3,107.26 2 1
github.com/wavlake/monorepo/internal/middleware/logging.go:107.26,114.4 3 1
github.com/wavlake/monorepo/internal/middleware/logging.go:117.3,117.25 1 1
github.com/wavlake/monorepo/internal/middleware/logging.go:117.25,119.4 1 1
github.com/wavlake/monorepo/internal/middleware/logging.go:122.3,128.26 3 1
github.com/wavlake/monorepo/internal/middleware/logging.go:128.26,130.4 1 1
github.com/wavlake/monorepo/internal/middleware/logging.go:134.90,146.23 2 1
github.com/wavlake/monorepo/internal/middleware/logging.go:146.23,148.46 2 1
github.com/wavlake/monorepo/internal/middleware/logging.go:148.46,152.56 2 1
github.com/wavlake/monorepo/internal/middleware/logging.go:152.56,154.5 1 1
github.com/wavlake/monorepo/internal/middleware/logging.go:156.4,156.42 1 1
github.com/wavlake/monorepo/internal/middleware/logging.go:158.3,158.54 1 1
github.com/wavlake/monorepo/internal/middleware/logging.go:162.2,162.44 1 1
github.com/wavlake/monorepo/internal/middleware/logging.go:162.44,170.3 4 1
github.com/wavlake/monorepo/internal/middleware/logging.go:172.2,172.80 1 1
github.com/wavlake/monorepo/internal/middleware/logging.go:175.115,186.23 2 1
github.com/wavlake/monorepo/internal/middleware/logging.go:186.23,188.47 2 1
github.com/wavlake/monorepo/internal/middleware/logging.go:188.47,190.4 1 1
github.com/wavlake/monorepo/internal/middleware/logging.go:191.3,191.54 1 1
github.com/wavlake/monorepo/internal/middleware/logging.go:195.2,195.45 1 1
github.com/wavlake/monorepo/internal/middleware/logging.go:195.45,199.42 2 1
github.com/wavlake/monorepo/internal/middleware/logging.go:199.42,201.4 1 1
github.com/wavlake/monorepo/internal/middleware/logging.go:204.3,207.58 3 1
github.com/wavlake/monorepo/internal/middleware/logging.go:210.2,210.81 1 1
github.com/wavlake/monorepo/internal/middleware/logging.go:214.69,216.45 2 1
github.com/wavlake/monorepo/internal/middleware/logging.go:216.45,217.57 1 1
github.com/wavlake/monorepo/internal/middleware/logging.go:217.57,219.4 1 1
github.com/wavlake/monorepo/internal/middleware/logging.go:221.2,221.14 1 1
github.com/wavlake/monorepo/internal/middleware/logging.go:224.45,225.21 1 1
github.com/wavlake/monorepo/internal/middleware/logging.go:225.21,227.3 1 1
github.com/wavlake/monorepo/internal/middleware/logging.go:228.2,228.77 1 1
github.com/wavlake/monorepo/internal/middleware/logging.go:231.76,232.40 1 1
github.com/wavlake/monorepo/internal/middleware/logging.go:232.40,235.79 1 1
github.com/wavlake/monorepo/internal/middleware/logging.go:235.79,238.4 1 1
github.com/wavlake/monorepo/internal/middleware/logging.go:240.2,240.13 1 1
github.com/wavlake/monorepo/internal/middleware/logging.go:244.46,245.51 1 1
github.com/wavlake/monorepo/internal/middleware/logging.go:245.51,247.3 1 1
github.com/wavlake/monorepo/internal/middleware/logging.go:248.2,248.11 1 1
github.com/wavlake/monorepo/internal/middleware/logging.go:252.91,254.25 2 1
github.com/wavlake/monorepo/internal/middleware/logging.go:254.25,256.3 1 1
github.com/wavlake/monorepo/internal/middleware/logging.go:257.2,257.60 1 1
github.com/wavlake/monorepo/internal/services/compression_service.go:16.94,20.2 1 1
github.com/wavlake/monorepo/internal/services/compression_service.go:23.128,26.16 2 1
github.com/wavlake/monorepo/internal/services/compression_service.go:26.16,28.3 1 1
github.com/wavlake/monorepo/internal/services/compression_service.go:31.2,31.86 1 1
github.com/wavlake/monorepo/internal/services/compression_service.go:31.86,33.3 1 0
github.com/wavlake/monorepo/internal/services/compression_service.go:37.2,39.12 2 1
github.com/wavlake/monorepo/internal/services/compression_service.go:43.122,45.16 2 1
github.com/wavlake/monorepo/internal/services/compression_service.go:45.16,47.3 1 1
github.com/wavlake/monorepo/internal/services/compression_service.go:49.2,50.24 2 1
github.com/wavlake/monorepo/internal/services/compression_service.go:50.24,52.3 1 1
github.com/wavlake/monorepo/internal/services/compression_service.go:52.8,52.40 1 1
github.com/wavlake/monorepo/internal/services/compression_service.go:52.40,54.3 1 1
github.com/wavlake/monorepo/internal/services/compression_service.go:56.2,62.8 1 1
github.com/wavlake/monorepo/internal/services/compression_service.go:66.130,68.2 1 1
github.com/wavlake/monorepo/internal/services/compression_service.go:71.123,79.2 2 1
github.com/wavlake/monorepo/internal/services/compression_service.go:82.122,84.16 2 1
github.com/wavlake/monorepo/internal/services/compression_service.go:84.16,86.3 1 1
github.com/wavlake/monorepo/internal/services/compression_service.go:88.2,89.52 2 1
github.com/wavlake/monorepo/internal/services/compression_service.go:89.52,90.23 1 1
github.com/wavlake/monorepo/internal/services/compression_service.go:90.23,92.4 1 1
github.com/wavlake/monorepo/internal/services/compression_service.go:95.2,95.28 1 1
github.com/wavlake/monorepo/internal/services/compression_service.go:99.109,103.16 2 1
github.com/wavlake/monorepo/internal/services/compression_service.go:103.16,105.3 1 1
github.com/wavlake/monorepo/internal/services/compression_service.go:108.2,108.12 1 1
github.com/wavlake/monorepo/internal/services/development_service.go:18.50,20.2 1 0
github.com/wavlake/monorepo/internal/services/development_service.go:23.71,29.16 1 0
github.com/wavlake/monorepo/internal/services/development_service.go:29.16,31.3 1 0
github.com/wavlake/monorepo/internal/services/development_service.go:33.2,33.12 1 0
github.com/wavlake/monorepo/internal/services/development_service.go:37.70,43.16 1 0
github.com/wavlake/monorepo/internal/services/development_service.go:43.16,45.3 1 0
github.com/wavlake/monorepo/internal/services/development_service.go:47.2,47.12 1 0
github.com/wavlake/monorepo/internal/services/development_service.go:51.93,79.2 3 0
github.com/wavlake/monorepo/internal/services/development_service.go:82.68,88.16 1 0
github.com/wavlake/monorepo/internal/services/development_service.go:88.16,90.3 1 0
github.com/wavlake/monorepo/internal/services/development_service.go:92.2,92.12 1 0
github.com/wavlake/monorepo/internal/services/development_service.go:96.98,97.16 1 0
github.com/wavlake/monorepo/internal/services/development_service.go:97.16,99.3 1 0
github.com/wavlake/monorepo/internal/services/development_service.go:101.2,102.29 2 0
github.com/wavlake/monorepo/internal/services/development_service.go:102.29,104.3 1 0
github.com/wavlake/monorepo/internal/services/development_service.go:106.2,106.19 1 0
github.com/wavlake/monorepo/internal/services/development_service.go:110.94,111.19 1 0
github.com/wavlake/monorepo/internal/services/development_service.go:111.19,113.3 1 0
github.com/wavlake/monorepo/internal/services/development_service.go:116.2,116.9 1 0
github.com/wavlake/monorepo/internal/services/development_service.go:117.20,118.19 1 0
github.com/wavlake/monorepo/internal/services/development_service.go:119.30,120.13 1 0
github.com/wavlake/monorepo/internal/services/development_service.go:125.111,126.16 1 0
github.com/wavlake/monorepo/internal/services/development_service.go:126.16,128.3 1 0
github.com/wavlake/monorepo/internal/services/development_service.go:131.2,132.29 2 0
github.com/wavlake/monorepo/internal/services/development_service.go:132.29,143.3 1 0
github.com/wavlake/monorepo/internal/services/development_service.go:145.2,145.18 1 0
github.com/wavlake/monorepo/internal/services/file_server_service.go:21.99,26.2 1 0
github.com/wavlake/monorepo/internal/services/file_server_service.go:29.140,33.66 2 0
github.com/wavlake/monorepo/internal/services/file_server_service.go:33.66,35.3 1 0
github.com/wavlake/monorepo/internal/services/file_server_service.go:38.2,39.16 2 0
github.com/wavlake/monorepo/internal/services/file_server_service.go:39.16,41.3 1 0
github.com/wavlake/monorepo/internal/services/file_server_service.go:42.2,46.16 3 0
github.com/wavlake/monorepo/internal/services/file_server_service.go:46.16,48.3 1 0
github.com/wavlake/monorepo/internal/services/file_server_service.go:50.2,58.8 1 0
github.com/wavlake/monorepo/internal/services/file_server_service.go:62.99,66.16 3 0
github.com/wavlake/monorepo/internal/services/file_server_service.go:66.16,68.3 1 0
github.com/wavlake/monorepo/internal/services/file_server_service.go:70.2,70.18 1 0
github.com/wavlake/monorepo/internal/services/file_server_service.go:74.80,77.44 2 0
github.com/wavlake/monorepo/internal/services/file_server_service.go:77.44,79.3 1 0
github.com/wavlake/monorepo/internal/services/file_server_service.go:81.2,81.12 1 0
github.com/wavlake/monorepo/internal/services/file_server_service.go:85.93,89.88 3 0
github.com/wavlake/monorepo/internal/services/file_server_service.go:89.88,90.17 1 0
github.com/wavlake/monorepo/internal/services/file_server_service.go:90.17,92.4 1 0
github.com/wavlake/monorepo/internal/services/file_server_service.go:93.3,93.20 1 0
github.com/wavlake/monorepo/internal/services/file_server_service.go:93.20,96.18 2 0
github.com/wavlake/monorepo/internal/services/file_server_service.go:96.18,98.5 1 0
github.com/wavlake/monorepo/internal/services/file_server_service.go:99.4,99.34 1 0
github.com/wavlake/monorepo/internal/services/file_server_service.go:101.3,101.13 1 0
github.com/wavlake/monorepo/internal/services/file_server_service.go:104.2,104.16 1 0
github.com/wavlake/monorepo/internal/services/file_server_service.go:104.16,106.3 1 0
github.com/wavlake/monorepo/internal/services/file_server_service.go:108.2,108.19 1 0
github.com/wavlake/monorepo/internal/services/file_server_service.go:112.109,116.16 3 0
github.com/wavlake/monorepo/internal/services/file_server_service.go:116.16,118.3 1 0
github.com/wavlake/monorepo/internal/services/file_server_service.go:120.2,128.8 1 0
github.com/wavlake/monorepo/internal/services/file_server_service.go:132.150,134.2 1 0
github.com/wavlake/monorepo/internal/services/mock_storage_service.go:20.65,24.2 1 0
github.com/wavlake/monorepo/internal/services/mock_storage_service.go:27.149,31.66 2 0
github.com/wavlake/monorepo/internal/services/mock_storage_service.go:31.66,33.3 1 0
github.com/wavlake/monorepo/internal/services/mock_storage_service.go:36.2,37.16 2 0
github.com/wavlake/monorepo/internal/services/mock_storage_service.go:37.16,39.3 1 0
github.com/wavlake/monorepo/internal/services/mock_storage_service.go:40.2,44.16 3 0
github.com/wavlake/monorepo/internal/services/mock_storage_service.go:44.16,46.3 1 0
github.com/wavlake/monorepo/internal/services/mock_storage_service.go:48.2,56.8 1 0
github.com/wavlake/monorepo/internal/services/mock_storage_service.go:60.108,64.16 3 0
github.com/wavlake/monorepo/internal/services/mock_storage_service.go:64.16,66.3 1 0
github.com/wavlake/monorepo/internal/services/mock_storage_service.go:68.2,68.18 1 0
github.com/wavlake/monorepo/internal/services/mock_storage_service.go:72.89,75.44 2 0
github.com/wavlake/monorepo/internal/services/mock_storage_service.go:75.44,77.3 1 0
github.com/wavlake/monorepo/internal/services/mock_storage_service.go:79.2,79.12 1 0
github.com/wavlake/monorepo/internal/services/mock_storage_service.go:83.102,87.88 3 0
github.com/wavlake/monorepo/internal/services/mock_storage_service.go:87.88,88.17 1 0
github.com/wavlake/monorepo/internal/services/mock_storage_service.go:88.17,90.4 1 0
github.com/wavlake/monorepo/internal/services/mock_storage_service.go:91.3,91.20 1 0
github.com/wavlake/monorepo/internal/services/mock_storage_service.go:91.20,95.18 3 0
github.com/wavlake/monorepo/internal/services/mock_storage_service.go:95.18,97.5 1 0
github.com/wavlake/monorepo/internal/services/mock_storage_service.go:98.4,98.34 1 0
github.com/wavlake/monorepo/internal/services/mock_storage_service.go:100.3,100.13 1 0
github.com/wavlake/monorepo/internal/services/mock_storage_service.go:103.2,103.16 1 0
github.com/wavlake/monorepo/internal/services/mock_storage_service.go:103.16,105.3 1 0
github.com/wavlake/monorepo/internal/services/mock_storage_service.go:107.2,107.19 1 0
github.com/wavlake/monorepo/internal/services/mock_storage_service.go:111.108,115.55 2 0
github.com/wavlake/monorepo/internal/services/mock_storage_service.go:115.55,117.3 1 0
github.com/wavlake/monorepo/internal/services/mock_storage_service.go:119.2,124.8 1 0
github.com/wavlake/monorepo/internal/services/mock_storage_service.go:128.95,132.47 2 0
github.com/wavlake/monorepo/internal/services/mock_storage_service.go:132.47,134.3 1 0
github.com/wavlake/monorepo/internal/services/mock_storage_service.go:137.2,137.54 1 0
github.com/wavlake/monorepo/internal/services/mock_storage_service.go:137.54,139.3 1 0
github.com/wavlake/monorepo/internal/services/mock_storage_service.go:141.2,141.12 1 0
github.com/wavlake/monorepo/internal/services/mock_storage_service.go:145.69,147.47 1 0
github.com/wavlake/monorepo/internal/services/mock_storage_service.go:147.47,149.3 1 0
github.com/wavlake/monorepo/internal/services/mock_storage_service.go:151.2,151.12 1 0
github.com/wavlake/monorepo/internal/services/nostr_track.go:21.160,27.2 1 0
github.com/wavlake/monorepo/internal/services/nostr_track.go:30.129,39.16 5 0
github.com/wavlake/monorepo/internal/services/nostr_track.go:39.16,41.3 1 0
github.com/wavlake/monorepo/internal/services/nostr_track.go:44.2,62.16 3 0
github.com/wavlake/monorepo/internal/services/nostr_track.go:62.16,64.3 1 0
github.com/wavlake/monorepo/internal/services/nostr_track.go:66.2,67.19 2 0
github.com/wavlake/monorepo/internal/services/nostr_track.go:71.103,73.16 2 0
github.com/wavlake/monorepo/internal/services/nostr_track.go:73.16,75.3 1 0
github.com/wavlake/monorepo/internal/services/nostr_track.go:77.2,78.43 2 0
github.com/wavlake/monorepo/internal/services/nostr_track.go:78.43,80.3 1 0
github.com/wavlake/monorepo/internal/services/nostr_track.go:82.2,82.20 1 0
github.com/wavlake/monorepo/internal/services/nostr_track.go:86.113,96.6 5 0
github.com/wavlake/monorepo/internal/services/nostr_track.go:96.6,98.27 2 0
github.com/wavlake/monorepo/internal/services/nostr_track.go:98.27,99.9 1 0
github.com/wavlake/monorepo/internal/services/nostr_track.go:101.3,101.17 1 0
github.com/wavlake/monorepo/internal/services/nostr_track.go:101.17,103.4 1 0
github.com/wavlake/monorepo/internal/services/nostr_track.go:105.3,106.44 2 0
github.com/wavlake/monorepo/internal/services/nostr_track.go:106.44,108.12 2 0
github.com/wavlake/monorepo/internal/services/nostr_track.go:111.3,111.34 1 0
github.com/wavlake/monorepo/internal/services/nostr_track.go:114.2,114.20 1 0
github.com/wavlake/monorepo/internal/services/nostr_track.go:118.123,128.6 5 0
github.com/wavlake/monorepo/internal/services/nostr_track.go:128.6,130.27 2 0
github.com/wavlake/monorepo/internal/services/nostr_track.go:130.27,131.9 1 0
github.com/wavlake/monorepo/internal/services/nostr_track.go:133.3,133.17 1 0
github.com/wavlake/monorepo/internal/services/nostr_track.go:133.17,135.4 1 0
github.com/wavlake/monorepo/internal/services/nostr_track.go:137.3,138.44 2 0
github.com/wavlake/monorepo/internal/services/nostr_track.go:138.44,140.12 2 0
github.com/wavlake/monorepo/internal/services/nostr_track.go:143.3,143.34 1 0
github.com/wavlake/monorepo/internal/services/nostr_track.go:146.2,146.20 1 0
github.com/wavlake/monorepo/internal/services/nostr_track.go:150.116,154.35 3 0
github.com/wavlake/monorepo/internal/services/nostr_track.go:154.35,156.3 1 0
github.com/wavlake/monorepo/internal/services/nostr_track.go:158.2,159.16 2 0
github.com/wavlake/monorepo/internal/services/nostr_track.go:159.16,161.3 1 0
github.com/wavlake/monorepo/internal/services/nostr_track.go:163.2,163.12 1 0
github.com/wavlake/monorepo/internal/services/nostr_track.go:167.119,176.2 2 0
github.com/wavlake/monorepo/internal/services/nostr_track.go:179.109,187.2 2 0
github.com/wavlake/monorepo/internal/services/nostr_track.go:190.84,197.2 2 0
github.com/wavlake/monorepo/internal/services/nostr_track.go:200.88,203.16 2 0
github.com/wavlake/monorepo/internal/services/nostr_track.go:203.16,205.3 1 0
github.com/wavlake/monorepo/internal/services/nostr_track.go:208.2,209.79 2 0
github.com/wavlake/monorepo/internal/services/nostr_track.go:209.79,211.3 1 0
github.com/wavlake/monorepo/internal/services/nostr_track.go:213.2,213.31 1 0
github.com/wavlake/monorepo/internal/services/nostr_track.go:213.31,215.82 2 0
github.com/wavlake/monorepo/internal/services/nostr_track.go:215.82,217.4 1 0
github.com/wavlake/monorepo/internal/services/nostr_track.go:221.2,222.16 2 0
github.com/wavlake/monorepo/internal/services/nostr_track.go:222.16,224.3 1 0
github.com/wavlake/monorepo/internal/services/nostr_track.go:226.2,227.12 2 0
github.com/wavlake/monorepo/internal/services/nostr_track.go:231.132,234.16 2 0
github.com/wavlake/monorepo/internal/services/nostr_track.go:234.16,236.3 1 0
github.com/wavlake/monorepo/internal/services/nostr_track.go:239.2,239.52 1 0
github.com/wavlake/monorepo/internal/services/nostr_track.go:239.52,240.34 1 0
github.com/wavlake/monorepo/internal/services/nostr_track.go:240.34,241.38 1 0
github.com/wavlake/monorepo/internal/services/nostr_track.go:241.38,243.10 2 0
github.com/wavlake/monorepo/internal/services/nostr_track.go:249.2,250.16 2 0
github.com/wavlake/monorepo/internal/services/nostr_track.go:250.16,252.3 1 0
github.com/wavlake/monorepo/internal/services/nostr_track.go:254.2,255.12 2 0
github.com/wavlake/monorepo/internal/services/nostr_track.go:259.129,262.16 2 0
github.com/wavlake/monorepo/internal/services/nostr_track.go:262.16,264.3 1 0
github.com/wavlake/monorepo/internal/services/nostr_track.go:267.2,267.53 1 0
github.com/wavlake/monorepo/internal/services/nostr_track.go:267.53,268.32 1 0
github.com/wavlake/monorepo/internal/services/nostr_track.go:268.32,276.4 4 0
github.com/wavlake/monorepo/internal/services/nostr_track.go:280.2,285.16 4 0
github.com/wavlake/monorepo/internal/services/nostr_track.go:285.16,287.3 1 0
github.com/wavlake/monorepo/internal/services/nostr_track.go:289.2,290.12 2 0
github.com/wavlake/monorepo/internal/services/nostr_track.go:294.108,301.16 3 0
github.com/wavlake/monorepo/internal/services/nostr_track.go:301.16,303.3 1 0
github.com/wavlake/monorepo/internal/services/nostr_track.go:305.2,305.12 1 0
github.com/wavlake/monorepo/internal/services/postgres_service.go:23.54,27.2 1 0
github.com/wavlake/monorepo/internal/services/postgres_service.go:30.117,57.16 4 0
github.com/wavlake/monorepo/internal/services/postgres_service.go:57.16,58.27 1 0
github.com/wavlake/monorepo/internal/services/postgres_service.go:58.27,60.4 1 0
github.com/wavlake/monorepo/internal/services/postgres_service.go:61.3,61.56 1 0
github.com/wavlake/monorepo/internal/services/postgres_service.go:64.2,64.19 1 0
github.com/wavlake/monorepo/internal/services/postgres_service.go:68.112,86.16 3 0
github.com/wavlake/monorepo/internal/services/postgres_service.go:86.16,88.3 1 0
github.com/wavlake/monorepo/internal/services/postgres_service.go:89.2,92.18 3 0
github.com/wavlake/monorepo/internal/services/postgres_service.go:92.18,116.17 3 0
github.com/wavlake/monorepo/internal/services/postgres_service.go:116.17,118.4 1 0
github.com/wavlake/monorepo/internal/services/postgres_service.go:119.3,119.33 1 0
github.com/wavlake/monorepo/internal/services/postgres_service.go:122.2,122.34 1 0
github.com/wavlake/monorepo/internal/services/postgres_service.go:122.34,124.3 1 0
github.com/wavlake/monorepo/internal/services/postgres_service.go:126.2,126.20 1 0
github.com/wavlake/monorepo/internal/services/postgres_service.go:130.114,144.16 3 0
github.com/wavlake/monorepo/internal/services/postgres_service.go:144.16,146.3 1 0
github.com/wavlake/monorepo/internal/services/postgres_service.go:147.2,150.18 3 0
github.com/wavlake/monorepo/internal/services/postgres_service.go:150.18,170.17 3 0
github.com/wavlake/monorepo/internal/services/postgres_service.go:170.17,172.4 1 0
github.com/wavlake/monorepo/internal/services/postgres_service.go:173.3,173.36 1 0
github.com/wavlake/monorepo/internal/services/postgres_service.go:176.2,176.34 1 0
github.com/wavlake/monorepo/internal/services/postgres_service.go:176.34,178.3 1 0
github.com/wavlake/monorepo/internal/services/postgres_service.go:180.2,180.21 1 0
github.com/wavlake/monorepo/internal/services/postgres_service.go:184.112,199.16 3 0
github.com/wavlake/monorepo/internal/services/postgres_service.go:199.16,201.3 1 0
github.com/wavlake/monorepo/internal/services/postgres_service.go:202.2,205.18 3 0
github.com/wavlake/monorepo/internal/services/postgres_service.go:205.18,224.17 3 0
github.com/wavlake/monorepo/internal/services/postgres_service.go:224.17,226.4 1 0
github.com/wavlake/monorepo/internal/services/postgres_service.go:227.3,227.33 1 0
github.com/wavlake/monorepo/internal/services/postgres_service.go:230.2,230.34 1 0
github.com/wavlake/monorepo/internal/services/postgres_service.go:230.34,232.3 1 0
github.com/wavlake/monorepo/internal/services/postgres_service.go:234.2,234.20 1 0
github.com/wavlake/monorepo/internal/services/postgres_service.go:238.113,254.16 3 0
github.com/wavlake/monorepo/internal/services/postgres_service.go:254.16,256.3 1 0
github.com/wavlake/monorepo/internal/services/postgres_service.go:257.2,260.18 3 0
github.com/wavlake/monorepo/internal/services/postgres_service.go:260.18,284.17 3 0
github.com/wavlake/monorepo/internal/services/postgres_service.go:284.17,286.4 1 0
github.com/wavlake/monorepo/internal/services/postgres_service.go:287.3,287.33 1 0
github.com/wavlake/monorepo/internal/services/postgres_service.go:290.2,290.34 1 0
github.com/wavlake/monorepo/internal/services/postgres_service.go:290.34,292.3 1 0
github.com/wavlake/monorepo/internal/services/postgres_service.go:294.2,294.20 1 0
github.com/wavlake/monorepo/internal/services/postgres_service.go:298.111,314.16 3 0
github.com/wavlake/monorepo/internal/services/postgres_service.go:314.16,316.3 1 0
github.com/wavlake/monorepo/internal/services/postgres_service.go:317.2,320.18 3 0
github.com/wavlake/monorepo/internal/services/postgres_service.go:320.18,344.17 3 0
github.com/wavlake/monorepo/internal/services/postgres_service.go:344.17,346.4 1 0
github.com/wavlake/monorepo/internal/services/postgres_service.go:347.3,347.33 1 0
github.com/wavlake/monorepo/internal/services/postgres_service.go:350.2,350.34 1 0
github.com/wavlake/monorepo/internal/services/postgres_service.go:350.34,352.3 1 0
github.com/wavlake/monorepo/internal/services/postgres_service.go:354.2,354.20 1 0
github.com/wavlake/monorepo/internal/services/processing.go:24.178,32.2 1 0
github.com/wavlake/monorepo/internal/services/processing.go:35.85,40.16 3 0
github.com/wavlake/monorepo/internal/services/processing.go:40.16,42.3 1 0
github.com/wavlake/monorepo/internal/services/processing.go:45.2,48.15 3 0
github.com/wavlake/monorepo/internal/services/processing.go:48.15,51.3 2 0
github.com/wavlake/monorepo/internal/services/processing.go:54.2,54.77 1 0
github.com/wavlake/monorepo/internal/services/processing.go:54.77,56.3 1 0
github.com/wavlake/monorepo/internal/services/processing.go:59.2,59.78 1 0
github.com/wavlake/monorepo/internal/services/processing.go:59.78,61.3 1 0
github.com/wavlake/monorepo/internal/services/processing.go:64.2,65.16 2 0
github.com/wavlake/monorepo/internal/services/processing.go:65.16,68.3 1 0
github.com/wavlake/monorepo/internal/services/processing.go:71.2,77.106 2 0
github.com/wavlake/monorepo/internal/services/processing.go:77.106,79.3 1 0
github.com/wavlake/monorepo/internal/services/processing.go:82.2,84.16 3 0
github.com/wavlake/monorepo/internal/services/processing.go:84.16,86.3 1 0
github.com/wavlake/monorepo/internal/services/processing.go:87.2,89.111 2 0
github.com/wavlake/monorepo/internal/services/processing.go:89.111,91.3 1 0
github.com/wavlake/monorepo/internal/services/processing.go:93.2,102.22 3 0
github.com/wavlake/monorepo/internal/services/processing.go:102.22,105.3 2 0
github.com/wavlake/monorepo/internal/services/processing.go:107.2,107.79 1 0
github.com/wavlake/monorepo/internal/services/processing.go:107.79,110.3 1 0
github.com/wavlake/monorepo/internal/services/processing.go:113.2,132.64 2 0
github.com/wavlake/monorepo/internal/services/processing.go:132.64,134.3 1 0
github.com/wavlake/monorepo/internal/services/processing.go:137.2,137.96 1 0
github.com/wavlake/monorepo/internal/services/processing.go:137.96,139.3 1 0
github.com/wavlake/monorepo/internal/services/processing.go:141.2,142.12 2 0
github.com/wavlake/monorepo/internal/services/processing.go:146.91,152.16 2 0
github.com/wavlake/monorepo/internal/services/processing.go:152.16,154.3 1 0
github.com/wavlake/monorepo/internal/services/processing.go:155.2,161.18 3 0
github.com/wavlake/monorepo/internal/services/processing.go:161.18,164.111 2 0
github.com/wavlake/monorepo/internal/services/processing.go:164.111,166.4 1 0
github.com/wavlake/monorepo/internal/services/processing.go:169.2,169.22 1 0
github.com/wavlake/monorepo/internal/services/processing.go:169.22,171.3 1 0
github.com/wavlake/monorepo/internal/services/processing.go:174.2,175.16 2 0
github.com/wavlake/monorepo/internal/services/processing.go:175.16,177.3 1 0
github.com/wavlake/monorepo/internal/services/processing.go:178.2,181.53 2 0
github.com/wavlake/monorepo/internal/services/processing.go:181.53,183.3 1 0
github.com/wavlake/monorepo/internal/services/processing.go:185.2,185.12 1 0
github.com/wavlake/monorepo/internal/services/processing.go:189.103,198.2 3 0
github.com/wavlake/monorepo/internal/services/processing.go:201.84,202.12 1 0
github.com/wavlake/monorepo/internal/services/processing.go:202.12,207.61 3 0
github.com/wavlake/monorepo/internal/services/processing.go:207.61,209.4 1 0
github.com/wavlake/monorepo/internal/services/processing.go:214.146,218.86 2 0
github.com/wavlake/monorepo/internal/services/processing.go:218.86,220.3 1 0
github.com/wavlake/monorepo/internal/services/processing.go:223.2,223.44 1 0
github.com/wavlake/monorepo/internal/services/processing.go:223.44,225.3 1 0
github.com/wavlake/monorepo/internal/services/processing.go:227.2,227.12 1 0
github.com/wavlake/monorepo/internal/services/processing.go:231.123,232.12 1 0
github.com/wavlake/monorepo/internal/services/processing.go:232.12,237.75 3 0
github.com/wavlake/monorepo/internal/services/processing.go:237.75,239.4 1 0
github.com/wavlake/monorepo/internal/services/processing.go:244.124,250.16 4 0
github.com/wavlake/monorepo/internal/services/processing.go:250.16,252.3 1 0
github.com/wavlake/monorepo/internal/services/processing.go:255.2,258.15 3 0
github.com/wavlake/monorepo/internal/services/processing.go:258.15,261.3 2 0
github.com/wavlake/monorepo/internal/services/processing.go:264.2,264.77 1 0
github.com/wavlake/monorepo/internal/services/processing.go:264.77,266.3 1 0
github.com/wavlake/monorepo/internal/services/processing.go:269.2,269.78 1 0
github.com/wavlake/monorepo/internal/services/processing.go:269.78,271.3 1 0
github.com/wavlake/monorepo/internal/services/processing.go:274.2,274.98 1 0
github.com/wavlake/monorepo/internal/services/processing.go:274.98,276.3 1 0
github.com/wavlake/monorepo/internal/services/processing.go:279.2,280.16 2 0
github.com/wavlake/monorepo/internal/services/processing.go:280.16,282.3 1 0
github.com/wavlake/monorepo/internal/services/processing.go:285.2,287.16 3 0
github.com/wavlake/monorepo/internal/services/processing.go:287.16,289.3 1 0
github.com/wavlake/monorepo/internal/services/processing.go:290.2,293.110 3 0
github.com/wavlake/monorepo/internal/services/processing.go:293.110,295.3 1 0
github.com/wavlake/monorepo/internal/services/processing.go:297.2,303.23 5 0
github.com/wavlake/monorepo/internal/services/processing.go:303.23,306.3 2 0
github.com/wavlake/monorepo/internal/services/processing.go:309.2,323.89 2 0
github.com/wavlake/monorepo/internal/services/processing.go:323.89,325.3 1 0
github.com/wavlake/monorepo/internal/services/processing.go:327.2,328.12 2 0
github.com/wavlake/monorepo/internal/services/processing.go:332.52,333.16 1 0
github.com/wavlake/monorepo/internal/services/processing.go:334.13,335.22 1 0
github.com/wavlake/monorepo/internal/services/processing.go:336.13,337.21 1 0
github.com/wavlake/monorepo/internal/services/processing.go:338.13,339.21 1 0
github.com/wavlake/monorepo/internal/services/processing.go:340.10,341.22 1 0
github.com/wavlake/monorepo/internal/services/storage.go:24.54,26.2 1 0
github.com/wavlake/monorepo/internal/services/storage.go:28.49,30.2 1 0
github.com/wavlake/monorepo/internal/services/storage.go:32.89,37.75 3 0
github.com/wavlake/monorepo/internal/services/storage.go:37.75,39.3 1 0
github.com/wavlake/monorepo/internal/services/storage.go:39.8,41.3 1 0
github.com/wavlake/monorepo/internal/services/storage.go:43.2,43.16 1 0
github.com/wavlake/monorepo/internal/services/storage.go:43.16,45.3 1 0
github.com/wavlake/monorepo/internal/services/storage.go:47.2,53.8 2 0
github.com/wavlake/monorepo/internal/services/storage.go:56.40,58.2 1 0
github.com/wavlake/monorepo/internal/services/storage.go:61.129,72.45 2 0
github.com/wavlake/monorepo/internal/services/storage.go:72.45,75.4 1 0
github.com/wavlake/monorepo/internal/services/storage.go:78.2,79.16 2 0
github.com/wavlake/monorepo/internal/services/storage.go:79.16,81.3 1 0
github.com/wavlake/monorepo/internal/services/storage.go:83.2,83.17 1 0
github.com/wavlake/monorepo/internal/services/storage.go:87.65,89.2 1 0
github.com/wavlake/monorepo/internal/services/storage.go:92.93,97.16 4 0
github.com/wavlake/monorepo/internal/services/storage.go:97.16,99.3 1 0
github.com/wavlake/monorepo/internal/services/storage.go:101.2,101.12 1 0
github.com/wavlake/monorepo/internal/services/storage.go:105.85,107.40 2 0
github.com/wavlake/monorepo/internal/services/storage.go:107.40,109.3 1 0
github.com/wavlake/monorepo/internal/services/storage.go:110.2,110.12 1 0
github.com/wavlake/monorepo/internal/services/storage.go:114.121,119.49 4 0
github.com/wavlake/monorepo/internal/services/storage.go:119.49,122.3 2 0
github.com/wavlake/monorepo/internal/services/storage.go:124.2,124.39 1 0
github.com/wavlake/monorepo/internal/services/storage.go:124.39,126.3 1 0
github.com/wavlake/monorepo/internal/services/storage.go:128.2,128.12 1 0
github.com/wavlake/monorepo/internal/services/storage.go:132.105,135.16 3 0
github.com/wavlake/monorepo/internal/services/storage.go:135.16,137.3 1 0
github.com/wavlake/monorepo/internal/services/storage.go:138.2,138.19 1 0
github.com/wavlake/monorepo/internal/services/storage.go:142.105,145.16 3 0
github.com/wavlake/monorepo/internal/services/storage.go:145.16,147.3 1 0
github.com/wavlake/monorepo/internal/services/storage.go:148.2,148.20 1 0
github.com/wavlake/monorepo/internal/services/storage.go:152.101,155.16 2 0
github.com/wavlake/monorepo/internal/services/storage.go:155.16,157.3 1 0
github.com/wavlake/monorepo/internal/services/storage.go:160.2,167.16 4 0
github.com/wavlake/monorepo/internal/services/storage.go:167.16,169.3 1 0
github.com/wavlake/monorepo/internal/services/storage.go:172.2,173.16 2 0
github.com/wavlake/monorepo/internal/services/storage.go:173.16,175.3 1 0
github.com/wavlake/monorepo/internal/services/storage.go:177.2,177.23 1 0
github.com/wavlake/monorepo/internal/services/token_service.go:20.38,24.2 1 0
github.com/wavlake/monorepo/internal/services/token_service.go:27.145,30.49 2 0
github.com/wavlake/monorepo/internal/services/token_service.go:30.49,32.3 1 0
github.com/wavlake/monorepo/internal/services/token_service.go:34.2,48.25 5 0
github.com/wavlake/monorepo/internal/services/token_service.go:52.145,55.2 1 0
github.com/wavlake/monorepo/internal/services/token_service.go:58.112,60.13 2 0
github.com/wavlake/monorepo/internal/services/token_service.go:60.13,62.3 1 0
github.com/wavlake/monorepo/internal/services/token_service.go:65.2,65.45 1 0
github.com/wavlake/monorepo/internal/services/token_service.go:65.45,69.3 2 0
github.com/wavlake/monorepo/internal/services/token_service.go:72.2,72.30 1 0
github.com/wavlake/monorepo/internal/services/token_service.go:72.30,74.3 1 0
github.com/wavlake/monorepo/internal/services/token_service.go:76.2,76.25 1 0
github.com/wavlake/monorepo/internal/services/token_service.go:80.77,81.43 1 0
github.com/wavlake/monorepo/internal/services/token_service.go:81.43,83.3 1 0
github.com/wavlake/monorepo/internal/services/token_service.go:85.2,86.12 2 0
github.com/wavlake/monorepo/internal/services/token_service.go:90.111,94.43 3 0
github.com/wavlake/monorepo/internal/services/token_service.go:94.43,95.72 1 0
github.com/wavlake/monorepo/internal/services/token_service.go:95.72,97.4 1 0
github.com/wavlake/monorepo/internal/services/token_service.go:97.9,97.46 1 0
github.com/wavlake/monorepo/internal/services/token_service.go:97.46,100.4 1 0
github.com/wavlake/monorepo/internal/services/token_service.go:103.2,103.26 1 0
github.com/wavlake/monorepo/internal/services/token_service.go:107.131,109.13 2 0
github.com/wavlake/monorepo/internal/services/token_service.go:109.13,111.3 1 0
github.com/wavlake/monorepo/internal/services/token_service.go:114.2,114.45 1 0
github.com/wavlake/monorepo/internal/services/token_service.go:114.45,117.3 2 0
github.com/wavlake/monorepo/internal/services/token_service.go:120.2,122.25 2 0
github.com/wavlake/monorepo/internal/services/user_service.go:19.96,24.2 1 0
github.com/wavlake/monorepo/internal/services/user_service.go:27.95,32.82 3 0
github.com/wavlake/monorepo/internal/services/user_service.go:32.82,34.3 1 0
github.com/wavlake/monorepo/internal/services/user_service.go:37.2,37.105 1 0
github.com/wavlake/monorepo/internal/services/user_service.go:37.105,43.17 4 0
github.com/wavlake/monorepo/internal/services/user_service.go:43.17,51.4 1 0
github.com/wavlake/monorepo/internal/services/user_service.go:51.9,53.48 1 0
github.com/wavlake/monorepo/internal/services/user_service.go:53.48,55.5 1 0
github.com/wavlake/monorepo/internal/services/user_service.go:58.4,58.45 1 0
github.com/wavlake/monorepo/internal/services/user_service.go:58.45,60.5 1 0
github.com/wavlake/monorepo/internal/services/user_service.go:61.4,61.24 1 0
github.com/wavlake/monorepo/internal/services/user_service.go:64.3,64.47 1 0
github.com/wavlake/monorepo/internal/services/user_service.go:64.47,66.4 1 0
github.com/wavlake/monorepo/internal/services/user_service.go:69.3,79.57 3 0
github.com/wavlake/monorepo/internal/services/user_service.go:79.57,81.4 1 0
github.com/wavlake/monorepo/internal/services/user_service.go:83.3,83.13 1 0
github.com/wavlake/monorepo/internal/services/user_service.go:86.2,86.12 1 0
github.com/wavlake/monorepo/internal/services/user_service.go:90.99,93.16 2 0
github.com/wavlake/monorepo/internal/services/user_service.go:93.16,95.3 1 0
github.com/wavlake/monorepo/internal/services/user_service.go:97.2,97.42 1 0
github.com/wavlake/monorepo/internal/services/user_service.go:97.42,99.3 1 0
github.com/wavlake/monorepo/internal/services/user_service.go:101.2,101.23 1 0
github.com/wavlake/monorepo/internal/services/user_service.go:101.23,103.3 1 0
github.com/wavlake/monorepo/internal/services/user_service.go:106.2,106.106 1 0
github.com/wavlake/monorepo/internal/services/user_service.go:106.106,110.17 3 0
github.com/wavlake/monorepo/internal/services/user_service.go:110.17,112.4 1 0
github.com/wavlake/monorepo/internal/services/user_service.go:114.3,115.47 2 0
github.com/wavlake/monorepo/internal/services/user_service.go:115.47,117.4 1 0
github.com/wavlake/monorepo/internal/services/user_service.go:121.3,124.64 4 0
github.com/wavlake/monorepo/internal/services/user_service.go:124.64,126.4 1 0
github.com/wavlake/monorepo/internal/services/user_service.go:129.3,132.47 3 0
github.com/wavlake/monorepo/internal/services/user_service.go:132.47,134.4 1 0
github.com/wavlake/monorepo/internal/services/user_service.go:136.3,136.13 1 0
github.com/wavlake/monorepo/internal/services/user_service.go:141.109,154.6 6 0
github.com/wavlake/monorepo/internal/services/user_service.go:154.6,156.27 2 0
github.com/wavlake/monorepo/internal/services/user_service.go:156.27,157.9 1 0
github.com/wavlake/monorepo/internal/services/user_service.go:159.3,159.17 1 0
github.com/wavlake/monorepo/internal/services/user_service.go:159.17,165.8 4 0
github.com/wavlake/monorepo/internal/services/user_service.go:165.8,167.29 2 0
github.com/wavlake/monorepo/internal/services/user_service.go:167.29,168.11 1 0
github.com/wavlake/monorepo/internal/services/user_service.go:170.5,170.19 1 0
github.com/wavlake/monorepo/internal/services/user_service.go:170.19,172.6 1 0
github.com/wavlake/monorepo/internal/services/user_service.go:174.5,175.50 2 0
github.com/wavlake/monorepo/internal/services/user_service.go:175.50,177.6 1 0
github.com/wavlake/monorepo/internal/services/user_service.go:179.5,179.41 1 0
github.com/wavlake/monorepo/internal/services/user_service.go:181.4,181.9 1 0
github.com/wavlake/monorepo/internal/services/user_service.go:184.3,185.48 2 0
github.com/wavlake/monorepo/internal/services/user_service.go:185.48,187.4 1 0
github.com/wavlake/monorepo/internal/services/user_service.go:189.3,189.39 1 0
github.com/wavlake/monorepo/internal/services/user_service.go:192.2,192.21 1 0
github.com/wavlake/monorepo/internal/services/user_service.go:196.98,198.16 2 0
github.com/wavlake/monorepo/internal/services/user_service.go:198.16,200.3 1 0
github.com/wavlake/monorepo/internal/services/user_service.go:202.2,202.23 1 0
github.com/wavlake/monorepo/internal/services/user_service.go:202.23,204.3 1 0
github.com/wavlake/monorepo/internal/services/user_service.go:206.2,206.35 1 0
github.com/wavlake/monorepo/internal/services/user_service.go:210.99,212.16 2 0
github.com/wavlake/monorepo/internal/services/user_service.go:212.16,214.3 1 0
github.com/wavlake/monorepo/internal/services/user_service.go:216.2,217.47 2 0
github.com/wavlake/monorepo/internal/services/user_service.go:217.47,219.3 1 0
github.com/wavlake/monorepo/internal/services/user_service.go:221.2,221.24 1 0
github.com/wavlake/monorepo/internal/services/user_service.go:225.49,226.26 1 0
github.com/wavlake/monorepo/internal/services/user_service.go:226.26,227.16 1 0
github.com/wavlake/monorepo/internal/services/user_service.go:227.16,229.4 1 0
github.com/wavlake/monorepo/internal/services/user_service.go:231.2,231.14 1 0
github.com/wavlake/monorepo/internal/services/user_service.go:234.57,236.26 2 0
github.com/wavlake/monorepo/internal/services/user_service.go:236.26,237.16 1 0
github.com/wavlake/monorepo/internal/services/user_service.go:237.16,239.4 1 0
github.com/wavlake/monorepo/internal/services/user_service.go:241.2,241.15 1 0
github.com/wavlake/monorepo/internal/services/user_service.go:245.93,247.16 2 0
github.com/wavlake/monorepo/internal/services/user_service.go:247.16,249.3 1 0
github.com/wavlake/monorepo/internal/services/user_service.go:251.2,251.24 1 0
github.com/wavlake/monorepo/internal/services/webhook_service.go:21.132,26.2 1 0
github.com/wavlake/monorepo/internal/services/webhook_service.go:29.112,30.27 1 0
github.com/wavlake/monorepo/internal/services/webhook_service.go:31.25,33.59 1 0
github.com/wavlake/monorepo/internal/services/webhook_service.go:33.59,35.4 1 0
github.com/wavlake/monorepo/internal/services/webhook_service.go:36.3,36.51 1 0
github.com/wavlake/monorepo/internal/services/webhook_service.go:38.31,40.59 1 0
github.com/wavlake/monorepo/internal/services/webhook_service.go:40.59,42.4 1 0
github.com/wavlake/monorepo/internal/services/webhook_service.go:43.3,43.51 1 0
github.com/wavlake/monorepo/internal/services/webhook_service.go:45.10,46.69 1 0
github.com/wavlake/monorepo/internal/services/webhook_service.go:51.106,52.27 1 0
github.com/wavlake/monorepo/internal/services/webhook_service.go:53.23,55.65 1 0
github.com/wavlake/monorepo/internal/services/webhook_service.go:55.65,57.4 1 0
github.com/wavlake/monorepo/internal/services/webhook_service.go:58.3,58.54 1 0
github.com/wavlake/monorepo/internal/services/webhook_service.go:60.23,62.65 1 0
github.com/wavlake/monorepo/internal/services/webhook_service.go:62.65,64.4 1 0
github.com/wavlake/monorepo/internal/services/webhook_service.go:65.3,65.54 1 0
github.com/wavlake/monorepo/internal/services/webhook_service.go:67.10,68.77 1 0
github.com/wavlake/monorepo/internal/services/webhook_service.go:73.109,74.27 1 0
github.com/wavlake/monorepo/internal/services/webhook_service.go:75.25,77.59 1 0
github.com/wavlake/monorepo/internal/services/webhook_service.go:77.59,79.4 1 0
github.com/wavlake/monorepo/internal/services/webhook_service.go:80.3,80.51 1 0
github.com/wavlake/monorepo/internal/services/webhook_service.go:82.23,84.59 1 0
github.com/wavlake/monorepo/internal/services/webhook_service.go:84.59,86.4 1 0
github.com/wavlake/monorepo/internal/services/webhook_service.go:87.3,87.51 1 0
github.com/wavlake/monorepo/internal/services/webhook_service.go:89.10,90.75 1 0
github.com/wavlake/monorepo/internal/services/webhook_service.go:95.116,105.2 1 0
github.com/wavlake/monorepo/internal/services/webhook_service.go:108.89,114.21 1 0
github.com/wavlake/monorepo/internal/services/webhook_service.go:114.21,116.3 1 0
github.com/wavlake/monorepo/internal/services/webhook_service.go:118.2,118.12 1 0
github.com/wavlake/monorepo/internal/services/webhook_service.go:122.99,123.18 1 0
github.com/wavlake/monorepo/internal/services/webhook_service.go:123.18,125.3 1 0
github.com/wavlake/monorepo/internal/services/webhook_service.go:128.2,133.63 4 0
github.com/wavlake/monorepo/internal/services/webhook_service.go:133.63,135.3 1 0
github.com/wavlake/monorepo/internal/services/webhook_service.go:137.2,137.12 1 0
github.com/wavlake/monorepo/internal/services/webhook_service.go:142.119,148.44 2 0
github.com/wavlake/monorepo/internal/services/webhook_service.go:148.44,150.3 1 0
github.com/wavlake/monorepo/internal/services/webhook_service.go:152.2,152.52 1 0
github.com/wavlake/monorepo/internal/services/webhook_service.go:152.52,154.3 1 0
github.com/wavlake/monorepo/internal/services/webhook_service.go:156.2,156.63 1 0
github.com/wavlake/monorepo/internal/services/webhook_service.go:159.125,164.2 3 0
github.com/wavlake/monorepo/internal/services/webhook_service.go:166.120,171.2 3 0
github.com/wavlake/monorepo/internal/services/webhook_service.go:173.119,178.2 3 0
github.com/wavlake/monorepo/internal/services/webhook_service.go:180.124,185.2 3 0
github.com/wavlake/monorepo/internal/services/webhook_service.go:187.122,192.2 3 0
github.com/wavlake/monorepo/internal/utils/audio.go:22.56,26.2 1 1
github.com/wavlake/monorepo/internal/utils/audio.go:38.99,47.16 3 1
github.com/wavlake/monorepo/internal/utils/audio.go:47.16,49.3 1 1
github.com/wavlake/monorepo/internal/utils/audio.go:51.2,52.20 2 0
github.com/wavlake/monorepo/internal/utils/audio.go:52.20,54.3 1 0
github.com/wavlake/monorepo/internal/utils/audio.go:57.2,58.26 2 0
github.com/wavlake/monorepo/internal/utils/audio.go:58.26,60.3 1 0
github.com/wavlake/monorepo/internal/utils/audio.go:62.2,63.16 2 0
github.com/wavlake/monorepo/internal/utils/audio.go:63.16,65.3 1 0
github.com/wavlake/monorepo/internal/utils/audio.go:67.2,68.16 2 0
github.com/wavlake/monorepo/internal/utils/audio.go:68.16,70.3 1 0
github.com/wavlake/monorepo/internal/utils/audio.go:72.2,73.16 2 0
github.com/wavlake/monorepo/internal/utils/audio.go:73.16,75.31 1 0
github.com/wavlake/monorepo/internal/utils/audio.go:75.31,77.4 1 0
github.com/wavlake/monorepo/internal/utils/audio.go:81.2,82.26 2 0
github.com/wavlake/monorepo/internal/utils/audio.go:82.26,84.3 1 0
github.com/wavlake/monorepo/internal/utils/audio.go:86.2,87.16 2 0
github.com/wavlake/monorepo/internal/utils/audio.go:87.16,89.3 1 0
github.com/wavlake/monorepo/internal/utils/audio.go:91.2,92.16 2 0
github.com/wavlake/monorepo/internal/utils/audio.go:92.16,94.3 1 0
github.com/wavlake/monorepo/internal/utils/audio.go:96.2,102.8 1 0
github.com/wavlake/monorepo/internal/utils/audio.go:106.132,108.2 1 1
github.com/wavlake/monorepo/internal/utils/audio.go:112.105,115.68 1 0
github.com/wavlake/monorepo/internal/utils/audio.go:115.68,117.3 1 0
github.com/wavlake/monorepo/internal/utils/audio.go:120.2,131.16 3 0
github.com/wavlake/monorepo/internal/utils/audio.go:131.16,133.3 1 0
github.com/wavlake/monorepo/internal/utils/audio.go:135.2,136.12 2 0
github.com/wavlake/monorepo/internal/utils/audio.go:140.118,143.16 2 0
github.com/wavlake/monorepo/internal/utils/audio.go:143.16,145.3 1 0
github.com/wavlake/monorepo/internal/utils/audio.go:146.2,155.34 4 0
github.com/wavlake/monorepo/internal/utils/audio.go:155.34,157.3 1 0
github.com/wavlake/monorepo/internal/utils/audio.go:160.2,161.16 2 0
github.com/wavlake/monorepo/internal/utils/audio.go:161.16,163.3 1 0
github.com/wavlake/monorepo/internal/utils/audio.go:166.2,166.82 1 0
github.com/wavlake/monorepo/internal/utils/audio.go:166.82,168.3 1 0
github.com/wavlake/monorepo/internal/utils/audio.go:170.2,170.23 1 0
github.com/wavlake/monorepo/internal/utils/audio.go:174.89,183.16 3 1
github.com/wavlake/monorepo/internal/utils/audio.go:183.16,185.3 1 1
github.com/wavlake/monorepo/internal/utils/audio.go:187.2,187.50 1 0
github.com/wavlake/monorepo/internal/utils/audio.go:187.50,189.3 1 0
github.com/wavlake/monorepo/internal/utils/audio.go:191.2,191.12 1 0
github.com/wavlake/monorepo/internal/utils/audio.go:195.58,199.2 1 1
github.com/wavlake/monorepo/internal/utils/audio.go:202.68,204.50 2 1
github.com/wavlake/monorepo/internal/utils/audio.go:204.50,205.26 1 1
github.com/wavlake/monorepo/internal/utils/audio.go:205.26,207.4 1 1
github.com/wavlake/monorepo/internal/utils/audio.go:209.2,209.14 1 1
github.com/wavlake/monorepo/internal/utils/audio.go:213.143,223.24 3 1
github.com/wavlake/monorepo/internal/utils/audio.go:224.13,226.67 2 1
github.com/wavlake/monorepo/internal/utils/audio.go:227.13,229.67 2 1
github.com/wavlake/monorepo/internal/utils/audio.go:230.13,232.67 2 1
github.com/wavlake/monorepo/internal/utils/audio.go:233.10,234.62 1 1
github.com/wavlake/monorepo/internal/utils/audio.go:238.2,238.28 1 1
github.com/wavlake/monorepo/internal/utils/audio.go:238.28,240.3 1 1
github.com/wavlake/monorepo/internal/utils/audio.go:243.2,243.25 1 1
github.com/wavlake/monorepo/internal/utils/audio.go:244.13,245.35 1 1
github.com/wavlake/monorepo/internal/utils/audio.go:246.16,247.35 1 1
github.com/wavlake/monorepo/internal/utils/audio.go:248.14,249.35 1 1
github.com/wavlake/monorepo/internal/utils/audio.go:253.2,258.16 4 1
github.com/wavlake/monorepo/internal/utils/audio.go:258.16,260.3 1 1
github.com/wavlake/monorepo/internal/utils/audio.go:262.2,263.12 2 0
github.com/wavlake/monorepo/internal/utils/audio.go:267.112,270.16 2 1
github.com/wavlake/monorepo/internal/utils/audio.go:270.16,272.3 1 1
github.com/wavlake/monorepo/internal/utils/audio.go:275.2,283.16 3 0
github.com/wavlake/monorepo/internal/utils/audio.go:283.16,292.3 1 0
github.com/wavlake/monorepo/internal/utils/audio.go:294.2,305.20 3 0
github.com/wavlake/monorepo/internal/utils/audio.go:305.20,307.27 2 0
github.com/wavlake/monorepo/internal/utils/audio.go:307.27,309.4 1 0
github.com/wavlake/monorepo/internal/utils/audio.go:312.3,312.27 1 0
github.com/wavlake/monorepo/internal/utils/audio.go:312.27,316.29 3 0
github.com/wavlake/monorepo/internal/utils/audio.go:316.29,317.39 1 0
github.com/wavlake/monorepo/internal/utils/audio.go:317.39,318.25 1 0
github.com/wavlake/monorepo/internal/utils/audio.go:319.19,320.27 1 0
github.com/wavlake/monorepo/internal/utils/audio.go:321.20,322.28 1 0
github.com/wavlake/monorepo/internal/utils/audio.go:323.19,324.27 1 0
github.com/wavlake/monorepo/internal/utils/audio.go:325.19,326.27 1 0
github.com/wavlake/monorepo/internal/utils/audio.go:327.18,328.53 1 0
github.com/wavlake/monorepo/internal/utils/audio.go:328.53,330.8 1 0
github.com/wavlake/monorepo/internal/utils/audio.go:331.19,332.54 1 0
github.com/wavlake/monorepo/internal/utils/audio.go:332.54,334.8 1 0
github.com/wavlake/monorepo/internal/utils/audio.go:336.6,336.38 1 0
github.com/wavlake/monorepo/internal/utils/audio.go:342.2,342.22 1 0
github.com/wavlake/monorepo/internal/utils/storage_paths.go:17.48,25.2 2 1
github.com/wavlake/monorepo/internal/utils/storage_paths.go:28.79,30.2 1 1
github.com/wavlake/monorepo/internal/utils/storage_paths.go:33.70,35.2 1 1
github.com/wavlake/monorepo/internal/utils/storage_paths.go:38.96,40.2 1 1
github.com/wavlake/monorepo/internal/utils/storage_paths.go:43.68,46.2 2 1
github.com/wavlake/monorepo/internal/utils/storage_paths.go:49.70,52.2 2 1
github.com/wavlake/monorepo/internal/utils/storage_paths.go:55.74,57.34 2 1
github.com/wavlake/monorepo/internal/utils/storage_paths.go:57.34,59.3 1 1
github.com/wavlake/monorepo/internal/utils/storage_paths.go:59.8,59.43 1 1
github.com/wavlake/monorepo/internal/utils/storage_paths.go:59.43,61.3 1 1
github.com/wavlake/monorepo/internal/utils/storage_paths.go:61.8,63.3 1 1
github.com/wavlake/monorepo/internal/utils/storage_paths.go:66.2,69.32 2 1
github.com/wavlake/monorepo/internal/utils/storage_paths.go:69.32,70.18 1 1
github.com/wavlake/monorepo/internal/utils/storage_paths.go:70.18,72.4 1 1
github.com/wavlake/monorepo/internal/utils/storage_paths.go:73.3,73.18 1 1
github.com/wavlake/monorepo/internal/utils/storage_paths.go:73.18,76.4 1 1
github.com/wavlake/monorepo/internal/utils/storage_paths.go:79.2,79.17 1 1
