mode: set
github.com/wavlake/monorepo/cmd/fileserver/main.go:21.52,23.2 1 0
github.com/wavlake/monorepo/cmd/fileserver/main.go:26.68,27.34 1 0
github.com/wavlake/monorepo/cmd/fileserver/main.go:27.34,29.3 1 0
github.com/wavlake/monorepo/cmd/fileserver/main.go:31.2,32.16 2 0
github.com/wavlake/monorepo/cmd/fileserver/main.go:32.16,34.3 1 0
github.com/wavlake/monorepo/cmd/fileserver/main.go:36.2,36.36 1 0
github.com/wavlake/monorepo/cmd/fileserver/main.go:36.36,38.3 1 0
github.com/wavlake/monorepo/cmd/fileserver/main.go:41.2,42.36 2 0
github.com/wavlake/monorepo/cmd/fileserver/main.go:45.52,51.42 4 0
github.com/wavlake/monorepo/cmd/fileserver/main.go:51.42,54.3 2 0
github.com/wavlake/monorepo/cmd/fileserver/main.go:57.2,58.16 2 0
github.com/wavlake/monorepo/cmd/fileserver/main.go:58.16,61.3 2 0
github.com/wavlake/monorepo/cmd/fileserver/main.go:62.2,69.47 4 0
github.com/wavlake/monorepo/cmd/fileserver/main.go:69.47,73.3 3 0
github.com/wavlake/monorepo/cmd/fileserver/main.go:76.2,77.16 2 0
github.com/wavlake/monorepo/cmd/fileserver/main.go:77.16,81.3 3 0
github.com/wavlake/monorepo/cmd/fileserver/main.go:82.2,86.16 3 0
github.com/wavlake/monorepo/cmd/fileserver/main.go:86.16,90.3 3 0
github.com/wavlake/monorepo/cmd/fileserver/main.go:92.2,100.4 2 0
github.com/wavlake/monorepo/cmd/fileserver/main.go:103.54,109.53 3 0
github.com/wavlake/monorepo/cmd/fileserver/main.go:109.53,112.3 2 0
github.com/wavlake/monorepo/cmd/fileserver/main.go:115.2,115.18 1 0
github.com/wavlake/monorepo/cmd/fileserver/main.go:118.50,124.88 4 0
github.com/wavlake/monorepo/cmd/fileserver/main.go:124.88,125.17 1 0
github.com/wavlake/monorepo/cmd/fileserver/main.go:125.17,127.4 1 0
github.com/wavlake/monorepo/cmd/fileserver/main.go:128.3,128.20 1 0
github.com/wavlake/monorepo/cmd/fileserver/main.go:128.20,131.18 2 0
github.com/wavlake/monorepo/cmd/fileserver/main.go:131.18,133.5 1 0
github.com/wavlake/monorepo/cmd/fileserver/main.go:134.4,134.34 1 0
github.com/wavlake/monorepo/cmd/fileserver/main.go:136.3,136.13 1 0
github.com/wavlake/monorepo/cmd/fileserver/main.go:139.2,139.16 1 0
github.com/wavlake/monorepo/cmd/fileserver/main.go:139.16,142.3 2 0
github.com/wavlake/monorepo/cmd/fileserver/main.go:144.2,144.46 1 0
github.com/wavlake/monorepo/cmd/fileserver/main.go:147.52,151.44 3 0
github.com/wavlake/monorepo/cmd/fileserver/main.go:151.44,152.25 1 0
github.com/wavlake/monorepo/cmd/fileserver/main.go:152.25,154.4 1 0
github.com/wavlake/monorepo/cmd/fileserver/main.go:154.9,156.4 1 0
github.com/wavlake/monorepo/cmd/fileserver/main.go:157.3,157.9 1 0
github.com/wavlake/monorepo/cmd/fileserver/main.go:160.2,160.70 1 0
github.com/wavlake/monorepo/cmd/fileserver/main.go:163.52,170.2 1 0
github.com/wavlake/monorepo/cmd/fileserver/main.go:172.13,174.16 2 0
github.com/wavlake/monorepo/cmd/fileserver/main.go:174.16,176.3 1 0
github.com/wavlake/monorepo/cmd/fileserver/main.go:178.2,179.23 2 0
github.com/wavlake/monorepo/cmd/fileserver/main.go:179.23,181.3 1 0
github.com/wavlake/monorepo/cmd/fileserver/main.go:184.2,184.55 1 0
github.com/wavlake/monorepo/cmd/fileserver/main.go:184.55,186.3 1 0
github.com/wavlake/monorepo/cmd/fileserver/main.go:189.2,189.33 1 0
github.com/wavlake/monorepo/cmd/fileserver/main.go:189.33,191.3 1 0
github.com/wavlake/monorepo/cmd/fileserver/main.go:193.2,213.47 13 0
github.com/wavlake/monorepo/cmd/fileserver/main.go:213.47,215.3 1 0
github.com/wavlake/monorepo/cmd/api/main.go:30.52,31.42 1 0
github.com/wavlake/monorepo/cmd/api/main.go:31.42,32.55 1 0
github.com/wavlake/monorepo/cmd/api/main.go:32.55,34.4 1 0
github.com/wavlake/monorepo/cmd/api/main.go:36.2,36.21 1 0
github.com/wavlake/monorepo/cmd/api/main.go:39.13,44.16 3 0
github.com/wavlake/monorepo/cmd/api/main.go:44.16,46.3 1 0
github.com/wavlake/monorepo/cmd/api/main.go:48.2,49.21 2 0
github.com/wavlake/monorepo/cmd/api/main.go:49.21,50.30 1 0
github.com/wavlake/monorepo/cmd/api/main.go:50.30,52.4 1 0
github.com/wavlake/monorepo/cmd/api/main.go:52.9,55.4 2 0
github.com/wavlake/monorepo/cmd/api/main.go:59.2,60.22 2 0
github.com/wavlake/monorepo/cmd/api/main.go:60.22,63.3 2 0
github.com/wavlake/monorepo/cmd/api/main.go:65.2,66.19 2 0
github.com/wavlake/monorepo/cmd/api/main.go:66.19,68.3 1 0
github.com/wavlake/monorepo/cmd/api/main.go:70.2,78.51 5 0
github.com/wavlake/monorepo/cmd/api/main.go:78.51,81.3 2 0
github.com/wavlake/monorepo/cmd/api/main.go:81.8,84.83 2 0
github.com/wavlake/monorepo/cmd/api/main.go:84.83,88.4 1 0
github.com/wavlake/monorepo/cmd/api/main.go:91.3,91.74 1 0
github.com/wavlake/monorepo/cmd/api/main.go:91.74,94.4 2 0
github.com/wavlake/monorepo/cmd/api/main.go:94.9,96.4 1 0
github.com/wavlake/monorepo/cmd/api/main.go:98.3,98.17 1 0
github.com/wavlake/monorepo/cmd/api/main.go:98.17,99.31 1 0
github.com/wavlake/monorepo/cmd/api/main.go:99.31,103.5 3 0
github.com/wavlake/monorepo/cmd/api/main.go:103.10,105.5 1 0
github.com/wavlake/monorepo/cmd/api/main.go:106.9,109.18 2 0
github.com/wavlake/monorepo/cmd/api/main.go:109.18,110.32 1 0
github.com/wavlake/monorepo/cmd/api/main.go:110.32,113.6 2 0
github.com/wavlake/monorepo/cmd/api/main.go:113.11,115.6 1 0
github.com/wavlake/monorepo/cmd/api/main.go:116.10,117.55 1 0
github.com/wavlake/monorepo/cmd/api/main.go:117.55,119.6 1 0
github.com/wavlake/monorepo/cmd/api/main.go:119.11,121.6 1 0
github.com/wavlake/monorepo/cmd/api/main.go:127.2,128.16 2 0
github.com/wavlake/monorepo/cmd/api/main.go:128.16,130.3 1 0
github.com/wavlake/monorepo/cmd/api/main.go:131.2,136.21 4 0
github.com/wavlake/monorepo/cmd/api/main.go:136.21,141.17 4 0
github.com/wavlake/monorepo/cmd/api/main.go:141.17,143.4 1 0
github.com/wavlake/monorepo/cmd/api/main.go:144.3,152.45 5 0
github.com/wavlake/monorepo/cmd/api/main.go:152.45,154.4 1 0
github.com/wavlake/monorepo/cmd/api/main.go:154.9,157.4 2 0
github.com/wavlake/monorepo/cmd/api/main.go:158.8,160.3 1 0
github.com/wavlake/monorepo/cmd/api/main.go:163.2,164.25 2 0
github.com/wavlake/monorepo/cmd/api/main.go:164.25,166.3 1 0
github.com/wavlake/monorepo/cmd/api/main.go:166.8,171.3 2 0
github.com/wavlake/monorepo/cmd/api/main.go:174.2,176.16 3 0
github.com/wavlake/monorepo/cmd/api/main.go:176.16,178.3 1 0
github.com/wavlake/monorepo/cmd/api/main.go:179.2,193.25 10 0
github.com/wavlake/monorepo/cmd/api/main.go:193.25,197.3 3 0
github.com/wavlake/monorepo/cmd/api/main.go:197.8,197.36 1 0
github.com/wavlake/monorepo/cmd/api/main.go:197.36,199.3 1 0
github.com/wavlake/monorepo/cmd/api/main.go:201.2,202.16 2 0
github.com/wavlake/monorepo/cmd/api/main.go:202.16,204.3 1 0
github.com/wavlake/monorepo/cmd/api/main.go:207.2,212.28 4 0
github.com/wavlake/monorepo/cmd/api/main.go:212.28,214.3 1 0
github.com/wavlake/monorepo/cmd/api/main.go:217.2,217.33 1 0
github.com/wavlake/monorepo/cmd/api/main.go:217.33,219.3 1 0
github.com/wavlake/monorepo/cmd/api/main.go:221.2,224.53 2 0
github.com/wavlake/monorepo/cmd/api/main.go:224.53,248.3 2 0
github.com/wavlake/monorepo/cmd/api/main.go:248.8,250.3 1 0
github.com/wavlake/monorepo/cmd/api/main.go:252.2,268.29 4 0
github.com/wavlake/monorepo/cmd/api/main.go:268.29,271.3 2 0
github.com/wavlake/monorepo/cmd/api/main.go:271.8,273.3 1 0
github.com/wavlake/monorepo/cmd/api/main.go:274.2,288.48 4 0
github.com/wavlake/monorepo/cmd/api/main.go:288.48,292.3 1 0
github.com/wavlake/monorepo/cmd/api/main.go:295.2,295.29 1 0
github.com/wavlake/monorepo/cmd/api/main.go:295.29,297.3 2 0
github.com/wavlake/monorepo/cmd/api/main.go:297.3,299.49 1 0
github.com/wavlake/monorepo/cmd/api/main.go:299.49,314.5 1 0
github.com/wavlake/monorepo/cmd/api/main.go:317.4,317.55 1 0
github.com/wavlake/monorepo/cmd/api/main.go:317.55,318.31 1 0
github.com/wavlake/monorepo/cmd/api/main.go:318.31,321.6 2 0
github.com/wavlake/monorepo/cmd/api/main.go:324.5,327.7 1 0
github.com/wavlake/monorepo/cmd/api/main.go:331.4,331.59 1 0
github.com/wavlake/monorepo/cmd/api/main.go:331.59,332.31 1 0
github.com/wavlake/monorepo/cmd/api/main.go:332.31,335.6 2 0
github.com/wavlake/monorepo/cmd/api/main.go:337.5,339.7 1 0
github.com/wavlake/monorepo/cmd/api/main.go:345.2,349.2 3 0
github.com/wavlake/monorepo/cmd/api/main.go:349.2,351.32 1 0
github.com/wavlake/monorepo/cmd/api/main.go:351.32,354.4 2 0
github.com/wavlake/monorepo/cmd/api/main.go:354.9,354.37 1 0
github.com/wavlake/monorepo/cmd/api/main.go:354.37,356.62 1 0
github.com/wavlake/monorepo/cmd/api/main.go:356.62,358.5 1 0
github.com/wavlake/monorepo/cmd/api/main.go:359.4,359.58 1 0
github.com/wavlake/monorepo/cmd/api/main.go:359.58,361.5 1 0
github.com/wavlake/monorepo/cmd/api/main.go:365.3,365.32 1 0
github.com/wavlake/monorepo/cmd/api/main.go:365.32,367.4 1 0
github.com/wavlake/monorepo/cmd/api/main.go:367.9,367.37 1 0
github.com/wavlake/monorepo/cmd/api/main.go:367.37,368.56 1 0
github.com/wavlake/monorepo/cmd/api/main.go:368.56,370.5 1 0
github.com/wavlake/monorepo/cmd/api/main.go:374.3,374.158 1 0
github.com/wavlake/monorepo/cmd/api/main.go:374.158,377.60 3 0
github.com/wavlake/monorepo/cmd/api/main.go:377.60,379.5 1 0
github.com/wavlake/monorepo/cmd/api/main.go:380.4,380.35 1 0
github.com/wavlake/monorepo/cmd/api/main.go:385.2,386.120 2 0
github.com/wavlake/monorepo/cmd/api/main.go:386.120,391.3 3 0
github.com/wavlake/monorepo/cmd/api/main.go:392.3,394.3 0 0
github.com/wavlake/monorepo/cmd/api/main.go:397.2,398.2 2 0
github.com/wavlake/monorepo/cmd/api/main.go:398.2,403.129 2 0
github.com/wavlake/monorepo/cmd/api/main.go:403.129,407.4 3 0
github.com/wavlake/monorepo/cmd/api/main.go:409.3,409.125 1 0
github.com/wavlake/monorepo/cmd/api/main.go:409.125,413.4 3 0
github.com/wavlake/monorepo/cmd/api/main.go:415.3,415.134 1 0
github.com/wavlake/monorepo/cmd/api/main.go:415.134,419.4 3 0
github.com/wavlake/monorepo/cmd/api/main.go:423.2,423.59 1 0
github.com/wavlake/monorepo/cmd/api/main.go:423.59,425.3 2 0
github.com/wavlake/monorepo/cmd/api/main.go:425.3,430.4 4 0
github.com/wavlake/monorepo/cmd/api/main.go:431.8,431.60 1 0
github.com/wavlake/monorepo/cmd/api/main.go:431.60,433.3 1 0
github.com/wavlake/monorepo/cmd/api/main.go:436.2,437.29 2 0
github.com/wavlake/monorepo/cmd/api/main.go:437.29,445.28 5 0
github.com/wavlake/monorepo/cmd/api/main.go:445.28,447.4 1 0
github.com/wavlake/monorepo/cmd/api/main.go:448.8,450.3 1 0
github.com/wavlake/monorepo/cmd/api/main.go:452.2,452.12 1 0
github.com/wavlake/monorepo/cmd/api/main.go:452.12,453.48 1 0
github.com/wavlake/monorepo/cmd/api/main.go:453.48,455.4 1 0
github.com/wavlake/monorepo/cmd/api/main.go:459.2,469.41 7 0
github.com/wavlake/monorepo/pkg/nostr/event.go:14.31,20.16 5 0
github.com/wavlake/monorepo/pkg/nostr/event.go:20.16,23.3 2 0
github.com/wavlake/monorepo/pkg/nostr/event.go:25.2,26.16 2 0
github.com/wavlake/monorepo/internal/config/dev.go:24.32,37.2 1 1
github.com/wavlake/monorepo/internal/config/dev.go:40.33,42.2 1 1
github.com/wavlake/monorepo/internal/config/dev.go:45.46,46.42 1 1
github.com/wavlake/monorepo/internal/config/dev.go:46.42,48.3 1 1
github.com/wavlake/monorepo/internal/config/dev.go:49.2,49.21 1 1
github.com/wavlake/monorepo/internal/config/dev.go:52.53,53.42 1 1
github.com/wavlake/monorepo/internal/config/dev.go:53.42,55.17 2 1
github.com/wavlake/monorepo/internal/config/dev.go:55.17,57.4 1 1
github.com/wavlake/monorepo/internal/config/dev.go:59.3,60.76 2 1
github.com/wavlake/monorepo/internal/config/dev.go:62.2,62.21 1 1
github.com/wavlake/monorepo/internal/config/dev.go:65.50,66.42 1 0
github.com/wavlake/monorepo/internal/config/dev.go:66.42,67.55 1 0
github.com/wavlake/monorepo/internal/config/dev.go:67.55,69.4 1 0
github.com/wavlake/monorepo/internal/config/dev.go:71.2,71.21 1 0
github.com/wavlake/monorepo/internal/config/service_config.go:12.40,14.31 2 1
github.com/wavlake/monorepo/internal/config/service_config.go:14.31,17.3 1 1
github.com/wavlake/monorepo/internal/config/service_config.go:19.2,21.3 1 1
github.com/wavlake/monorepo/tests/mocks/service_mocks.go:29.85,33.2 3 0
github.com/wavlake/monorepo/tests/mocks/service_mocks.go:36.83,38.2 1 0
github.com/wavlake/monorepo/tests/mocks/service_mocks.go:41.111,47.2 5 0
github.com/wavlake/monorepo/tests/mocks/service_mocks.go:50.110,53.2 2 0
github.com/wavlake/monorepo/tests/mocks/service_mocks.go:56.122,62.2 5 0
github.com/wavlake/monorepo/tests/mocks/service_mocks.go:65.109,68.2 2 0
github.com/wavlake/monorepo/tests/mocks/service_mocks.go:71.106,77.2 5 0
github.com/wavlake/monorepo/tests/mocks/service_mocks.go:80.105,83.2 2 0
github.com/wavlake/monorepo/tests/mocks/service_mocks.go:86.108,91.2 4 0
github.com/wavlake/monorepo/tests/mocks/service_mocks.go:94.117,97.2 2 0
github.com/wavlake/monorepo/tests/mocks/service_mocks.go:100.112,105.2 4 0
github.com/wavlake/monorepo/tests/mocks/service_mocks.go:108.121,111.2 2 0
github.com/wavlake/monorepo/tests/mocks/service_mocks.go:125.93,129.2 3 0
github.com/wavlake/monorepo/tests/mocks/service_mocks.go:132.91,134.2 1 0
github.com/wavlake/monorepo/tests/mocks/service_mocks.go:137.124,143.2 5 0
github.com/wavlake/monorepo/tests/mocks/service_mocks.go:146.109,149.2 2 0
github.com/wavlake/monorepo/tests/mocks/service_mocks.go:152.126,158.2 5 0
github.com/wavlake/monorepo/tests/mocks/service_mocks.go:161.111,164.2 2 0
github.com/wavlake/monorepo/tests/mocks/service_mocks.go:167.125,173.2 5 0
github.com/wavlake/monorepo/tests/mocks/service_mocks.go:176.110,179.2 2 0
github.com/wavlake/monorepo/tests/mocks/service_mocks.go:182.127,188.2 5 0
github.com/wavlake/monorepo/tests/mocks/service_mocks.go:191.111,194.2 2 0
github.com/wavlake/monorepo/tests/mocks/service_mocks.go:197.130,203.2 5 0
github.com/wavlake/monorepo/tests/mocks/service_mocks.go:206.117,209.2 2 0
github.com/wavlake/monorepo/tests/mocks/service_mocks.go:212.125,218.2 5 0
github.com/wavlake/monorepo/tests/mocks/service_mocks.go:221.110,224.2 2 0
github.com/wavlake/monorepo/tests/mocks/service_mocks.go:238.91,242.2 3 0
github.com/wavlake/monorepo/tests/mocks/service_mocks.go:245.89,247.2 1 0
github.com/wavlake/monorepo/tests/mocks/service_mocks.go:250.53,255.2 4 0
github.com/wavlake/monorepo/tests/mocks/service_mocks.go:258.73,261.2 2 0
github.com/wavlake/monorepo/tests/mocks/service_mocks.go:264.106,269.2 4 0
github.com/wavlake/monorepo/tests/mocks/service_mocks.go:272.115,275.2 2 0
github.com/wavlake/monorepo/tests/mocks/service_mocks.go:278.98,283.2 4 0
github.com/wavlake/monorepo/tests/mocks/service_mocks.go:286.107,289.2 2 0
github.com/wavlake/monorepo/tests/mocks/service_mocks.go:292.142,298.2 5 0
github.com/wavlake/monorepo/tests/mocks/service_mocks.go:301.127,304.2 2 0
github.com/wavlake/monorepo/tests/mocks/service_mocks.go:307.62,312.2 4 0
github.com/wavlake/monorepo/tests/mocks/service_mocks.go:315.81,318.2 2 0
github.com/wavlake/monorepo/tests/mocks/service_mocks.go:321.118,327.2 5 0
github.com/wavlake/monorepo/tests/mocks/service_mocks.go:330.112,333.2 2 0
github.com/wavlake/monorepo/tests/mocks/service_mocks.go:336.118,342.2 5 0
github.com/wavlake/monorepo/tests/mocks/service_mocks.go:345.110,348.2 2 0
github.com/wavlake/monorepo/tests/mocks/service_mocks.go:351.78,356.2 4 0
github.com/wavlake/monorepo/tests/mocks/service_mocks.go:359.102,362.2 2 0
github.com/wavlake/monorepo/tests/mocks/service_mocks.go:365.134,370.2 4 0
github.com/wavlake/monorepo/tests/mocks/service_mocks.go:373.126,376.2 2 0
github.com/wavlake/monorepo/tests/mocks/service_mocks.go:390.97,394.2 3 0
github.com/wavlake/monorepo/tests/mocks/service_mocks.go:397.95,399.2 1 0
github.com/wavlake/monorepo/tests/mocks/service_mocks.go:402.142,407.2 4 0
github.com/wavlake/monorepo/tests/mocks/service_mocks.go:410.125,413.2 2 0
github.com/wavlake/monorepo/tests/mocks/service_mocks.go:416.142,422.2 5 0
github.com/wavlake/monorepo/tests/mocks/service_mocks.go:425.129,428.2 2 0
github.com/wavlake/monorepo/tests/mocks/service_mocks.go:431.97,436.2 4 0
github.com/wavlake/monorepo/tests/mocks/service_mocks.go:439.106,442.2 2 0
github.com/wavlake/monorepo/tests/mocks/service_mocks.go:445.116,451.2 5 0
github.com/wavlake/monorepo/tests/mocks/service_mocks.go:454.103,457.2 2 0
github.com/wavlake/monorepo/tests/mocks/service_mocks.go:460.136,466.2 5 0
github.com/wavlake/monorepo/tests/mocks/service_mocks.go:469.121,472.2 2 0
github.com/wavlake/monorepo/tests/mocks/service_mocks.go:475.126,481.2 5 0
github.com/wavlake/monorepo/tests/mocks/service_mocks.go:484.111,487.2 2 0
github.com/wavlake/monorepo/tests/mocks/service_mocks.go:490.101,495.2 4 0
github.com/wavlake/monorepo/tests/mocks/service_mocks.go:498.110,501.2 2 0
github.com/wavlake/monorepo/tests/mocks/service_mocks.go:504.122,509.2 4 0
github.com/wavlake/monorepo/tests/mocks/service_mocks.go:512.131,515.2 2 0
github.com/wavlake/monorepo/tests/mocks/service_mocks.go:518.132,523.2 4 0
github.com/wavlake/monorepo/tests/mocks/service_mocks.go:526.131,529.2 2 0
github.com/wavlake/monorepo/tests/mocks/service_mocks.go:532.121,537.2 4 0
github.com/wavlake/monorepo/tests/mocks/service_mocks.go:540.125,543.2 2 0
github.com/wavlake/monorepo/tests/mocks/service_mocks.go:546.145,551.2 4 0
github.com/wavlake/monorepo/tests/mocks/service_mocks.go:554.131,557.2 2 0
github.com/wavlake/monorepo/tests/mocks/service_mocks.go:560.129,565.2 4 0
github.com/wavlake/monorepo/tests/mocks/service_mocks.go:568.115,571.2 2 0
github.com/wavlake/monorepo/tests/mocks/service_mocks.go:585.97,589.2 3 0
github.com/wavlake/monorepo/tests/mocks/service_mocks.go:592.95,594.2 1 0
github.com/wavlake/monorepo/tests/mocks/service_mocks.go:597.137,602.2 4 0
github.com/wavlake/monorepo/tests/mocks/service_mocks.go:605.121,608.2 2 0
github.com/wavlake/monorepo/tests/mocks/service_mocks.go:611.136,614.2 2 0
github.com/wavlake/monorepo/tests/mocks/service_mocks.go:617.126,620.2 2 0
github.com/wavlake/monorepo/tests/mocks/service_mocks.go:623.98,628.2 4 0
github.com/wavlake/monorepo/tests/mocks/service_mocks.go:631.107,634.2 2 0
github.com/wavlake/monorepo/tests/mocks/service_mocks.go:637.97,640.2 2 0
github.com/wavlake/monorepo/tests/mocks/service_mocks.go:643.112,646.2 2 0
github.com/wavlake/monorepo/tests/mocks/service_mocks.go:649.159,654.2 4 0
github.com/wavlake/monorepo/tests/mocks/service_mocks.go:657.141,660.2 2 0
github.com/wavlake/monorepo/tests/mocks/service_mocks.go:674.91,678.2 3 0
github.com/wavlake/monorepo/tests/mocks/service_mocks.go:681.89,683.2 1 0
github.com/wavlake/monorepo/tests/mocks/service_mocks.go:686.144,691.2 4 0
github.com/wavlake/monorepo/tests/mocks/service_mocks.go:694.128,697.2 2 0
github.com/wavlake/monorepo/tests/mocks/service_mocks.go:700.124,706.2 5 0
github.com/wavlake/monorepo/tests/mocks/service_mocks.go:709.108,712.2 2 0
github.com/wavlake/monorepo/tests/mocks/service_mocks.go:715.80,720.2 4 0
github.com/wavlake/monorepo/tests/mocks/service_mocks.go:723.106,726.2 2 0
github.com/wavlake/monorepo/tests/mocks/service_mocks.go:729.101,734.2 4 0
github.com/wavlake/monorepo/tests/mocks/service_mocks.go:737.110,740.2 2 0
github.com/wavlake/monorepo/tests/mocks/service_mocks.go:754.97,758.2 3 0
github.com/wavlake/monorepo/tests/mocks/service_mocks.go:761.95,763.2 1 0
github.com/wavlake/monorepo/tests/mocks/service_mocks.go:766.83,771.2 4 0
github.com/wavlake/monorepo/tests/mocks/service_mocks.go:774.107,777.2 2 0
github.com/wavlake/monorepo/tests/mocks/service_mocks.go:780.92,785.2 4 0
github.com/wavlake/monorepo/tests/mocks/service_mocks.go:788.116,791.2 2 0
github.com/wavlake/monorepo/tests/mocks/service_mocks.go:805.99,809.2 3 0
github.com/wavlake/monorepo/tests/mocks/service_mocks.go:812.97,814.2 1 0
github.com/wavlake/monorepo/tests/mocks/service_mocks.go:817.143,822.2 4 0
github.com/wavlake/monorepo/tests/mocks/service_mocks.go:825.126,828.2 2 0
github.com/wavlake/monorepo/tests/mocks/service_mocks.go:831.122,836.2 4 0
github.com/wavlake/monorepo/tests/mocks/service_mocks.go:839.131,842.2 2 0
github.com/wavlake/monorepo/tests/mocks/service_mocks.go:845.135,851.2 5 0
github.com/wavlake/monorepo/tests/mocks/service_mocks.go:854.116,857.2 2 0
github.com/wavlake/monorepo/tests/mocks/service_mocks.go:860.135,866.2 5 0
github.com/wavlake/monorepo/tests/mocks/service_mocks.go:869.113,872.2 2 0
github.com/wavlake/monorepo/tests/mocks/service_mocks.go:875.141,880.2 4 0
github.com/wavlake/monorepo/tests/mocks/service_mocks.go:883.123,886.2 2 0
github.com/wavlake/monorepo/tests/mocks/service_mocks.go:889.136,894.2 4 0
github.com/wavlake/monorepo/tests/mocks/service_mocks.go:897.140,900.2 2 0
github.com/wavlake/monorepo/tests/mocks/service_mocks.go:914.97,918.2 3 0
github.com/wavlake/monorepo/tests/mocks/service_mocks.go:921.95,923.2 1 0
github.com/wavlake/monorepo/tests/mocks/service_mocks.go:926.93,931.2 4 0
github.com/wavlake/monorepo/tests/mocks/service_mocks.go:934.102,937.2 2 0
github.com/wavlake/monorepo/tests/mocks/service_mocks.go:940.112,946.2 5 0
github.com/wavlake/monorepo/tests/mocks/service_mocks.go:949.104,952.2 2 0
github.com/wavlake/monorepo/tests/mocks/service_mocks.go:955.163,961.2 5 0
github.com/wavlake/monorepo/tests/mocks/service_mocks.go:964.131,967.2 2 0
github.com/wavlake/monorepo/tests/mocks/service_mocks.go:970.122,976.2 5 0
github.com/wavlake/monorepo/tests/mocks/service_mocks.go:979.107,982.2 2 0
github.com/wavlake/monorepo/tests/mocks/service_mocks.go:985.106,991.2 5 0
github.com/wavlake/monorepo/tests/mocks/service_mocks.go:994.103,997.2 2 0
github.com/wavlake/monorepo/tests/mocks/service_mocks.go:1000.153,1006.2 5 0
github.com/wavlake/monorepo/tests/mocks/service_mocks.go:1009.121,1012.2 2 0
github.com/wavlake/monorepo/tests/mocks/service_mocks.go:1026.99,1030.2 3 0
github.com/wavlake/monorepo/tests/mocks/service_mocks.go:1033.97,1035.2 1 0
github.com/wavlake/monorepo/tests/mocks/service_mocks.go:1038.108,1043.2 4 0
github.com/wavlake/monorepo/tests/mocks/service_mocks.go:1046.117,1049.2 2 0
github.com/wavlake/monorepo/tests/mocks/service_mocks.go:1052.102,1057.2 4 0
github.com/wavlake/monorepo/tests/mocks/service_mocks.go:1060.111,1063.2 2 0
github.com/wavlake/monorepo/tests/mocks/service_mocks.go:1066.121,1072.2 5 0
github.com/wavlake/monorepo/tests/mocks/service_mocks.go:1075.113,1078.2 2 0
github.com/wavlake/monorepo/tests/mocks/service_mocks.go:1081.121,1087.2 5 0
github.com/wavlake/monorepo/tests/mocks/service_mocks.go:1090.108,1093.2 2 0
github.com/wavlake/monorepo/tests/mocks/service_mocks.go:1096.82,1101.2 4 0
github.com/wavlake/monorepo/tests/mocks/service_mocks.go:1104.98,1107.2 2 0
github.com/wavlake/monorepo/tests/mocks/service_mocks.go:1110.115,1116.2 5 0
github.com/wavlake/monorepo/tests/mocks/service_mocks.go:1119.112,1122.2 2 0
github.com/wavlake/monorepo/tests/mocks/service_mocks.go:1125.162,1131.2 5 0
github.com/wavlake/monorepo/tests/mocks/service_mocks.go:1134.130,1137.2 2 0
github.com/wavlake/monorepo/tests/mocks/service_mocks.go:1151.99,1155.2 3 0
github.com/wavlake/monorepo/tests/mocks/service_mocks.go:1158.97,1160.2 1 0
github.com/wavlake/monorepo/tests/mocks/service_mocks.go:1163.81,1168.2 4 0
github.com/wavlake/monorepo/tests/mocks/service_mocks.go:1171.97,1174.2 2 0
github.com/wavlake/monorepo/tests/mocks/service_mocks.go:1177.111,1183.2 5 0
github.com/wavlake/monorepo/tests/mocks/service_mocks.go:1186.111,1189.2 2 0
github.com/wavlake/monorepo/tests/mocks/service_mocks.go:1192.124,1198.2 5 0
github.com/wavlake/monorepo/tests/mocks/service_mocks.go:1201.108,1204.2 2 0
github.com/wavlake/monorepo/tests/mocks/service_mocks.go:1207.106,1213.2 5 0
github.com/wavlake/monorepo/tests/mocks/service_mocks.go:1216.100,1219.2 2 0
github.com/wavlake/monorepo/tests/mocks/service_mocks.go:1222.84,1227.2 4 0
github.com/wavlake/monorepo/tests/mocks/service_mocks.go:1230.100,1233.2 2 0
github.com/wavlake/monorepo/tests/mocks/service_mocks.go:1236.83,1241.2 4 0
github.com/wavlake/monorepo/tests/mocks/service_mocks.go:1244.99,1247.2 2 0
github.com/wavlake/monorepo/tests/mocks/service_mocks.go:1250.107,1255.2 4 0
github.com/wavlake/monorepo/tests/mocks/service_mocks.go:1258.109,1261.2 2 0
github.com/wavlake/monorepo/tests/mocks/service_mocks.go:1275.87,1279.2 3 0
github.com/wavlake/monorepo/tests/mocks/service_mocks.go:1282.85,1284.2 1 0
github.com/wavlake/monorepo/tests/mocks/service_mocks.go:1287.158,1293.2 5 0
github.com/wavlake/monorepo/tests/mocks/service_mocks.go:1296.126,1299.2 2 0
github.com/wavlake/monorepo/tests/mocks/service_mocks.go:1302.158,1308.2 5 0
github.com/wavlake/monorepo/tests/mocks/service_mocks.go:1311.126,1314.2 2 0
github.com/wavlake/monorepo/tests/mocks/service_mocks.go:1317.124,1323.2 5 0
github.com/wavlake/monorepo/tests/mocks/service_mocks.go:1326.105,1329.2 2 0
github.com/wavlake/monorepo/tests/mocks/service_mocks.go:1332.144,1338.2 5 0
github.com/wavlake/monorepo/tests/mocks/service_mocks.go:1341.112,1344.2 2 0
github.com/wavlake/monorepo/tests/mocks/service_mocks.go:1347.90,1352.2 4 0
github.com/wavlake/monorepo/tests/mocks/service_mocks.go:1355.99,1358.2 2 0
github.com/wavlake/monorepo/tests/mocks/service_mocks.go:1361.125,1367.2 5 0
github.com/wavlake/monorepo/tests/mocks/service_mocks.go:1370.107,1373.2 2 0
github.com/wavlake/monorepo/tests/mocks/service_mocks.go:1387.91,1391.2 3 0
github.com/wavlake/monorepo/tests/mocks/service_mocks.go:1394.89,1396.2 1 0
github.com/wavlake/monorepo/tests/mocks/service_mocks.go:1399.129,1405.2 5 0
github.com/wavlake/monorepo/tests/mocks/service_mocks.go:1408.110,1411.2 2 0
github.com/wavlake/monorepo/tests/mocks/service_mocks.go:1414.125,1419.2 4 0
github.com/wavlake/monorepo/tests/mocks/service_mocks.go:1422.119,1425.2 2 0
github.com/wavlake/monorepo/tests/mocks/service_mocks.go:1428.122,1433.2 4 0
github.com/wavlake/monorepo/tests/mocks/service_mocks.go:1436.116,1439.2 2 0
github.com/wavlake/monorepo/tests/mocks/service_mocks.go:1442.119,1447.2 4 0
github.com/wavlake/monorepo/tests/mocks/service_mocks.go:1450.113,1453.2 2 0
github.com/wavlake/monorepo/tests/mocks/service_mocks.go:1456.102,1461.2 4 0
github.com/wavlake/monorepo/tests/mocks/service_mocks.go:1464.114,1467.2 2 0
github.com/wavlake/monorepo/tests/mocks/service_mocks.go:1470.112,1475.2 4 0
github.com/wavlake/monorepo/tests/mocks/service_mocks.go:1478.130,1481.2 2 0
github.com/wavlake/monorepo/tests/setup/db_setup.go:24.43,29.22 2 0
github.com/wavlake/monorepo/tests/setup/db_setup.go:29.22,31.3 1 0
github.com/wavlake/monorepo/tests/setup/db_setup.go:34.2,34.30 1 0
github.com/wavlake/monorepo/tests/setup/db_setup.go:38.49,39.26 1 0
github.com/wavlake/monorepo/tests/setup/db_setup.go:39.26,41.3 1 0
github.com/wavlake/monorepo/tests/setup/db_setup.go:42.2,42.12 1 0
github.com/wavlake/monorepo/tests/setup/db_setup.go:46.71,51.16 3 0
github.com/wavlake/monorepo/tests/setup/db_setup.go:51.16,53.3 1 0
github.com/wavlake/monorepo/tests/setup/db_setup.go:56.2,59.27 3 0
github.com/wavlake/monorepo/tests/setup/db_setup.go:59.27,64.23 3 0
github.com/wavlake/monorepo/tests/setup/db_setup.go:64.23,65.51 1 0
github.com/wavlake/monorepo/tests/setup/db_setup.go:65.51,67.5 1 0
github.com/wavlake/monorepo/tests/setup/db_setup.go:68.4,69.17 2 0
github.com/wavlake/monorepo/tests/setup/db_setup.go:74.2,74.19 1 0
github.com/wavlake/monorepo/tests/setup/db_setup.go:74.19,75.50 1 0
github.com/wavlake/monorepo/tests/setup/db_setup.go:75.50,77.4 1 0
github.com/wavlake/monorepo/tests/setup/db_setup.go:80.2,80.12 1 0
github.com/wavlake/monorepo/tests/setup/db_setup.go:84.47,96.103 2 0
github.com/wavlake/monorepo/tests/setup/db_setup.go:96.103,98.3 1 0
github.com/wavlake/monorepo/tests/setup/db_setup.go:101.2,117.106 2 0
github.com/wavlake/monorepo/tests/setup/db_setup.go:117.106,119.3 1 0
github.com/wavlake/monorepo/tests/setup/db_setup.go:121.2,121.12 1 0
github.com/wavlake/monorepo/tests/setup/db_setup.go:125.46,128.41 2 0
github.com/wavlake/monorepo/tests/setup/db_setup.go:128.41,129.57 1 0
github.com/wavlake/monorepo/tests/setup/db_setup.go:129.57,131.4 1 0
github.com/wavlake/monorepo/tests/setup/db_setup.go:134.2,134.27 1 0
github.com/wavlake/monorepo/tests/setup/db_setup.go:138.64,144.16 3 0
github.com/wavlake/monorepo/tests/setup/db_setup.go:144.16,146.3 1 0
github.com/wavlake/monorepo/tests/setup/db_setup.go:148.2,149.16 2 0
github.com/wavlake/monorepo/tests/setup/db_setup.go:149.16,151.3 1 0
github.com/wavlake/monorepo/tests/setup/db_setup.go:153.2,154.16 2 0
github.com/wavlake/monorepo/tests/setup/db_setup.go:154.16,156.3 1 0
github.com/wavlake/monorepo/tests/setup/db_setup.go:158.2,163.8 1 0
github.com/wavlake/monorepo/tests/setup/db_setup.go:167.67,176.16 4 0
github.com/wavlake/monorepo/tests/setup/db_setup.go:176.16,178.3 1 0
github.com/wavlake/monorepo/tests/setup/db_setup.go:180.2,181.16 2 0
github.com/wavlake/monorepo/tests/setup/db_setup.go:181.16,183.3 1 0
github.com/wavlake/monorepo/tests/setup/db_setup.go:185.2,186.16 2 0
github.com/wavlake/monorepo/tests/setup/db_setup.go:186.16,188.3 1 0
github.com/wavlake/monorepo/tests/setup/db_setup.go:190.2,195.8 1 0
github.com/wavlake/monorepo/tests/setup/db_setup.go:199.28,205.2 1 0
github.com/wavlake/monorepo/tests/setup/db_setup.go:208.94,215.16 3 0
github.com/wavlake/monorepo/tests/setup/db_setup.go:215.16,217.3 1 0
github.com/wavlake/monorepo/tests/setup/db_setup.go:219.2,219.18 1 0
github.com/wavlake/monorepo/tests/setup/db_setup.go:223.59,224.58 1 0
github.com/wavlake/monorepo/tests/setup/db_setup.go:224.58,226.3 1 0
github.com/wavlake/monorepo/tests/setup/db_setup.go:227.2,227.12 1 0
github.com/wavlake/monorepo/tests/setup/db_setup.go:230.13,232.2 1 0
github.com/wavlake/monorepo/tests/testutil/fixtures.go:12.36,19.2 1 0
github.com/wavlake/monorepo/tests/testutil/fixtures.go:22.40,31.2 1 0
github.com/wavlake/monorepo/tests/testutil/fixtures.go:34.43,38.2 3 0
github.com/wavlake/monorepo/tests/testutil/fixtures.go:41.54,47.2 1 0
github.com/wavlake/monorepo/tests/testutil/fixtures.go:52.54,56.2 1 0
github.com/wavlake/monorepo/tests/testutil/fixtures.go:59.56,63.2 1 0
github.com/wavlake/monorepo/tests/testutil/fixtures.go:66.59,70.2 1 0
github.com/wavlake/monorepo/tests/testutil/fixtures.go:75.43,96.2 1 0
github.com/wavlake/monorepo/tests/testutil/fixtures.go:99.55,103.2 1 0
github.com/wavlake/monorepo/tests/testutil/fixtures.go:106.45,113.2 5 0
github.com/wavlake/monorepo/tests/testutil/fixtures.go:116.58,133.2 1 0
github.com/wavlake/monorepo/tests/testutil/fixtures.go:136.48,141.2 1 0
github.com/wavlake/monorepo/tests/testutil/fixtures.go:146.42,159.2 1 0
github.com/wavlake/monorepo/tests/testutil/fixtures.go:162.44,185.2 1 0
github.com/wavlake/monorepo/tests/testutil/fixtures.go:188.46,207.2 1 0
github.com/wavlake/monorepo/tests/testutil/fixtures.go:210.44,228.2 1 0
github.com/wavlake/monorepo/tests/testutil/fixtures.go:231.51,239.2 6 0
github.com/wavlake/monorepo/tests/testutil/fixtures.go:242.53,250.2 6 0
github.com/wavlake/monorepo/tests/testutil/fixtures.go:253.51,260.2 5 0
github.com/wavlake/monorepo/tests/testutil/fixtures.go:277.30,287.2 1 0
github.com/wavlake/monorepo/tests/testutil/fixtures.go:290.32,306.2 1 0
github.com/wavlake/monorepo/tests/testutil/fixtures.go:311.52,319.2 1 0
github.com/wavlake/monorepo/tests/testutil/fixtures.go:322.46,336.2 1 0
github.com/wavlake/monorepo/tests/testutil/fixtures.go:339.54,348.2 1 0
github.com/wavlake/monorepo/tests/testutil/fixtures.go:351.48,369.2 1 0
github.com/wavlake/monorepo/tests/testutil/fixtures.go:372.42,392.2 1 0
github.com/wavlake/monorepo/tests/testutil/fixtures.go:395.50,407.2 1 0
github.com/wavlake/monorepo/tests/testutil/fixtures.go:412.54,416.2 3 0
github.com/wavlake/monorepo/tests/testutil/fixtures.go:419.55,428.2 1 0
github.com/wavlake/monorepo/tests/testutil/helpers.go:21.108,28.17 5 0
github.com/wavlake/monorepo/tests/testutil/helpers.go:28.17,30.3 1 0
github.com/wavlake/monorepo/tests/testutil/helpers.go:32.2,36.13 4 0
github.com/wavlake/monorepo/tests/testutil/helpers.go:40.70,41.23 1 0
github.com/wavlake/monorepo/tests/testutil/helpers.go:41.23,43.3 1 0
github.com/wavlake/monorepo/tests/testutil/helpers.go:44.2,44.23 1 0
github.com/wavlake/monorepo/tests/testutil/helpers.go:44.23,47.3 2 0
github.com/wavlake/monorepo/tests/testutil/helpers.go:51.63,53.2 1 0
github.com/wavlake/monorepo/tests/testutil/helpers.go:56.98,57.30 1 0
github.com/wavlake/monorepo/tests/testutil/helpers.go:57.30,58.47 1 0
github.com/wavlake/monorepo/tests/testutil/helpers.go:61.2,62.66 2 0
github.com/wavlake/monorepo/tests/testutil/helpers.go:62.66,63.45 1 0
github.com/wavlake/monorepo/tests/testutil/helpers.go:66.2,66.17 1 0
github.com/wavlake/monorepo/tests/testutil/helpers.go:70.64,72.2 1 0
github.com/wavlake/monorepo/tests/testutil/helpers.go:75.70,77.2 1 0
github.com/wavlake/monorepo/tests/testutil/helpers.go:82.90,84.2 1 0
github.com/wavlake/monorepo/tests/testutil/helpers.go:87.114,95.25 6 0
github.com/wavlake/monorepo/tests/testutil/helpers.go:95.25,97.3 1 0
github.com/wavlake/monorepo/tests/testutil/helpers.go:101.94,108.2 4 0
github.com/wavlake/monorepo/tests/testutil/helpers.go:111.28,113.2 1 0
github.com/wavlake/monorepo/tests/testutil/helpers.go:116.43,118.2 1 0
github.com/wavlake/monorepo/tests/testutil/helpers.go:121.34,123.2 1 0
github.com/wavlake/monorepo/tests/testutil/helpers.go:126.28,128.2 1 0
github.com/wavlake/monorepo/tests/testutil/helpers.go:131.47,132.21 1 0
github.com/wavlake/monorepo/tests/testutil/helpers.go:132.21,134.3 1 0
github.com/wavlake/monorepo/tests/testutil/helpers.go:138.52,148.2 6 0
github.com/wavlake/monorepo/internal/auth/dual.go:23.75,27.2 1 1
github.com/wavlake/monorepo/internal/auth/dual.go:29.59,30.30 1 1
github.com/wavlake/monorepo/internal/auth/dual.go:30.30,33.26 2 1
github.com/wavlake/monorepo/internal/auth/dual.go:33.26,36.4 1 1
github.com/wavlake/monorepo/internal/auth/dual.go:37.3,37.26 1 1
github.com/wavlake/monorepo/internal/auth/dual.go:37.26,41.4 3 1
github.com/wavlake/monorepo/internal/auth/dual.go:43.3,44.17 2 1
github.com/wavlake/monorepo/internal/auth/dual.go:44.17,48.4 3 0
github.com/wavlake/monorepo/internal/auth/dual.go:51.3,52.17 2 0
github.com/wavlake/monorepo/internal/auth/dual.go:52.17,56.4 3 0
github.com/wavlake/monorepo/internal/auth/dual.go:59.3,60.61 2 0
github.com/wavlake/monorepo/internal/auth/dual.go:60.61,62.4 1 0
github.com/wavlake/monorepo/internal/auth/dual.go:63.3,64.11 2 0
github.com/wavlake/monorepo/internal/auth/dual.go:68.83,71.23 2 0
github.com/wavlake/monorepo/internal/auth/dual.go:71.23,74.46 2 0
github.com/wavlake/monorepo/internal/auth/dual.go:74.46,76.4 1 0
github.com/wavlake/monorepo/internal/auth/dual.go:78.2,78.23 1 0
github.com/wavlake/monorepo/internal/auth/dual.go:78.23,80.3 1 0
github.com/wavlake/monorepo/internal/auth/dual.go:82.2,82.47 1 0
github.com/wavlake/monorepo/internal/auth/dual.go:82.47,84.3 1 0
github.com/wavlake/monorepo/internal/auth/dual.go:86.2,88.16 3 0
github.com/wavlake/monorepo/internal/auth/dual.go:88.16,90.3 1 0
github.com/wavlake/monorepo/internal/auth/dual.go:92.2,93.65 2 0
github.com/wavlake/monorepo/internal/auth/dual.go:93.65,95.3 1 0
github.com/wavlake/monorepo/internal/auth/dual.go:97.2,100.25 2 0
github.com/wavlake/monorepo/internal/auth/dual.go:100.25,102.3 1 0
github.com/wavlake/monorepo/internal/auth/dual.go:104.2,106.46 3 0
github.com/wavlake/monorepo/internal/auth/dual.go:106.46,108.3 1 0
github.com/wavlake/monorepo/internal/auth/dual.go:110.2,111.33 2 0
github.com/wavlake/monorepo/internal/auth/dual.go:111.33,112.20 1 0
github.com/wavlake/monorepo/internal/auth/dual.go:112.20,113.18 1 0
github.com/wavlake/monorepo/internal/auth/dual.go:114.13,115.20 1 0
github.com/wavlake/monorepo/internal/auth/dual.go:116.18,117.23 1 0
github.com/wavlake/monorepo/internal/auth/dual.go:122.2,123.18 2 0
github.com/wavlake/monorepo/internal/auth/dual.go:123.18,125.3 1 0
github.com/wavlake/monorepo/internal/auth/dual.go:127.2,127.66 1 0
github.com/wavlake/monorepo/internal/auth/dual.go:127.66,129.3 1 0
github.com/wavlake/monorepo/internal/auth/dual.go:130.2,133.23 3 0
github.com/wavlake/monorepo/internal/auth/dual.go:133.23,135.3 1 0
github.com/wavlake/monorepo/internal/auth/dual.go:137.2,138.27 2 0
github.com/wavlake/monorepo/internal/auth/dual.go:138.27,140.3 1 0
github.com/wavlake/monorepo/internal/auth/dual.go:142.2,143.21 2 0
github.com/wavlake/monorepo/internal/auth/dual.go:143.21,146.3 2 0
github.com/wavlake/monorepo/internal/auth/dual.go:148.2,148.19 1 0
github.com/wavlake/monorepo/internal/auth/firebase.go:16.73,20.2 1 1
github.com/wavlake/monorepo/internal/auth/firebase.go:22.59,23.30 1 1
github.com/wavlake/monorepo/internal/auth/firebase.go:23.30,25.18 2 1
github.com/wavlake/monorepo/internal/auth/firebase.go:25.18,29.4 3 1
github.com/wavlake/monorepo/internal/auth/firebase.go:31.3,32.17 2 1
github.com/wavlake/monorepo/internal/auth/firebase.go:32.17,36.4 3 0
github.com/wavlake/monorepo/internal/auth/firebase.go:39.3,40.62 2 0
github.com/wavlake/monorepo/internal/auth/firebase.go:40.62,42.4 1 0
github.com/wavlake/monorepo/internal/auth/firebase.go:43.3,43.11 1 0
github.com/wavlake/monorepo/internal/auth/firebase.go:47.51,48.22 1 1
github.com/wavlake/monorepo/internal/auth/firebase.go:48.22,50.3 1 1
github.com/wavlake/monorepo/internal/auth/firebase.go:52.2,53.62 2 1
github.com/wavlake/monorepo/internal/auth/firebase.go:53.62,55.3 1 1
github.com/wavlake/monorepo/internal/auth/firebase.go:57.2,57.17 1 1
github.com/wavlake/monorepo/internal/auth/firebase_link_guard.go:21.81,25.2 1 0
github.com/wavlake/monorepo/internal/auth/firebase_link_guard.go:29.58,30.30 1 0
github.com/wavlake/monorepo/internal/auth/firebase_link_guard.go:30.30,33.30 2 0
github.com/wavlake/monorepo/internal/auth/firebase_link_guard.go:33.30,37.4 3 0
github.com/wavlake/monorepo/internal/auth/firebase_link_guard.go:39.3,40.10 2 0
github.com/wavlake/monorepo/internal/auth/firebase_link_guard.go:40.10,44.4 3 0
github.com/wavlake/monorepo/internal/auth/firebase_link_guard.go:47.3,49.17 3 0
github.com/wavlake/monorepo/internal/auth/firebase_link_guard.go:49.17,56.4 4 0
github.com/wavlake/monorepo/internal/auth/firebase_link_guard.go:58.3,58.19 1 0
github.com/wavlake/monorepo/internal/auth/firebase_link_guard.go:58.19,64.4 3 0
github.com/wavlake/monorepo/internal/auth/firebase_link_guard.go:67.3,68.11 2 0
github.com/wavlake/monorepo/internal/auth/firebase_link_guard.go:73.105,79.26 5 0
github.com/wavlake/monorepo/internal/auth/firebase_link_guard.go:79.26,81.3 1 0
github.com/wavlake/monorepo/internal/auth/firebase_link_guard.go:82.2,82.16 1 0
github.com/wavlake/monorepo/internal/auth/firebase_link_guard.go:82.16,84.3 1 0
github.com/wavlake/monorepo/internal/auth/firebase_link_guard.go:86.2,87.42 2 0
github.com/wavlake/monorepo/internal/auth/firebase_link_guard.go:87.42,89.3 1 0
github.com/wavlake/monorepo/internal/auth/firebase_link_guard.go:91.2,91.19 1 0
github.com/wavlake/monorepo/internal/auth/flexible.go:38.118,43.2 1 0
github.com/wavlake/monorepo/internal/auth/flexible.go:46.63,47.30 1 0
github.com/wavlake/monorepo/internal/auth/flexible.go:47.30,49.41 1 0
github.com/wavlake/monorepo/internal/auth/flexible.go:49.41,52.4 2 0
github.com/wavlake/monorepo/internal/auth/flexible.go:55.3,55.61 1 0
github.com/wavlake/monorepo/internal/auth/flexible.go:55.61,61.4 4 0
github.com/wavlake/monorepo/internal/auth/flexible.go:64.3,65.26 2 0
github.com/wavlake/monorepo/internal/auth/flexible.go:65.26,71.4 4 0
github.com/wavlake/monorepo/internal/auth/flexible.go:74.3,77.12 2 0
github.com/wavlake/monorepo/internal/auth/flexible.go:83.73,86.17 2 0
github.com/wavlake/monorepo/internal/auth/flexible.go:86.17,89.3 1 0
github.com/wavlake/monorepo/internal/auth/flexible.go:90.2,90.17 1 0
github.com/wavlake/monorepo/internal/auth/flexible.go:90.17,92.3 1 0
github.com/wavlake/monorepo/internal/auth/flexible.go:95.2,96.16 2 0
github.com/wavlake/monorepo/internal/auth/flexible.go:96.16,99.3 2 0
github.com/wavlake/monorepo/internal/auth/flexible.go:102.2,102.61 1 0
github.com/wavlake/monorepo/internal/auth/flexible.go:102.61,104.3 1 0
github.com/wavlake/monorepo/internal/auth/flexible.go:106.2,106.26 1 0
github.com/wavlake/monorepo/internal/auth/flexible.go:111.79,114.18 2 0
github.com/wavlake/monorepo/internal/auth/flexible.go:114.18,120.3 1 0
github.com/wavlake/monorepo/internal/auth/flexible.go:123.2,125.16 3 0
github.com/wavlake/monorepo/internal/auth/flexible.go:125.16,127.40 2 0
github.com/wavlake/monorepo/internal/auth/flexible.go:127.40,133.4 1 0
github.com/wavlake/monorepo/internal/auth/flexible.go:134.3,138.4 1 0
github.com/wavlake/monorepo/internal/auth/flexible.go:141.2,141.18 1 0
github.com/wavlake/monorepo/internal/auth/flexible.go:141.18,148.3 2 0
github.com/wavlake/monorepo/internal/auth/flexible.go:151.2,159.3 3 0
github.com/wavlake/monorepo/internal/auth/flexible.go:164.81,167.22 2 0
github.com/wavlake/monorepo/internal/auth/flexible.go:167.22,169.3 1 0
github.com/wavlake/monorepo/internal/auth/flexible.go:172.2,172.46 1 0
github.com/wavlake/monorepo/internal/auth/flexible.go:172.46,174.3 1 0
github.com/wavlake/monorepo/internal/auth/flexible.go:177.2,179.16 3 0
github.com/wavlake/monorepo/internal/auth/flexible.go:179.16,182.3 2 0
github.com/wavlake/monorepo/internal/auth/flexible.go:185.2,186.65 2 0
github.com/wavlake/monorepo/internal/auth/flexible.go:186.65,189.3 2 0
github.com/wavlake/monorepo/internal/auth/flexible.go:191.2,194.25 2 0
github.com/wavlake/monorepo/internal/auth/flexible.go:194.25,197.3 2 0
github.com/wavlake/monorepo/internal/auth/flexible.go:200.2,202.46 3 0
github.com/wavlake/monorepo/internal/auth/flexible.go:202.46,205.3 2 0
github.com/wavlake/monorepo/internal/auth/flexible.go:208.2,209.33 2 0
github.com/wavlake/monorepo/internal/auth/flexible.go:209.33,210.20 1 0
github.com/wavlake/monorepo/internal/auth/flexible.go:210.20,211.18 1 0
github.com/wavlake/monorepo/internal/auth/flexible.go:212.13,213.20 1 0
github.com/wavlake/monorepo/internal/auth/flexible.go:214.18,215.23 1 0
github.com/wavlake/monorepo/internal/auth/flexible.go:221.2,222.18 2 0
github.com/wavlake/monorepo/internal/auth/flexible.go:222.18,224.3 1 0
github.com/wavlake/monorepo/internal/auth/flexible.go:226.2,226.66 1 0
github.com/wavlake/monorepo/internal/auth/flexible.go:226.66,228.3 1 0
github.com/wavlake/monorepo/internal/auth/flexible.go:229.2,231.23 2 0
github.com/wavlake/monorepo/internal/auth/flexible.go:231.23,234.3 2 0
github.com/wavlake/monorepo/internal/auth/flexible.go:236.2,236.27 1 0
github.com/wavlake/monorepo/internal/auth/flexible.go:236.27,239.3 2 0
github.com/wavlake/monorepo/internal/auth/flexible.go:242.2,242.21 1 0
github.com/wavlake/monorepo/internal/auth/flexible.go:242.21,245.3 2 0
github.com/wavlake/monorepo/internal/auth/flexible.go:247.2,247.21 1 0
github.com/wavlake/monorepo/internal/auth/flexible.go:251.110,257.26 5 0
github.com/wavlake/monorepo/internal/auth/flexible.go:257.26,259.3 1 0
github.com/wavlake/monorepo/internal/auth/flexible.go:260.2,260.16 1 0
github.com/wavlake/monorepo/internal/auth/flexible.go:260.16,262.3 1 0
github.com/wavlake/monorepo/internal/auth/flexible.go:264.2,265.42 2 0
github.com/wavlake/monorepo/internal/auth/flexible.go:265.42,267.3 1 0
github.com/wavlake/monorepo/internal/auth/flexible.go:269.2,269.19 1 0
github.com/wavlake/monorepo/internal/auth/flexible.go:273.85,279.16 5 0
github.com/wavlake/monorepo/internal/auth/flexible.go:279.16,282.3 2 0
github.com/wavlake/monorepo/internal/auth/flexible.go:284.2,287.16 2 0
github.com/wavlake/monorepo/internal/auth/flexible.go:287.16,289.3 1 0
github.com/wavlake/monorepo/internal/auth/flexible.go:293.43,294.52 1 0
github.com/wavlake/monorepo/internal/auth/flexible.go:294.52,296.3 1 0
github.com/wavlake/monorepo/internal/auth/flexible.go:297.2,297.11 1 0
github.com/wavlake/monorepo/internal/auth/flexible.go:301.42,303.2 1 0
github.com/wavlake/monorepo/internal/auth/flexible.go:306.39,308.2 1 0
github.com/wavlake/monorepo/internal/auth/flexible.go:311.44,312.53 1 0
github.com/wavlake/monorepo/internal/auth/flexible.go:312.53,314.3 1 0
github.com/wavlake/monorepo/internal/auth/flexible.go:315.2,315.11 1 0
github.com/wavlake/monorepo/internal/auth/flexible.go:319.44,320.50 1 0
github.com/wavlake/monorepo/internal/auth/flexible.go:320.50,322.3 1 0
github.com/wavlake/monorepo/internal/auth/flexible.go:323.2,323.11 1 0
github.com/wavlake/monorepo/internal/auth/flexible.go:327.46,328.54 1 0
github.com/wavlake/monorepo/internal/auth/flexible.go:328.54,330.3 1 0
github.com/wavlake/monorepo/internal/auth/flexible.go:331.2,331.11 1 0
github.com/wavlake/monorepo/internal/auth/nip98.go:24.90,26.16 2 1
github.com/wavlake/monorepo/internal/auth/nip98.go:26.16,28.3 1 1
github.com/wavlake/monorepo/internal/auth/nip98.go:30.2,32.8 1 1
github.com/wavlake/monorepo/internal/auth/nip98.go:35.41,37.2 1 0
github.com/wavlake/monorepo/internal/auth/nip98.go:40.89,41.71 1 0
github.com/wavlake/monorepo/internal/auth/nip98.go:41.71,42.33 1 0
github.com/wavlake/monorepo/internal/auth/nip98.go:42.33,45.4 2 0
github.com/wavlake/monorepo/internal/auth/nip98.go:47.3,48.23 2 0
github.com/wavlake/monorepo/internal/auth/nip98.go:48.23,51.4 2 0
github.com/wavlake/monorepo/internal/auth/nip98.go:53.3,53.47 1 0
github.com/wavlake/monorepo/internal/auth/nip98.go:53.47,56.4 2 0
github.com/wavlake/monorepo/internal/auth/nip98.go:58.3,60.17 3 0
github.com/wavlake/monorepo/internal/auth/nip98.go:60.17,63.4 2 0
github.com/wavlake/monorepo/internal/auth/nip98.go:65.3,66.66 2 0
github.com/wavlake/monorepo/internal/auth/nip98.go:66.66,69.4 2 0
github.com/wavlake/monorepo/internal/auth/nip98.go:71.3,73.26 2 0
github.com/wavlake/monorepo/internal/auth/nip98.go:73.26,76.4 2 0
github.com/wavlake/monorepo/internal/auth/nip98.go:78.3,80.47 3 0
github.com/wavlake/monorepo/internal/auth/nip98.go:80.47,83.4 2 0
github.com/wavlake/monorepo/internal/auth/nip98.go:85.3,86.34 2 0
github.com/wavlake/monorepo/internal/auth/nip98.go:86.34,87.21 1 0
github.com/wavlake/monorepo/internal/auth/nip98.go:87.21,88.19 1 0
github.com/wavlake/monorepo/internal/auth/nip98.go:89.14,90.21 1 0
github.com/wavlake/monorepo/internal/auth/nip98.go:91.19,92.24 1 0
github.com/wavlake/monorepo/internal/auth/nip98.go:97.3,98.19 2 0
github.com/wavlake/monorepo/internal/auth/nip98.go:98.19,100.4 1 0
github.com/wavlake/monorepo/internal/auth/nip98.go:102.3,102.67 1 0
github.com/wavlake/monorepo/internal/auth/nip98.go:102.67,104.4 1 0
github.com/wavlake/monorepo/internal/auth/nip98.go:105.3,107.24 2 0
github.com/wavlake/monorepo/internal/auth/nip98.go:107.24,111.4 3 0
github.com/wavlake/monorepo/internal/auth/nip98.go:113.3,113.28 1 0
github.com/wavlake/monorepo/internal/auth/nip98.go:113.28,116.4 2 0
github.com/wavlake/monorepo/internal/auth/nip98.go:118.3,118.22 1 0
github.com/wavlake/monorepo/internal/auth/nip98.go:118.22,121.4 2 0
github.com/wavlake/monorepo/internal/auth/nip98.go:124.3,125.40 2 0
github.com/wavlake/monorepo/internal/auth/nip98.go:130.84,131.71 1 0
github.com/wavlake/monorepo/internal/auth/nip98.go:131.71,134.30 2 0
github.com/wavlake/monorepo/internal/auth/nip98.go:134.30,137.4 2 0
github.com/wavlake/monorepo/internal/auth/nip98.go:139.3,141.17 3 0
github.com/wavlake/monorepo/internal/auth/nip98.go:141.17,145.4 3 0
github.com/wavlake/monorepo/internal/auth/nip98.go:147.3,147.19 1 0
github.com/wavlake/monorepo/internal/auth/nip98.go:147.19,150.4 2 0
github.com/wavlake/monorepo/internal/auth/nip98.go:152.3,156.40 3 0
github.com/wavlake/monorepo/internal/auth/nip98.go:161.70,163.2 1 0
github.com/wavlake/monorepo/internal/auth/nip98.go:165.103,171.26 5 0
github.com/wavlake/monorepo/internal/auth/nip98.go:171.26,173.3 1 0
github.com/wavlake/monorepo/internal/auth/nip98.go:174.2,174.16 1 0
github.com/wavlake/monorepo/internal/auth/nip98.go:174.16,176.3 1 0
github.com/wavlake/monorepo/internal/auth/nip98.go:178.2,179.42 2 0
github.com/wavlake/monorepo/internal/auth/nip98.go:179.42,181.3 1 0
github.com/wavlake/monorepo/internal/auth/nip98.go:183.2,183.19 1 0
github.com/wavlake/monorepo/internal/auth/nip98.go:186.78,192.16 5 0
github.com/wavlake/monorepo/internal/auth/nip98.go:192.16,194.3 1 0
github.com/wavlake/monorepo/internal/auth/nip98.go:196.2,199.16 2 0
github.com/wavlake/monorepo/internal/auth/nip98.go:199.16,201.3 1 0
github.com/wavlake/monorepo/internal/auth/nip98.go:204.71,206.2 1 0
github.com/wavlake/monorepo/internal/middleware/logging.go:17.13,26.2 3 1
github.com/wavlake/monorepo/internal/middleware/logging.go:34.58,38.2 2 1
github.com/wavlake/monorepo/internal/middleware/logging.go:54.43,77.2 1 1
github.com/wavlake/monorepo/internal/middleware/logging.go:80.67,81.30 1 1
github.com/wavlake/monorepo/internal/middleware/logging.go:81.30,83.45 1 1
github.com/wavlake/monorepo/internal/middleware/logging.go:83.45,84.38 1 1
github.com/wavlake/monorepo/internal/middleware/logging.go:84.38,87.5 2 1
github.com/wavlake/monorepo/internal/middleware/logging.go:90.3,96.53 5 1
github.com/wavlake/monorepo/internal/middleware/logging.go:96.53,98.50 2 1
github.com/wavlake/monorepo/internal/middleware/logging.go:98.50,100.5 1 1
github.com/wavlake/monorepo/internal/middleware/logging.go:102.4,102.63 1 1
github.com/wavlake/monorepo/internal/middleware/logging.go:106.3,107.26 2 1
github.com/wavlake/monorepo/internal/middleware/logging.go:107.26,114.4 3 1
github.com/wavlake/monorepo/internal/middleware/logging.go:117.3,117.25 1 1
github.com/wavlake/monorepo/internal/middleware/logging.go:117.25,119.4 1 1
github.com/wavlake/monorepo/internal/middleware/logging.go:122.3,128.26 3 1
github.com/wavlake/monorepo/internal/middleware/logging.go:128.26,130.4 1 1
github.com/wavlake/monorepo/internal/middleware/logging.go:134.90,146.23 2 1
github.com/wavlake/monorepo/internal/middleware/logging.go:146.23,148.46 2 1
github.com/wavlake/monorepo/internal/middleware/logging.go:148.46,152.56 2 1
github.com/wavlake/monorepo/internal/middleware/logging.go:152.56,154.5 1 1
github.com/wavlake/monorepo/internal/middleware/logging.go:156.4,156.42 1 1
github.com/wavlake/monorepo/internal/middleware/logging.go:158.3,158.54 1 1
github.com/wavlake/monorepo/internal/middleware/logging.go:162.2,162.44 1 1
github.com/wavlake/monorepo/internal/middleware/logging.go:162.44,170.3 4 1
github.com/wavlake/monorepo/internal/middleware/logging.go:172.2,172.80 1 1
github.com/wavlake/monorepo/internal/middleware/logging.go:175.115,186.23 2 1
github.com/wavlake/monorepo/internal/middleware/logging.go:186.23,188.47 2 1
github.com/wavlake/monorepo/internal/middleware/logging.go:188.47,190.4 1 1
github.com/wavlake/monorepo/internal/middleware/logging.go:191.3,191.54 1 1
github.com/wavlake/monorepo/internal/middleware/logging.go:195.2,195.45 1 1
github.com/wavlake/monorepo/internal/middleware/logging.go:195.45,199.42 2 1
github.com/wavlake/monorepo/internal/middleware/logging.go:199.42,201.4 1 1
github.com/wavlake/monorepo/internal/middleware/logging.go:204.3,207.58 3 1
github.com/wavlake/monorepo/internal/middleware/logging.go:210.2,210.81 1 1
github.com/wavlake/monorepo/internal/middleware/logging.go:214.69,216.45 2 1
github.com/wavlake/monorepo/internal/middleware/logging.go:216.45,217.57 1 1
github.com/wavlake/monorepo/internal/middleware/logging.go:217.57,219.4 1 1
github.com/wavlake/monorepo/internal/middleware/logging.go:221.2,221.14 1 1
github.com/wavlake/monorepo/internal/middleware/logging.go:224.45,225.21 1 1
github.com/wavlake/monorepo/internal/middleware/logging.go:225.21,227.3 1 1
github.com/wavlake/monorepo/internal/middleware/logging.go:228.2,228.77 1 1
github.com/wavlake/monorepo/internal/middleware/logging.go:231.76,232.40 1 1
github.com/wavlake/monorepo/internal/middleware/logging.go:232.40,235.79 1 1
github.com/wavlake/monorepo/internal/middleware/logging.go:235.79,238.4 1 1
github.com/wavlake/monorepo/internal/middleware/logging.go:240.2,240.13 1 1
github.com/wavlake/monorepo/internal/middleware/logging.go:244.46,245.51 1 1
github.com/wavlake/monorepo/internal/middleware/logging.go:245.51,247.3 1 1
github.com/wavlake/monorepo/internal/middleware/logging.go:248.2,248.11 1 1
github.com/wavlake/monorepo/internal/middleware/logging.go:252.91,254.25 2 1
github.com/wavlake/monorepo/internal/middleware/logging.go:254.25,256.3 1 1
github.com/wavlake/monorepo/internal/middleware/logging.go:257.2,257.60 1 1
github.com/wavlake/monorepo/internal/handlers/auth.go:17.79,21.2 1 1
github.com/wavlake/monorepo/internal/handlers/auth.go:39.51,42.13 2 1
github.com/wavlake/monorepo/internal/handlers/auth.go:42.13,45.3 2 1
github.com/wavlake/monorepo/internal/handlers/auth.go:47.2,48.13 2 1
github.com/wavlake/monorepo/internal/handlers/auth.go:48.13,51.3 2 1
github.com/wavlake/monorepo/internal/handlers/auth.go:53.2,63.67 8 1
github.com/wavlake/monorepo/internal/handlers/auth.go:63.67,64.27 1 1
github.com/wavlake/monorepo/internal/handlers/auth.go:64.27,67.4 2 1
github.com/wavlake/monorepo/internal/handlers/auth.go:71.2,72.16 2 1
github.com/wavlake/monorepo/internal/handlers/auth.go:72.16,75.3 2 1
github.com/wavlake/monorepo/internal/handlers/auth.go:77.2,85.33 2 1
github.com/wavlake/monorepo/internal/handlers/auth.go:102.53,105.13 2 1
github.com/wavlake/monorepo/internal/handlers/auth.go:105.13,108.3 2 1
github.com/wavlake/monorepo/internal/handlers/auth.go:110.2,111.47 2 1
github.com/wavlake/monorepo/internal/handlers/auth.go:111.47,114.3 2 1
github.com/wavlake/monorepo/internal/handlers/auth.go:116.2,120.16 3 1
github.com/wavlake/monorepo/internal/handlers/auth.go:120.16,123.3 2 1
github.com/wavlake/monorepo/internal/handlers/auth.go:125.2,131.33 2 1
github.com/wavlake/monorepo/internal/handlers/auth.go:143.57,146.13 2 1
github.com/wavlake/monorepo/internal/handlers/auth.go:146.13,149.3 2 1
github.com/wavlake/monorepo/internal/handlers/auth.go:151.2,155.16 3 1
github.com/wavlake/monorepo/internal/handlers/auth.go:155.16,163.3 3 1
github.com/wavlake/monorepo/internal/handlers/auth.go:166.2,167.28 2 1
github.com/wavlake/monorepo/internal/handlers/auth.go:167.28,173.29 2 1
github.com/wavlake/monorepo/internal/handlers/auth.go:173.29,175.4 1 1
github.com/wavlake/monorepo/internal/handlers/auth.go:177.3,177.46 1 1
github.com/wavlake/monorepo/internal/handlers/auth.go:181.2,181.26 1 1
github.com/wavlake/monorepo/internal/handlers/auth.go:181.26,183.3 1 1
github.com/wavlake/monorepo/internal/handlers/auth.go:185.2,191.33 2 1
github.com/wavlake/monorepo/internal/handlers/auth.go:210.56,213.13 2 1
github.com/wavlake/monorepo/internal/handlers/auth.go:213.13,216.3 2 1
github.com/wavlake/monorepo/internal/handlers/auth.go:218.2,219.47 2 1
github.com/wavlake/monorepo/internal/handlers/auth.go:219.47,222.3 2 1
github.com/wavlake/monorepo/internal/handlers/auth.go:225.2,225.39 1 1
github.com/wavlake/monorepo/internal/handlers/auth.go:225.39,228.3 2 1
github.com/wavlake/monorepo/internal/handlers/auth.go:231.2,232.16 2 1
github.com/wavlake/monorepo/internal/handlers/auth.go:232.16,243.3 3 1
github.com/wavlake/monorepo/internal/handlers/auth.go:246.2,247.16 2 1
github.com/wavlake/monorepo/internal/handlers/auth.go:247.16,251.3 2 1
github.com/wavlake/monorepo/internal/handlers/auth.go:253.2,261.33 2 1
github.com/wavlake/monorepo/internal/handlers/auth_token_handler.go:18.89,22.2 1 1
github.com/wavlake/monorepo/internal/handlers/auth_token_handler.go:33.64,40.47 3 1
github.com/wavlake/monorepo/internal/handlers/auth_token_handler.go:40.47,46.3 2 1
github.com/wavlake/monorepo/internal/handlers/auth_token_handler.go:49.2,50.13 2 1
github.com/wavlake/monorepo/internal/handlers/auth_token_handler.go:50.13,56.3 2 1
github.com/wavlake/monorepo/internal/handlers/auth_token_handler.go:58.2,62.21 3 1
github.com/wavlake/monorepo/internal/handlers/auth_token_handler.go:62.21,64.3 1 1
github.com/wavlake/monorepo/internal/handlers/auth_token_handler.go:67.2,68.16 2 1
github.com/wavlake/monorepo/internal/handlers/auth_token_handler.go:68.16,74.3 2 1
github.com/wavlake/monorepo/internal/handlers/auth_token_handler.go:76.2,79.4 1 1
github.com/wavlake/monorepo/internal/handlers/auth_token_handler.go:89.64,91.47 2 1
github.com/wavlake/monorepo/internal/handlers/auth_token_handler.go:91.47,97.3 2 0
github.com/wavlake/monorepo/internal/handlers/auth_token_handler.go:100.2,101.13 2 1
github.com/wavlake/monorepo/internal/handlers/auth_token_handler.go:101.13,107.3 2 0
github.com/wavlake/monorepo/internal/handlers/auth_token_handler.go:109.2,113.21 3 1
github.com/wavlake/monorepo/internal/handlers/auth_token_handler.go:113.21,115.3 1 0
github.com/wavlake/monorepo/internal/handlers/auth_token_handler.go:118.2,119.16 2 1
github.com/wavlake/monorepo/internal/handlers/auth_token_handler.go:119.16,125.3 2 0
github.com/wavlake/monorepo/internal/handlers/auth_token_handler.go:127.2,130.4 1 1
github.com/wavlake/monorepo/internal/handlers/auth_token_handler.go:140.58,142.47 2 1
github.com/wavlake/monorepo/internal/handlers/auth_token_handler.go:142.47,148.3 2 0
github.com/wavlake/monorepo/internal/handlers/auth_token_handler.go:151.2,152.16 2 1
github.com/wavlake/monorepo/internal/handlers/auth_token_handler.go:152.16,158.3 2 1
github.com/wavlake/monorepo/internal/handlers/auth_token_handler.go:160.2,163.4 1 1
github.com/wavlake/monorepo/internal/handlers/auth_token_handler.go:179.56,181.47 2 1
github.com/wavlake/monorepo/internal/handlers/auth_token_handler.go:181.47,187.3 2 0
github.com/wavlake/monorepo/internal/handlers/auth_token_handler.go:190.2,191.16 2 1
github.com/wavlake/monorepo/internal/handlers/auth_token_handler.go:191.16,197.3 2 1
github.com/wavlake/monorepo/internal/handlers/auth_token_handler.go:199.2,202.4 1 1
github.com/wavlake/monorepo/internal/handlers/auth_token_handler.go:213.61,216.13 2 1
github.com/wavlake/monorepo/internal/handlers/auth_token_handler.go:216.13,222.3 2 1
github.com/wavlake/monorepo/internal/handlers/auth_token_handler.go:224.2,228.16 3 1
github.com/wavlake/monorepo/internal/handlers/auth_token_handler.go:228.16,234.3 2 1
github.com/wavlake/monorepo/internal/handlers/auth_token_handler.go:236.2,239.4 1 1
github.com/wavlake/monorepo/internal/handlers/auth_token_handler.go:249.57,251.47 2 1
github.com/wavlake/monorepo/internal/handlers/auth_token_handler.go:251.47,257.3 2 0
github.com/wavlake/monorepo/internal/handlers/auth_token_handler.go:260.2,261.21 2 1
github.com/wavlake/monorepo/internal/handlers/auth_token_handler.go:261.21,263.3 1 1
github.com/wavlake/monorepo/internal/handlers/auth_token_handler.go:266.2,267.16 2 1
github.com/wavlake/monorepo/internal/handlers/auth_token_handler.go:267.16,273.3 2 1
github.com/wavlake/monorepo/internal/handlers/auth_token_handler.go:275.2,278.4 1 1
github.com/wavlake/monorepo/internal/handlers/development_handler.go:18.105,22.2 1 1
github.com/wavlake/monorepo/internal/handlers/development_handler.go:33.60,35.35 1 1
github.com/wavlake/monorepo/internal/handlers/development_handler.go:35.35,41.3 2 0
github.com/wavlake/monorepo/internal/handlers/development_handler.go:43.2,44.16 2 1
github.com/wavlake/monorepo/internal/handlers/development_handler.go:44.16,50.3 2 1
github.com/wavlake/monorepo/internal/handlers/development_handler.go:52.2,55.4 1 1
github.com/wavlake/monorepo/internal/handlers/development_handler.go:59.59,61.35 1 1
github.com/wavlake/monorepo/internal/handlers/development_handler.go:61.35,67.3 2 0
github.com/wavlake/monorepo/internal/handlers/development_handler.go:69.2,70.16 2 1
github.com/wavlake/monorepo/internal/handlers/development_handler.go:70.16,76.3 2 1
github.com/wavlake/monorepo/internal/handlers/development_handler.go:78.2,81.4 1 1
github.com/wavlake/monorepo/internal/handlers/development_handler.go:85.60,87.16 2 0
github.com/wavlake/monorepo/internal/handlers/development_handler.go:87.16,93.3 2 0
github.com/wavlake/monorepo/internal/handlers/development_handler.go:95.2,98.4 1 0
github.com/wavlake/monorepo/internal/handlers/development_handler.go:102.57,104.16 2 0
github.com/wavlake/monorepo/internal/handlers/development_handler.go:104.16,110.3 2 0
github.com/wavlake/monorepo/internal/handlers/development_handler.go:112.2,115.4 1 0
github.com/wavlake/monorepo/internal/handlers/development_handler.go:124.64,126.35 1 0
github.com/wavlake/monorepo/internal/handlers/development_handler.go:126.35,132.3 2 0
github.com/wavlake/monorepo/internal/handlers/development_handler.go:134.2,135.50 2 0
github.com/wavlake/monorepo/internal/handlers/development_handler.go:135.50,136.70 1 0
github.com/wavlake/monorepo/internal/handlers/development_handler.go:136.70,138.4 1 0
github.com/wavlake/monorepo/internal/handlers/development_handler.go:141.2,142.16 2 0
github.com/wavlake/monorepo/internal/handlers/development_handler.go:142.16,148.3 2 0
github.com/wavlake/monorepo/internal/handlers/development_handler.go:150.2,154.4 1 0
github.com/wavlake/monorepo/internal/handlers/development_handler.go:163.59,165.35 1 0
github.com/wavlake/monorepo/internal/handlers/development_handler.go:165.35,171.3 2 0
github.com/wavlake/monorepo/internal/handlers/development_handler.go:173.2,174.59 2 0
github.com/wavlake/monorepo/internal/handlers/development_handler.go:174.59,175.73 1 0
github.com/wavlake/monorepo/internal/handlers/development_handler.go:175.73,177.4 1 0
github.com/wavlake/monorepo/internal/handlers/development_handler.go:180.2,181.16 2 0
github.com/wavlake/monorepo/internal/handlers/development_handler.go:181.16,187.3 2 0
github.com/wavlake/monorepo/internal/handlers/development_handler.go:189.2,192.4 1 0
github.com/wavlake/monorepo/internal/handlers/development_handler.go:196.54,198.17 2 0
github.com/wavlake/monorepo/internal/handlers/development_handler.go:198.17,200.3 1 0
github.com/wavlake/monorepo/internal/handlers/development_handler.go:202.2,203.50 2 0
github.com/wavlake/monorepo/internal/handlers/development_handler.go:203.50,204.70 1 0
github.com/wavlake/monorepo/internal/handlers/development_handler.go:204.70,206.4 1 0
github.com/wavlake/monorepo/internal/handlers/development_handler.go:209.2,210.16 2 0
github.com/wavlake/monorepo/internal/handlers/development_handler.go:210.16,216.3 2 0
github.com/wavlake/monorepo/internal/handlers/development_handler.go:218.2,221.4 1 0
github.com/wavlake/monorepo/internal/handlers/file_server_handler.go:20.146,25.2 1 0
github.com/wavlake/monorepo/internal/handlers/file_server_handler.go:41.56,44.43 2 0
github.com/wavlake/monorepo/internal/handlers/file_server_handler.go:44.43,50.3 2 0
github.com/wavlake/monorepo/internal/handlers/file_server_handler.go:53.2,54.17 2 0
github.com/wavlake/monorepo/internal/handlers/file_server_handler.go:54.17,56.17 2 0
github.com/wavlake/monorepo/internal/handlers/file_server_handler.go:56.17,62.4 2 0
github.com/wavlake/monorepo/internal/handlers/file_server_handler.go:63.8,66.14 2 0
github.com/wavlake/monorepo/internal/handlers/file_server_handler.go:66.14,72.4 2 0
github.com/wavlake/monorepo/internal/handlers/file_server_handler.go:73.3,73.18 1 0
github.com/wavlake/monorepo/internal/handlers/file_server_handler.go:77.2,78.16 2 0
github.com/wavlake/monorepo/internal/handlers/file_server_handler.go:78.16,84.3 2 0
github.com/wavlake/monorepo/internal/handlers/file_server_handler.go:85.2,89.23 3 0
github.com/wavlake/monorepo/internal/handlers/file_server_handler.go:89.23,91.3 1 0
github.com/wavlake/monorepo/internal/handlers/file_server_handler.go:94.2,95.16 2 0
github.com/wavlake/monorepo/internal/handlers/file_server_handler.go:95.16,101.3 2 0
github.com/wavlake/monorepo/internal/handlers/file_server_handler.go:103.2,106.4 1 0
github.com/wavlake/monorepo/internal/handlers/file_server_handler.go:116.58,118.16 2 0
github.com/wavlake/monorepo/internal/handlers/file_server_handler.go:118.16,124.3 2 0
github.com/wavlake/monorepo/internal/handlers/file_server_handler.go:127.2,128.16 2 0
github.com/wavlake/monorepo/internal/handlers/file_server_handler.go:128.16,134.3 2 0
github.com/wavlake/monorepo/internal/handlers/file_server_handler.go:135.2,139.16 3 0
github.com/wavlake/monorepo/internal/handlers/file_server_handler.go:139.16,142.3 2 0
github.com/wavlake/monorepo/internal/handlers/file_server_handler.go:145.2,146.16 2 0
github.com/wavlake/monorepo/internal/handlers/file_server_handler.go:146.16,152.3 2 0
github.com/wavlake/monorepo/internal/handlers/file_server_handler.go:163.56,165.16 2 0
github.com/wavlake/monorepo/internal/handlers/file_server_handler.go:165.16,171.3 2 0
github.com/wavlake/monorepo/internal/handlers/file_server_handler.go:174.2,175.17 2 0
github.com/wavlake/monorepo/internal/handlers/file_server_handler.go:175.17,177.17 2 0
github.com/wavlake/monorepo/internal/handlers/file_server_handler.go:177.17,183.4 2 0
github.com/wavlake/monorepo/internal/handlers/file_server_handler.go:184.8,187.14 2 0
github.com/wavlake/monorepo/internal/handlers/file_server_handler.go:187.14,193.4 2 0
github.com/wavlake/monorepo/internal/handlers/file_server_handler.go:194.3,194.18 1 0
github.com/wavlake/monorepo/internal/handlers/file_server_handler.go:198.2,199.16 2 0
github.com/wavlake/monorepo/internal/handlers/file_server_handler.go:199.16,205.3 2 0
github.com/wavlake/monorepo/internal/handlers/file_server_handler.go:207.2,210.4 1 0
github.com/wavlake/monorepo/internal/handlers/file_server_handler.go:221.55,230.2 1 0
github.com/wavlake/monorepo/internal/handlers/file_server_handler.go:240.55,245.13 3 0
github.com/wavlake/monorepo/internal/handlers/file_server_handler.go:245.13,251.3 2 0
github.com/wavlake/monorepo/internal/handlers/file_server_handler.go:252.2,256.16 3 0
github.com/wavlake/monorepo/internal/handlers/file_server_handler.go:256.16,262.3 2 0
github.com/wavlake/monorepo/internal/handlers/file_server_handler.go:264.2,267.4 1 0
github.com/wavlake/monorepo/internal/handlers/file_server_handler.go:284.65,286.47 2 0
github.com/wavlake/monorepo/internal/handlers/file_server_handler.go:286.47,292.3 2 0
github.com/wavlake/monorepo/internal/handlers/file_server_handler.go:295.2,296.13 2 0
github.com/wavlake/monorepo/internal/handlers/file_server_handler.go:296.13,302.3 2 0
github.com/wavlake/monorepo/internal/handlers/file_server_handler.go:304.2,308.21 3 0
github.com/wavlake/monorepo/internal/handlers/file_server_handler.go:308.21,310.3 1 0
github.com/wavlake/monorepo/internal/handlers/file_server_handler.go:313.2,314.16 2 0
github.com/wavlake/monorepo/internal/handlers/file_server_handler.go:314.16,320.3 2 0
github.com/wavlake/monorepo/internal/handlers/file_server_handler.go:322.2,325.4 1 0
github.com/wavlake/monorepo/internal/handlers/heartbeat.go:12.56,13.32 1 0
github.com/wavlake/monorepo/internal/handlers/heartbeat.go:13.32,16.3 2 0
github.com/wavlake/monorepo/internal/handlers/heartbeat.go:18.2,24.60 4 0
github.com/wavlake/monorepo/internal/handlers/heartbeat.go:24.60,28.3 1 0
github.com/wavlake/monorepo/internal/handlers/heartbeat.go:31.55,33.2 1 0
github.com/wavlake/monorepo/internal/handlers/legacy_handler.go:19.89,23.2 1 1
github.com/wavlake/monorepo/internal/handlers/legacy_handler.go:26.38,27.16 1 1
github.com/wavlake/monorepo/internal/handlers/legacy_handler.go:27.16,29.3 1 0
github.com/wavlake/monorepo/internal/handlers/legacy_handler.go:32.2,32.26 1 1
github.com/wavlake/monorepo/internal/handlers/legacy_handler.go:32.26,34.3 1 1
github.com/wavlake/monorepo/internal/handlers/legacy_handler.go:36.2,46.39 3 1
github.com/wavlake/monorepo/internal/handlers/legacy_handler.go:46.39,47.55 1 1
github.com/wavlake/monorepo/internal/handlers/legacy_handler.go:47.55,49.4 1 1
github.com/wavlake/monorepo/internal/handlers/legacy_handler.go:52.2,52.14 1 0
github.com/wavlake/monorepo/internal/handlers/legacy_handler.go:65.57,68.23 2 1
github.com/wavlake/monorepo/internal/handlers/legacy_handler.go:68.23,71.3 2 1
github.com/wavlake/monorepo/internal/handlers/legacy_handler.go:73.2,77.16 3 1
github.com/wavlake/monorepo/internal/handlers/legacy_handler.go:77.16,79.27 1 1
github.com/wavlake/monorepo/internal/handlers/legacy_handler.go:79.27,83.4 3 1
github.com/wavlake/monorepo/internal/handlers/legacy_handler.go:85.3,85.13 1 1
github.com/wavlake/monorepo/internal/handlers/legacy_handler.go:89.2,93.17 4 1
github.com/wavlake/monorepo/internal/handlers/legacy_handler.go:93.17,95.91 1 1
github.com/wavlake/monorepo/internal/handlers/legacy_handler.go:95.91,97.4 1 1
github.com/wavlake/monorepo/internal/handlers/legacy_handler.go:97.9,97.34 1 1
github.com/wavlake/monorepo/internal/handlers/legacy_handler.go:97.34,99.4 1 1
github.com/wavlake/monorepo/internal/handlers/legacy_handler.go:102.3,102.89 1 1
github.com/wavlake/monorepo/internal/handlers/legacy_handler.go:102.89,104.4 1 1
github.com/wavlake/monorepo/internal/handlers/legacy_handler.go:104.9,104.34 1 1
github.com/wavlake/monorepo/internal/handlers/legacy_handler.go:104.34,106.4 1 1
github.com/wavlake/monorepo/internal/handlers/legacy_handler.go:109.3,109.89 1 1
github.com/wavlake/monorepo/internal/handlers/legacy_handler.go:109.89,111.4 1 1
github.com/wavlake/monorepo/internal/handlers/legacy_handler.go:111.9,111.34 1 1
github.com/wavlake/monorepo/internal/handlers/legacy_handler.go:111.34,113.4 1 1
github.com/wavlake/monorepo/internal/handlers/legacy_handler.go:117.2,117.20 1 1
github.com/wavlake/monorepo/internal/handlers/legacy_handler.go:117.20,119.3 1 1
github.com/wavlake/monorepo/internal/handlers/legacy_handler.go:120.2,120.19 1 1
github.com/wavlake/monorepo/internal/handlers/legacy_handler.go:120.19,122.3 1 1
github.com/wavlake/monorepo/internal/handlers/legacy_handler.go:123.2,123.19 1 1
github.com/wavlake/monorepo/internal/handlers/legacy_handler.go:123.19,125.3 1 1
github.com/wavlake/monorepo/internal/handlers/legacy_handler.go:127.2,134.33 2 1
github.com/wavlake/monorepo/internal/handlers/legacy_handler.go:138.55,140.23 2 1
github.com/wavlake/monorepo/internal/handlers/legacy_handler.go:140.23,143.3 2 1
github.com/wavlake/monorepo/internal/handlers/legacy_handler.go:145.2,146.40 2 1
github.com/wavlake/monorepo/internal/handlers/legacy_handler.go:146.40,149.3 2 1
github.com/wavlake/monorepo/internal/handlers/legacy_handler.go:151.2,151.19 1 1
github.com/wavlake/monorepo/internal/handlers/legacy_handler.go:151.19,153.3 1 1
github.com/wavlake/monorepo/internal/handlers/legacy_handler.go:155.2,155.48 1 1
github.com/wavlake/monorepo/internal/handlers/legacy_handler.go:159.56,161.23 2 1
github.com/wavlake/monorepo/internal/handlers/legacy_handler.go:161.23,164.3 2 1
github.com/wavlake/monorepo/internal/handlers/legacy_handler.go:166.2,167.40 2 1
github.com/wavlake/monorepo/internal/handlers/legacy_handler.go:167.40,171.3 3 1
github.com/wavlake/monorepo/internal/handlers/legacy_handler.go:173.2,173.20 1 1
github.com/wavlake/monorepo/internal/handlers/legacy_handler.go:173.20,175.3 1 1
github.com/wavlake/monorepo/internal/handlers/legacy_handler.go:177.2,177.50 1 1
github.com/wavlake/monorepo/internal/handlers/legacy_handler.go:181.55,183.23 2 1
github.com/wavlake/monorepo/internal/handlers/legacy_handler.go:183.23,186.3 2 1
github.com/wavlake/monorepo/internal/handlers/legacy_handler.go:188.2,189.40 2 1
github.com/wavlake/monorepo/internal/handlers/legacy_handler.go:189.40,193.3 3 1
github.com/wavlake/monorepo/internal/handlers/legacy_handler.go:195.2,195.19 1 1
github.com/wavlake/monorepo/internal/handlers/legacy_handler.go:195.19,197.3 1 1
github.com/wavlake/monorepo/internal/handlers/legacy_handler.go:199.2,199.48 1 1
github.com/wavlake/monorepo/internal/handlers/mock_storage_handler.go:17.105,21.2 1 0
github.com/wavlake/monorepo/internal/handlers/mock_storage_handler.go:38.57,40.43 2 0
github.com/wavlake/monorepo/internal/handlers/mock_storage_handler.go:40.43,46.3 2 0
github.com/wavlake/monorepo/internal/handlers/mock_storage_handler.go:49.2,50.16 2 0
github.com/wavlake/monorepo/internal/handlers/mock_storage_handler.go:50.16,56.3 2 0
github.com/wavlake/monorepo/internal/handlers/mock_storage_handler.go:57.2,61.23 3 0
github.com/wavlake/monorepo/internal/handlers/mock_storage_handler.go:61.23,63.3 1 0
github.com/wavlake/monorepo/internal/handlers/mock_storage_handler.go:66.2,67.16 2 0
github.com/wavlake/monorepo/internal/handlers/mock_storage_handler.go:67.16,73.3 2 0
github.com/wavlake/monorepo/internal/handlers/mock_storage_handler.go:75.2,78.4 1 0
github.com/wavlake/monorepo/internal/handlers/mock_storage_handler.go:82.59,86.32 3 0
github.com/wavlake/monorepo/internal/handlers/mock_storage_handler.go:86.32,92.3 2 0
github.com/wavlake/monorepo/internal/handlers/mock_storage_handler.go:95.2,96.16 2 0
github.com/wavlake/monorepo/internal/handlers/mock_storage_handler.go:96.16,102.3 2 0
github.com/wavlake/monorepo/internal/handlers/mock_storage_handler.go:103.2,106.78 2 0
github.com/wavlake/monorepo/internal/handlers/mock_storage_handler.go:117.57,121.32 3 0
github.com/wavlake/monorepo/internal/handlers/mock_storage_handler.go:121.32,127.3 2 0
github.com/wavlake/monorepo/internal/handlers/mock_storage_handler.go:130.2,131.16 2 0
github.com/wavlake/monorepo/internal/handlers/mock_storage_handler.go:131.16,137.3 2 0
github.com/wavlake/monorepo/internal/handlers/mock_storage_handler.go:139.2,142.4 1 0
github.com/wavlake/monorepo/internal/handlers/mock_storage_handler.go:153.56,157.18 3 0
github.com/wavlake/monorepo/internal/handlers/mock_storage_handler.go:157.18,163.3 2 0
github.com/wavlake/monorepo/internal/handlers/mock_storage_handler.go:166.2,167.16 2 0
github.com/wavlake/monorepo/internal/handlers/mock_storage_handler.go:167.16,173.3 2 0
github.com/wavlake/monorepo/internal/handlers/mock_storage_handler.go:175.2,178.4 1 0
github.com/wavlake/monorepo/internal/handlers/mock_storage_handler.go:189.60,191.18 2 0
github.com/wavlake/monorepo/internal/handlers/mock_storage_handler.go:191.18,197.3 2 0
github.com/wavlake/monorepo/internal/handlers/mock_storage_handler.go:200.2,201.16 2 0
github.com/wavlake/monorepo/internal/handlers/mock_storage_handler.go:201.16,207.3 2 0
github.com/wavlake/monorepo/internal/handlers/mock_storage_handler.go:209.2,212.4 1 0
github.com/wavlake/monorepo/internal/handlers/mock_storage_handler.go:229.59,231.47 2 0
github.com/wavlake/monorepo/internal/handlers/mock_storage_handler.go:231.47,237.3 2 0
github.com/wavlake/monorepo/internal/handlers/mock_storage_handler.go:240.2,241.20 2 0
github.com/wavlake/monorepo/internal/handlers/mock_storage_handler.go:241.20,243.3 1 0
github.com/wavlake/monorepo/internal/handlers/mock_storage_handler.go:246.2,247.16 2 0
github.com/wavlake/monorepo/internal/handlers/mock_storage_handler.go:247.16,253.3 2 0
github.com/wavlake/monorepo/internal/handlers/mock_storage_handler.go:255.2,258.4 1 0
github.com/wavlake/monorepo/internal/handlers/mock_storage_handler.go:269.58,271.16 2 0
github.com/wavlake/monorepo/internal/handlers/mock_storage_handler.go:271.16,277.3 2 0
github.com/wavlake/monorepo/internal/handlers/mock_storage_handler.go:279.2,282.4 1 0
github.com/wavlake/monorepo/internal/handlers/tracks.go:19.197,25.2 1 1
github.com/wavlake/monorepo/internal/handlers/tracks.go:39.58,41.47 2 1
github.com/wavlake/monorepo/internal/handlers/tracks.go:41.47,47.3 2 1
github.com/wavlake/monorepo/internal/handlers/tracks.go:50.2,50.56 1 1
github.com/wavlake/monorepo/internal/handlers/tracks.go:50.56,56.3 2 1
github.com/wavlake/monorepo/internal/handlers/tracks.go:59.2,60.13 2 1
github.com/wavlake/monorepo/internal/handlers/tracks.go:60.13,66.3 2 1
github.com/wavlake/monorepo/internal/handlers/tracks.go:68.2,69.13 2 1
github.com/wavlake/monorepo/internal/handlers/tracks.go:69.13,75.3 2 1
github.com/wavlake/monorepo/internal/handlers/tracks.go:77.2,78.9 2 1
github.com/wavlake/monorepo/internal/handlers/tracks.go:78.9,84.3 2 1
github.com/wavlake/monorepo/internal/handlers/tracks.go:86.2,87.9 2 1
github.com/wavlake/monorepo/internal/handlers/tracks.go:87.9,93.3 2 1
github.com/wavlake/monorepo/internal/handlers/tracks.go:96.2,102.16 2 1
github.com/wavlake/monorepo/internal/handlers/tracks.go:102.16,109.3 3 1
github.com/wavlake/monorepo/internal/handlers/tracks.go:111.2,114.4 1 1
github.com/wavlake/monorepo/internal/handlers/tracks.go:124.53,127.13 2 1
github.com/wavlake/monorepo/internal/handlers/tracks.go:127.13,133.3 2 1
github.com/wavlake/monorepo/internal/handlers/tracks.go:135.2,136.9 2 1
github.com/wavlake/monorepo/internal/handlers/tracks.go:136.9,142.3 2 1
github.com/wavlake/monorepo/internal/handlers/tracks.go:145.2,146.16 2 1
github.com/wavlake/monorepo/internal/handlers/tracks.go:146.16,153.3 3 1
github.com/wavlake/monorepo/internal/handlers/tracks.go:155.2,158.4 1 1
github.com/wavlake/monorepo/internal/handlers/tracks.go:162.50,164.19 2 1
github.com/wavlake/monorepo/internal/handlers/tracks.go:164.19,167.3 2 1
github.com/wavlake/monorepo/internal/handlers/tracks.go:169.2,170.16 2 1
github.com/wavlake/monorepo/internal/handlers/tracks.go:170.16,173.3 2 1
github.com/wavlake/monorepo/internal/handlers/tracks.go:175.2,175.62 1 1
github.com/wavlake/monorepo/internal/handlers/tracks.go:179.53,181.19 2 1
github.com/wavlake/monorepo/internal/handlers/tracks.go:181.19,184.3 2 1
github.com/wavlake/monorepo/internal/handlers/tracks.go:187.2,188.13 2 1
github.com/wavlake/monorepo/internal/handlers/tracks.go:188.13,191.3 2 1
github.com/wavlake/monorepo/internal/handlers/tracks.go:194.2,195.16 2 1
github.com/wavlake/monorepo/internal/handlers/tracks.go:195.16,198.3 2 1
github.com/wavlake/monorepo/internal/handlers/tracks.go:201.2,201.37 1 1
github.com/wavlake/monorepo/internal/handlers/tracks.go:201.37,204.3 2 1
github.com/wavlake/monorepo/internal/handlers/tracks.go:207.2,208.16 2 1
github.com/wavlake/monorepo/internal/handlers/tracks.go:208.16,211.3 2 1
github.com/wavlake/monorepo/internal/handlers/tracks.go:213.2,213.88 1 1
github.com/wavlake/monorepo/internal/handlers/webhook_handler.go:22.89,26.2 1 0
github.com/wavlake/monorepo/internal/handlers/webhook_handler.go:37.63,40.16 2 0
github.com/wavlake/monorepo/internal/handlers/webhook_handler.go:40.16,46.3 2 0
github.com/wavlake/monorepo/internal/handlers/webhook_handler.go:49.2,50.21 2 0
github.com/wavlake/monorepo/internal/handlers/webhook_handler.go:50.21,52.70 2 0
github.com/wavlake/monorepo/internal/handlers/webhook_handler.go:52.70,58.4 2 0
github.com/wavlake/monorepo/internal/handlers/webhook_handler.go:62.2,63.51 2 0
github.com/wavlake/monorepo/internal/handlers/webhook_handler.go:63.51,69.3 2 0
github.com/wavlake/monorepo/internal/handlers/webhook_handler.go:72.2,73.16 2 0
github.com/wavlake/monorepo/internal/handlers/webhook_handler.go:73.16,79.3 2 0
github.com/wavlake/monorepo/internal/handlers/webhook_handler.go:81.2,84.4 1 0
github.com/wavlake/monorepo/internal/handlers/webhook_handler.go:88.57,91.16 2 0
github.com/wavlake/monorepo/internal/handlers/webhook_handler.go:91.16,97.3 2 0
github.com/wavlake/monorepo/internal/handlers/webhook_handler.go:100.2,101.21 2 0
github.com/wavlake/monorepo/internal/handlers/webhook_handler.go:101.21,103.70 2 0
github.com/wavlake/monorepo/internal/handlers/webhook_handler.go:103.70,109.4 2 0
github.com/wavlake/monorepo/internal/handlers/webhook_handler.go:113.2,114.51 2 0
github.com/wavlake/monorepo/internal/handlers/webhook_handler.go:114.51,120.3 2 0
github.com/wavlake/monorepo/internal/handlers/webhook_handler.go:123.2,124.16 2 0
github.com/wavlake/monorepo/internal/handlers/webhook_handler.go:124.16,130.3 2 0
github.com/wavlake/monorepo/internal/handlers/webhook_handler.go:132.2,135.4 1 0
github.com/wavlake/monorepo/internal/handlers/webhook_handler.go:139.60,142.16 2 0
github.com/wavlake/monorepo/internal/handlers/webhook_handler.go:142.16,148.3 2 0
github.com/wavlake/monorepo/internal/handlers/webhook_handler.go:151.2,152.21 2 0
github.com/wavlake/monorepo/internal/handlers/webhook_handler.go:152.21,154.70 2 0
github.com/wavlake/monorepo/internal/handlers/webhook_handler.go:154.70,160.4 2 0
github.com/wavlake/monorepo/internal/handlers/webhook_handler.go:164.2,165.51 2 0
github.com/wavlake/monorepo/internal/handlers/webhook_handler.go:165.51,171.3 2 0
github.com/wavlake/monorepo/internal/handlers/webhook_handler.go:174.2,175.16 2 0
github.com/wavlake/monorepo/internal/handlers/webhook_handler.go:175.16,181.3 2 0
github.com/wavlake/monorepo/internal/handlers/webhook_handler.go:183.2,186.4 1 0
github.com/wavlake/monorepo/internal/handlers/webhook_handler.go:190.56,192.21 2 0
github.com/wavlake/monorepo/internal/handlers/webhook_handler.go:192.21,198.3 2 0
github.com/wavlake/monorepo/internal/handlers/webhook_handler.go:201.2,202.16 2 0
github.com/wavlake/monorepo/internal/handlers/webhook_handler.go:202.16,208.3 2 0
github.com/wavlake/monorepo/internal/handlers/webhook_handler.go:210.2,213.4 1 0
[...]
github.com/wavlake/monorepo/internal/services/processing.go:24.178,32.2 1 0
github.com/wavlake/monorepo/internal/services/processing.go:35.85,40.16 3 0
github.com/wavlake/monorepo/internal/services/processing.go:40.16,42.3 1 0
github.com/wavlake/monorepo/internal/services/processing.go:45.2,48.15 3 0
github.com/wavlake/monorepo/internal/services/processing.go:48.15,51.3 2 0
github.com/wavlake/monorepo/internal/services/processing.go:54.2,54.77 1 0
github.com/wavlake/monorepo/internal/services/processing.go:54.77,56.3 1 0
github.com/wavlake/monorepo/internal/services/processing.go:59.2,59.78 1 0
github.com/wavlake/monorepo/internal/services/processing.go:59.78,61.3 1 0
github.com/wavlake/monorepo/internal/services/processing.go:64.2,65.16 2 0
github.com/wavlake/monorepo/internal/services/processing.go:65.16,68.3 1 0
github.com/wavlake/monorepo/internal/services/processing.go:71.2,77.106 2 0
github.com/wavlake/monorepo/internal/services/processing.go:77.106,79.3 1 0
github.com/wavlake/monorepo/internal/services/processing.go:82.2,84.16 3 0
github.com/wavlake/monorepo/internal/services/processing.go:84.16,86.3 1 0
github.com/wavlake/monorepo/internal/services/processing.go:87.2,89.111 2 0
github.com/wavlake/monorepo/internal/services/processing.go:89.111,91.3 1 0
github.com/wavlake/monorepo/internal/services/processing.go:93.2,102.22 3 0
github.com/wavlake/monorepo/internal/services/processing.go:102.22,105.3 2 0
github.com/wavlake/monorepo/internal/services/processing.go:107.2,107.79 1 0
github.com/wavlake/monorepo/internal/services/processing.go:107.79,110.3 1 0
github.com/wavlake/monorepo/internal/services/processing.go:113.2,132.64 2 0
github.com/wavlake/monorepo/internal/services/processing.go:132.64,134.3 1 0
github.com/wavlake/monorepo/internal/services/processing.go:137.2,137.96 1 0
github.com/wavlake/monorepo/internal/services/processing.go:137.96,139.3 1 0
github.com/wavlake/monorepo/internal/services/processing.go:141.2,142.12 2 0
github.com/wavlake/monorepo/internal/services/processing.go:146.91,152.16 2 0
github.com/wavlake/monorepo/internal/services/processing.go:152.16,154.3 1 0
github.com/wavlake/monorepo/internal/services/processing.go:155.2,161.18 3 0
github.com/wavlake/monorepo/internal/services/processing.go:161.18,164.111 2 0
github.com/wavlake/monorepo/internal/services/processing.go:164.111,166.4 1 0
github.com/wavlake/monorepo/internal/services/processing.go:169.2,169.22 1 0
github.com/wavlake/monorepo/internal/services/processing.go:169.22,171.3 1 0
github.com/wavlake/monorepo/internal/services/processing.go:174.2,175.16 2 0
github.com/wavlake/monorepo/internal/services/processing.go:175.16,177.3 1 0
github.com/wavlake/monorepo/internal/services/processing.go:178.2,181.53 2 0
github.com/wavlake/monorepo/internal/services/processing.go:181.53,183.3 1 0
github.com/wavlake/monorepo/internal/services/processing.go:185.2,185.12 1 0
github.com/wavlake/monorepo/internal/services/processing.go:189.103,198.2 3 0
github.com/wavlake/monorepo/internal/services/processing.go:201.84,202.12 1 0
github.com/wavlake/monorepo/internal/services/processing.go:202.12,207.61 3 0
github.com/wavlake/monorepo/internal/services/processing.go:207.61,209.4 1 0
github.com/wavlake/monorepo/internal/services/processing.go:214.146,218.86 2 0
github.com/wavlake/monorepo/internal/services/processing.go:218.86,220.3 1 0
github.com/wavlake/monorepo/internal/services/processing.go:223.2,223.44 1 0
github.com/wavlake/monorepo/internal/services/processing.go:223.44,225.3 1 0
github.com/wavlake/monorepo/internal/services/processing.go:227.2,227.12 1 0
github.com/wavlake/monorepo/internal/services/processing.go:231.123,232.12 1 0
github.com/wavlake/monorepo/internal/services/processing.go:232.12,237.75 3 0
github.com/wavlake/monorepo/internal/services/processing.go:237.75,239.4 1 0
github.com/wavlake/monorepo/internal/services/processing.go:244.124,250.16 4 0
github.com/wavlake/monorepo/internal/services/processing.go:250.16,252.3 1 0
github.com/wavlake/monorepo/internal/services/processing.go:255.2,258.15 3 0
github.com/wavlake/monorepo/internal/services/processing.go:258.15,261.3 2 0
github.com/wavlake/monorepo/internal/services/processing.go:264.2,264.77 1 0
github.com/wavlake/monorepo/internal/services/processing.go:264.77,266.3 1 0
github.com/wavlake/monorepo/internal/services/processing.go:269.2,269.78 1 0
github.com/wavlake/monorepo/internal/services/processing.go:269.78,271.3 1 0
github.com/wavlake/monorepo/internal/services/processing.go:274.2,274.98 1 0
github.com/wavlake/monorepo/internal/services/processing.go:274.98,276.3 1 0
github.com/wavlake/monorepo/internal/services/processing.go:279.2,280.16 2 0
github.com/wavlake/monorepo/internal/services/processing.go:280.16,282.3 1 0
github.com/wavlake/monorepo/internal/services/processing.go:285.2,287.16 3 0
github.com/wavlake/monorepo/internal/services/processing.go:287.16,289.3 1 0
github.com/wavlake/monorepo/internal/services/processing.go:290.2,293.110 3 0
github.com/wavlake/monorepo/internal/services/processing.go:293.110,295.3 1 0
github.com/wavlake/monorepo/internal/services/processing.go:297.2,303.23 5 0
github.com/wavlake/monorepo/internal/services/processing.go:303.23,306.3 2 0
github.com/wavlake/monorepo/internal/services/processing.go:309.2,323.89 2 0
github.com/wavlake/monorepo/internal/services/processing.go:323.89,325.3 1 0
github.com/wavlake/monorepo/internal/services/processing.go:327.2,328.12 2 0
github.com/wavlake/monorepo/internal/services/processing.go:332.52,333.16 1 0
github.com/wavlake/monorepo/internal/services/processing.go:334.13,335.22 1 0
github.com/wavlake/monorepo/internal/services/processing.go:336.13,337.21 1 0
github.com/wavlake/monorepo/internal/services/processing.go:338.13,339.21 1 0
github.com/wavlake/monorepo/internal/services/processing.go:340.10,341.22 1 0
github.com/wavlake/monorepo/internal/services/storage.go:24.54,26.2 1 0
github.com/wavlake/monorepo/internal/services/storage.go:28.49,30.2 1 0
github.com/wavlake/monorepo/internal/services/storage.go:32.89,37.75 3 0
github.com/wavlake/monorepo/internal/services/storage.go:37.75,39.3 1 0
github.com/wavlake/monorepo/internal/services/storage.go:39.8,41.3 1 0
github.com/wavlake/monorepo/internal/services/storage.go:43.2,43.16 1 0
github.com/wavlake/monorepo/internal/services/storage.go:43.16,45.3 1 0
github.com/wavlake/monorepo/internal/services/storage.go:47.2,53.8 2 0
github.com/wavlake/monorepo/internal/services/storage.go:56.40,58.2 1 0
github.com/wavlake/monorepo/internal/services/storage.go:61.129,72.45 2 0
github.com/wavlake/monorepo/internal/services/storage.go:72.45,75.4 1 0
github.com/wavlake/monorepo/internal/services/storage.go:78.2,79.16 2 0
github.com/wavlake/monorepo/internal/services/storage.go:79.16,81.3 1 0
github.com/wavlake/monorepo/internal/services/storage.go:83.2,83.17 1 0
github.com/wavlake/monorepo/internal/services/storage.go:87.65,89.2 1 0
github.com/wavlake/monorepo/internal/services/storage.go:92.93,97.16 4 0
github.com/wavlake/monorepo/internal/services/storage.go:97.16,99.3 1 0
github.com/wavlake/monorepo/internal/services/storage.go:101.2,101.12 1 0
github.com/wavlake/monorepo/internal/services/storage.go:105.85,107.40 2 0
github.com/wavlake/monorepo/internal/services/storage.go:107.40,109.3 1 0
github.com/wavlake/monorepo/internal/services/storage.go:110.2,110.12 1 0
github.com/wavlake/monorepo/internal/services/storage.go:114.121,119.49 4 0
github.com/wavlake/monorepo/internal/services/storage.go:119.49,122.3 2 0
github.com/wavlake/monorepo/internal/services/storage.go:124.2,124.39 1 0
github.com/wavlake/monorepo/internal/services/storage.go:124.39,126.3 1 0
github.com/wavlake/monorepo/internal/services/storage.go:128.2,128.12 1 0
github.com/wavlake/monorepo/internal/services/storage.go:132.105,135.16 3 0
github.com/wavlake/monorepo/internal/services/storage.go:135.16,137.3 1 0
github.com/wavlake/monorepo/internal/services/storage.go:138.2,138.19 1 0
github.com/wavlake/monorepo/internal/services/storage.go:142.105,145.16 3 0
github.com/wavlake/monorepo/internal/services/storage.go:145.16,147.3 1 0
github.com/wavlake/monorepo/internal/services/storage.go:148.2,148.20 1 0
github.com/wavlake/monorepo/internal/services/storage.go:152.101,155.16 2 0
github.com/wavlake/monorepo/internal/services/storage.go:155.16,157.3 1 0
github.com/wavlake/monorepo/internal/services/storage.go:160.2,167.16 4 0
github.com/wavlake/monorepo/internal/services/storage.go:167.16,169.3 1 0
github.com/wavlake/monorepo/internal/services/storage.go:172.2,173.16 2 0
github.com/wavlake/monorepo/internal/services/storage.go:173.16,175.3 1 0
github.com/wavlake/monorepo/internal/services/storage.go:177.2,177.23 1 0
github.com/wavlake/monorepo/internal/services/token_service.go:20.38,24.2 1 0
github.com/wavlake/monorepo/internal/services/token_service.go:27.145,30.49 2 0
github.com/wavlake/monorepo/internal/services/token_service.go:30.49,32.3 1 0
github.com/wavlake/monorepo/internal/services/token_service.go:34.2,48.25 5 0
github.com/wavlake/monorepo/internal/services/token_service.go:52.145,55.2 1 0
github.com/wavlake/monorepo/internal/services/token_service.go:58.112,60.13 2 0
github.com/wavlake/monorepo/internal/services/token_service.go:60.13,62.3 1 0
github.com/wavlake/monorepo/internal/services/token_service.go:65.2,65.45 1 0
github.com/wavlake/monorepo/internal/services/token_service.go:65.45,69.3 2 0
github.com/wavlake/monorepo/internal/services/token_service.go:72.2,72.30 1 0
github.com/wavlake/monorepo/internal/services/token_service.go:72.30,74.3 1 0
github.com/wavlake/monorepo/internal/services/token_service.go:76.2,76.25 1 0
github.com/wavlake/monorepo/internal/services/token_service.go:80.77,81.43 1 0
github.com/wavlake/monorepo/internal/services/token_service.go:81.43,83.3 1 0
github.com/wavlake/monorepo/internal/services/token_service.go:85.2,86.12 2 0
github.com/wavlake/monorepo/internal/services/token_service.go:90.111,94.43 3 0
github.com/wavlake/monorepo/internal/services/token_service.go:94.43,95.72 1 0
github.com/wavlake/monorepo/internal/services/token_service.go:95.72,97.4 1 0
github.com/wavlake/monorepo/internal/services/token_service.go:97.9,97.46 1 0
github.com/wavlake/monorepo/internal/services/token_service.go:97.46,100.4 1 0
github.com/wavlake/monorepo/internal/services/token_service.go:103.2,103.26 1 0
github.com/wavlake/monorepo/internal/services/token_service.go:107.131,109.13 2 0
github.com/wavlake/monorepo/internal/services/token_service.go:109.13,111.3 1 0
github.com/wavlake/monorepo/internal/services/token_service.go:114.2,114.45 1 0
github.com/wavlake/monorepo/internal/services/token_service.go:114.45,117.3 2 0
github.com/wavlake/monorepo/internal/services/token_service.go:120.2,122.25 2 0
github.com/wavlake/monorepo/internal/services/user_service.go:19.96,24.2 1 0
github.com/wavlake/monorepo/internal/services/user_service.go:27.95,32.82 3 0
github.com/wavlake/monorepo/internal/services/user_service.go:32.82,34.3 1 0
github.com/wavlake/monorepo/internal/services/user_service.go:37.2,37.105 1 0
github.com/wavlake/monorepo/internal/services/user_service.go:37.105,43.17 4 0
github.com/wavlake/monorepo/internal/services/user_service.go:43.17,51.4 1 0
github.com/wavlake/monorepo/internal/services/user_service.go:51.9,53.48 1 0
github.com/wavlake/monorepo/internal/services/user_service.go:53.48,55.5 1 0
github.com/wavlake/monorepo/internal/services/user_service.go:58.4,58.45 1 0
github.com/wavlake/monorepo/internal/services/user_service.go:58.45,60.5 1 0
github.com/wavlake/monorepo/internal/services/user_service.go:61.4,61.24 1 0
github.com/wavlake/monorepo/internal/services/user_service.go:64.3,64.47 1 0
github.com/wavlake/monorepo/internal/services/user_service.go:64.47,66.4 1 0
github.com/wavlake/monorepo/internal/services/user_service.go:69.3,79.57 3 0
github.com/wavlake/monorepo/internal/services/user_service.go:79.57,81.4 1 0
github.com/wavlake/monorepo/internal/services/user_service.go:83.3,83.13 1 0
github.com/wavlake/monorepo/internal/services/user_service.go:86.2,86.12 1 0
github.com/wavlake/monorepo/internal/services/user_service.go:90.99,93.16 2 0
github.com/wavlake/monorepo/internal/services/user_service.go:93.16,95.3 1 0
github.com/wavlake/monorepo/internal/services/user_service.go:97.2,97.42 1 0
github.com/wavlake/monorepo/internal/services/user_service.go:97.42,99.3 1 0
github.com/wavlake/monorepo/internal/services/user_service.go:101.2,101.23 1 0
github.com/wavlake/monorepo/internal/services/user_service.go:101.23,103.3 1 0
github.com/wavlake/monorepo/internal/services/user_service.go:106.2,106.106 1 0
github.com/wavlake/monorepo/internal/services/user_service.go:106.106,110.17 3 0
github.com/wavlake/monorepo/internal/services/user_service.go:110.17,112.4 1 0
github.com/wavlake/monorepo/internal/services/user_service.go:114.3,115.47 2 0
github.com/wavlake/monorepo/internal/services/user_service.go:115.47,117.4 1 0
github.com/wavlake/monorepo/internal/services/user_service.go:121.3,124.64 4 0
github.com/wavlake/monorepo/internal/services/user_service.go:124.64,126.4 1 0
github.com/wavlake/monorepo/internal/services/user_service.go:129.3,132.47 3 0
github.com/wavlake/monorepo/internal/services/user_service.go:132.47,134.4 1 0
github.com/wavlake/monorepo/internal/services/user_service.go:136.3,136.13 1 0
github.com/wavlake/monorepo/internal/services/user_service.go:141.109,154.6 6 0
github.com/wavlake/monorepo/internal/services/user_service.go:154.6,156.27 2 0
github.com/wavlake/monorepo/internal/services/user_service.go:156.27,157.9 1 0
github.com/wavlake/monorepo/internal/services/user_service.go:159.3,159.17 1 0
github.com/wavlake/monorepo/internal/services/user_service.go:159.17,165.8 4 0
github.com/wavlake/monorepo/internal/services/user_service.go:165.8,167.29 2 0
github.com/wavlake/monorepo/internal/services/user_service.go:167.29,168.11 1 0
github.com/wavlake/monorepo/internal/services/user_service.go:170.5,170.19 1 0
github.com/wavlake/monorepo/internal/services/user_service.go:170.19,172.6 1 0
github.com/wavlake/monorepo/internal/services/user_service.go:174.5,175.50 2 0
github.com/wavlake/monorepo/internal/services/user_service.go:175.50,177.6 1 0
github.com/wavlake/monorepo/internal/services/user_service.go:179.5,179.41 1 0
github.com/wavlake/monorepo/internal/services/user_service.go:181.4,181.9 1 0
github.com/wavlake/monorepo/internal/services/user_service.go:184.3,185.48 2 0
github.com/wavlake/monorepo/internal/services/user_service.go:185.48,187.4 1 0
github.com/wavlake/monorepo/internal/services/user_service.go:189.3,189.39 1 0
github.com/wavlake/monorepo/internal/services/user_service.go:192.2,192.21 1 0
github.com/wavlake/monorepo/internal/services/user_service.go:196.98,198.16 2 0
github.com/wavlake/monorepo/internal/services/user_service.go:198.16,200.3 1 0
github.com/wavlake/monorepo/internal/services/user_service.go:202.2,202.23 1 0
github.com/wavlake/monorepo/internal/services/user_service.go:202.23,204.3 1 0
github.com/wavlake/monorepo/internal/services/user_service.go:206.2,206.35 1 0
github.com/wavlake/monorepo/internal/services/user_service.go:210.99,212.16 2 0
github.com/wavlake/monorepo/internal/services/user_service.go:212.16,214.3 1 0
github.com/wavlake/monorepo/internal/services/user_service.go:216.2,217.47 2 0
github.com/wavlake/monorepo/internal/services/user_service.go:217.47,219.3 1 0
github.com/wavlake/monorepo/internal/services/user_service.go:221.2,221.24 1 0
github.com/wavlake/monorepo/internal/services/user_service.go:225.49,226.26 1 0
github.com/wavlake/monorepo/internal/services/user_service.go:226.26,227.16 1 0
github.com/wavlake/monorepo/internal/services/user_service.go:227.16,229.4 1 0
github.com/wavlake/monorepo/internal/services/user_service.go:231.2,231.14 1 0
github.com/wavlake/monorepo/internal/services/user_service.go:234.57,236.26 2 0
github.com/wavlake/monorepo/internal/services/user_service.go:236.26,237.16 1 0
github.com/wavlake/monorepo/internal/services/user_service.go:237.16,239.4 1 0
github.com/wavlake/monorepo/internal/services/user_service.go:241.2,241.15 1 0
github.com/wavlake/monorepo/internal/services/user_service.go:245.93,247.16 2 0
github.com/wavlake/monorepo/internal/services/user_service.go:247.16,249.3 1 0
github.com/wavlake/monorepo/internal/services/user_service.go:251.2,251.24 1 0
github.com/wavlake/monorepo/internal/services/webhook_service.go:21.132,26.2 1 0
github.com/wavlake/monorepo/internal/services/webhook_service.go:29.112,30.27 1 0
github.com/wavlake/monorepo/internal/services/webhook_service.go:31.25,33.59 1 0
github.com/wavlake/monorepo/internal/services/webhook_service.go:33.59,35.4 1 0
github.com/wavlake/monorepo/internal/services/webhook_service.go:36.3,36.51 1 0
github.com/wavlake/monorepo/internal/services/webhook_service.go:38.31,40.59 1 0
github.com/wavlake/monorepo/internal/services/webhook_service.go:40.59,42.4 1 0
github.com/wavlake/monorepo/internal/services/webhook_service.go:43.3,43.51 1 0
github.com/wavlake/monorepo/internal/services/webhook_service.go:45.10,46.69 1 0
github.com/wavlake/monorepo/internal/services/webhook_service.go:51.106,52.27 1 0
github.com/wavlake/monorepo/internal/services/webhook_service.go:53.23,55.65 1 0
github.com/wavlake/monorepo/internal/services/webhook_service.go:55.65,57.4 1 0
github.com/wavlake/monorepo/internal/services/webhook_service.go:58.3,58.54 1 0
github.com/wavlake/monorepo/internal/services/webhook_service.go:60.23,62.65 1 0
github.com/wavlake/monorepo/internal/services/webhook_service.go:62.65,64.4 1 0
github.com/wavlake/monorepo/internal/services/webhook_service.go:65.3,65.54 1 0
github.com/wavlake/monorepo/internal/services/webhook_service.go:67.10,68.77 1 0
github.com/wavlake/monorepo/internal/services/webhook_service.go:73.109,74.27 1 0
github.com/wavlake/monorepo/internal/services/webhook_service.go:75.25,77.59 1 0
github.com/wavlake/monorepo/internal/services/webhook_service.go:77.59,79.4 1 0
github.com/wavlake/monorepo/internal/services/webhook_service.go:80.3,80.51 1 0
github.com/wavlake/monorepo/internal/services/webhook_service.go:82.23,84.59 1 0
github.com/wavlake/monorepo/internal/services/webhook_service.go:84.59,86.4 1 0
github.com/wavlake/monorepo/internal/services/webhook_service.go:87.3,87.51 1 0
github.com/wavlake/monorepo/internal/services/webhook_service.go:89.10,90.75 1 0
github.com/wavlake/monorepo/internal/services/webhook_service.go:95.116,105.2 1 0
github.com/wavlake/monorepo/internal/services/webhook_service.go:108.89,114.21 1 0
github.com/wavlake/monorepo/internal/services/webhook_service.go:114.21,116.3 1 0
github.com/wavlake/monorepo/internal/services/webhook_service.go:118.2,118.12 1 0
github.com/wavlake/monorepo/internal/services/webhook_service.go:122.99,123.18 1 0
github.com/wavlake/monorepo/internal/services/webhook_service.go:123.18,125.3 1 0
github.com/wavlake/monorepo/internal/services/webhook_service.go:128.2,133.63 4 0
github.com/wavlake/monorepo/internal/services/webhook_service.go:133.63,135.3 1 0
github.com/wavlake/monorepo/internal/services/webhook_service.go:137.2,137.12 1 0
github.com/wavlake/monorepo/internal/services/webhook_service.go:142.119,148.44 2 0
github.com/wavlake/monorepo/internal/services/webhook_service.go:148.44,150.3 1 0
github.com/wavlake/monorepo/internal/services/webhook_service.go:152.2,152.52 1 0
github.com/wavlake/monorepo/internal/services/webhook_service.go:152.52,154.3 1 0
github.com/wavlake/monorepo/internal/services/webhook_service.go:156.2,156.63 1 0
github.com/wavlake/monorepo/internal/services/webhook_service.go:159.125,164.2 3 0
github.com/wavlake/monorepo/internal/services/webhook_service.go:166.120,171.2 3 0
github.com/wavlake/monorepo/internal/services/webhook_service.go:173.119,178.2 3 0
github.com/wavlake/monorepo/internal/services/webhook_service.go:180.124,185.2 3 0
github.com/wavlake/monorepo/internal/services/webhook_service.go:187.122,192.2 3 0
